#
# There is insufficient memory for the Java Runtime Environment to continue.
# Native memory allocation (malloc) failed to allocate 71776 bytes. Error detail: Chunk::new
# Possible reasons:
#   The system is out of physical RAM or swap space
#   This process is running with CompressedOops enabled, and the Java Heap may be blocking the growth of the native heap
# Possible solutions:
#   Reduce memory load on the system
#   Increase physical memory or swap space
#   Check if swap backing store is full
#   Decrease Java heap size (-Xmx/-Xms)
#   Decrease number of Java threads
#   Decrease Java thread stack sizes (-Xss)
#   Set larger code cache with -XX:ReservedCodeCacheSize=
#   JVM is running with Unscaled Compressed Oops mode in which the Java heap is
#     placed in the first 4GB address space. The Java Heap base address is the
#     maximum limit for the native heap growth. Please use -XX:HeapBaseMinAddress
#     to set the Java Heap base and to place the Java Heap above 4GB virtual address.
# This output file may be truncated or incomplete.
#
#  Out of Memory Error (arena.cpp:168), pid=13512, tid=2112
#
# JRE version: OpenJDK Runtime Environment Temurin-21.0.8+9 (21.0.8+9) (build 21.0.8+9-LTS)
# Java VM: OpenJDK 64-Bit Server VM Temurin-21.0.8+9 (21.0.8+9-LTS, mixed mode, sharing, tiered, compressed oops, compressed class ptrs, parallel gc, windows-amd64)
# No core dump will be written. Minidumps are not enabled by default on client versions of Windows
#

---------------  S U M M A R Y ------------

Command Line: --add-modules=ALL-SYSTEM --add-opens=java.base/java.util=ALL-UNNAMED --add-opens=java.base/java.lang=ALL-UNNAMED --add-opens=java.base/sun.nio.fs=ALL-UNNAMED -Declipse.application=org.eclipse.jdt.ls.core.id1 -Dosgi.bundles.defaultStartLevel=4 -Declipse.product=org.eclipse.jdt.ls.core.product -Djava.import.generatesMetadataFilesAtProjectRoot=false -DDetectVMInstallationsJob.disabled=true -Dfile.encoding=utf8 -XX:+UseParallelGC -XX:GCTimeRatio=4 -XX:AdaptiveSizePolicyWeight=90 -Dsun.zip.disableMemoryMapping=true -Xmx2G -Xms100m -Xlog:disable -javaagent:c:\Users\marti\.vscode\extensions\redhat.java-1.46.0-win32-x64\lombok\lombok-1.18.39-4050.jar c:\Users\marti\.vscode\extensions\redhat.java-1.46.0-win32-x64\server\plugins\org.eclipse.equinox.launcher_1.7.0.v20250519-0528.jar -configuration c:\Users\marti\AppData\Roaming\Code\User\globalStorage\redhat.java\1.46.0\config_ss_win -data c:\Users\marti\AppData\Roaming\Code\User\workspaceStorage\5fc508f05e11a2d9cf46120c3f9a7b73\redhat.java\ss_ws --pipe=\\.\pipe\lsp-60ed163bd2d394451bbe3acead7abf2e-sock

Host: AMD Ryzen 7 7730U with Radeon Graphics         , 16 cores, 15G,  Windows 11 , 64 bit Build 26100 (10.0.26100.6725)
Time: Thu Oct 23 16:25:25 2025 GMT Daylight Time elapsed time: 3.274091 seconds (0d 0h 0m 3s)

---------------  T H R E A D  ---------------

Current thread (0x00000147feefe220):  JavaThread "C2 CompilerThread0" daemon [_thread_in_native, id=2112, stack(0x000000105f300000,0x000000105f400000) (1024K)]


Current CompileTask:
C2:3274  686       4       java.math.BigInteger::destructiveMulAdd (150 bytes)

Stack: [0x000000105f300000,0x000000105f400000]
Native frames: (J=compiled Java code, j=interpreted, Vv=VM code, C=native code)
V  [jvm.dll+0x6d2449]
V  [jvm.dll+0x8ae341]
V  [jvm.dll+0x8b08be]
V  [jvm.dll+0x8b0fa3]
V  [jvm.dll+0x280c96]
V  [jvm.dll+0xc581d]
V  [jvm.dll+0xc5d53]
V  [jvm.dll+0x2f539d]
V  [jvm.dll+0x5fa00a]
V  [jvm.dll+0x252092]
V  [jvm.dll+0x24ab3f]
V  [jvm.dll+0x2483a4]
V  [jvm.dll+0x1c89ee]
V  [jvm.dll+0x257d4d]
V  [jvm.dll+0x2562ea]
V  [jvm.dll+0x3f2d16]
V  [jvm.dll+0x857e6b]
V  [jvm.dll+0x6d0b0d]
C  [ucrtbase.dll+0x37b0]
C  [KERNEL32.DLL+0x2e8d7]
C  [ntdll.dll+0x8c53c]


---------------  P R O C E S S  ---------------

Threads class SMR info:
_java_thread_list=0x00000147d46b4a40, length=13, elements={
0x00000147f7bdacd0, 0x00000147fd80dfc0, 0x00000147feee4fe0, 0x00000147feeeb810,
0x00000147feeec610, 0x00000147feeee520, 0x00000147feef4980, 0x00000147feefe220,
0x00000147fef23790, 0x00000147ff018100, 0x00000147ff0e67e0, 0x00000147d46b8380,
0x00000147d4704520
}

Java Threads: ( => current thread )
  0x00000147f7bdacd0 JavaThread "main"                              [_thread_blocked, id=9332, stack(0x000000105e900000,0x000000105ea00000) (1024K)]
  0x00000147fd80dfc0 JavaThread "Reference Handler"          daemon [_thread_blocked, id=11492, stack(0x000000105ed00000,0x000000105ee00000) (1024K)]
  0x00000147feee4fe0 JavaThread "Finalizer"                  daemon [_thread_blocked, id=23172, stack(0x000000105ee00000,0x000000105ef00000) (1024K)]
  0x00000147feeeb810 JavaThread "Signal Dispatcher"          daemon [_thread_blocked, id=4884, stack(0x000000105ef00000,0x000000105f000000) (1024K)]
  0x00000147feeec610 JavaThread "Attach Listener"            daemon [_thread_blocked, id=17216, stack(0x000000105f000000,0x000000105f100000) (1024K)]
  0x00000147feeee520 JavaThread "Service Thread"             daemon [_thread_blocked, id=8584, stack(0x000000105f100000,0x000000105f200000) (1024K)]
  0x00000147feef4980 JavaThread "Monitor Deflation Thread"   daemon [_thread_blocked, id=14396, stack(0x000000105f200000,0x000000105f300000) (1024K)]
=>0x00000147feefe220 JavaThread "C2 CompilerThread0"         daemon [_thread_in_native, id=2112, stack(0x000000105f300000,0x000000105f400000) (1024K)]
  0x00000147fef23790 JavaThread "C1 CompilerThread0"         daemon [_thread_blocked, id=1540, stack(0x000000105f400000,0x000000105f500000) (1024K)]
  0x00000147ff018100 JavaThread "Common-Cleaner"             daemon [_thread_blocked, id=14008, stack(0x000000105f600000,0x000000105f700000) (1024K)]
  0x00000147ff0e67e0 JavaThread "C2 CompilerThread1"         daemon [_thread_blocked, id=13940, stack(0x000000105f700000,0x000000105f800000) (1024K)]
  0x00000147d46b8380 JavaThread "Notification Thread"        daemon [_thread_blocked, id=4756, stack(0x000000105fa00000,0x000000105fb00000) (1024K)]
  0x00000147d4704520 JavaThread "C2 CompilerThread2"         daemon [_thread_blocked, id=3300, stack(0x000000105f500000,0x000000105f600000) (1024K)]
Total: 13

Other Threads:
  0x00000147f973e720 VMThread "VM Thread"                           [id=10180, stack(0x000000105ec00000,0x000000105ed00000) (1024K)] _threads_hazard_ptr=0x00000147d46b4a40
  0x00000147fd6eca00 WatcherThread "VM Periodic Task Thread"        [id=22176, stack(0x000000105eb00000,0x000000105ec00000) (1024K)]
  0x00000147f969a900 WorkerThread "GC Thread#0"                     [id=2476, stack(0x000000105ea00000,0x000000105eb00000) (1024K)]
Total: 3

Threads with active compile tasks:
C2 CompilerThread0  3285  686       4       java.math.BigInteger::destructiveMulAdd (150 bytes)
C2 CompilerThread1  3285  674       4       lombok.patcher.scripts.MethodLevelPatchScript::patch (21 bytes)
C2 CompilerThread2  3285  689       4       java.lang.Integer::parseInt (264 bytes)
Total: 3

VM state: synchronizing (normal execution)

VM Mutex/Monitor currently owned by a thread:  ([mutex/lock_event])
[0x00007ffddcde5458] Threads_lock - owner thread: 0x00000147f973e720

Heap address: 0x0000000080000000, size: 2048 MB, Compressed Oops mode: 32-bit

CDS archive(s) mapped at: [0x0000014793000000-0x0000014793ba0000-0x0000014793ba0000), size 12189696, SharedBaseAddress: 0x0000014793000000, ArchiveRelocationMode: 1.
Compressed class space mapped at: 0x0000014794000000-0x00000147d4000000, reserved size: 1073741824
Narrow klass base: 0x0000014793000000, Narrow klass shift: 0, Narrow klass range: 0x100000000

GC Precious Log:
 CardTable entry size: 512
 CPUs: 16 total, 16 available
 Memory: 15772M
 Large Page Support: Disabled
 NUMA Support: Disabled
 Compressed Oops: Enabled (32-bit)
 Alignments: Space 512K, Generation 512K, Heap 2M
 Heap Min Capacity: 100M
 Heap Initial Capacity: 100M
 Heap Max Capacity: 2G
 Pre-touch: Disabled
 Parallel Workers: 13

Heap:
 PSYoungGen      total 29696K, used 14359K [0x00000000d5580000, 0x00000000d7680000, 0x0000000100000000)
  eden space 25600K, 56% used [0x00000000d5580000,0x00000000d6385dc8,0x00000000d6e80000)
  from space 4096K, 0% used [0x00000000d7280000,0x00000000d7280000,0x00000000d7680000)
  to   space 4096K, 0% used [0x00000000d6e80000,0x00000000d6e80000,0x00000000d7280000)
 ParOldGen       total 68608K, used 0K [0x0000000080000000, 0x0000000084300000, 0x00000000d5580000)
  object space 68608K, 0% used [0x0000000080000000,0x0000000080000000,0x0000000084300000)
 Metaspace       used 2226K, committed 2432K, reserved 1114112K
  class space    used 220K, committed 320K, reserved 1048576K

Card table byte_map: [0x00000147fcb50000,0x00000147fcf60000] _byte_map_base: 0x00000147fc750000

Marking Bits: (ParMarkBitMap*) 0x00007ffddcdea340
 Begin Bits: [0x000001478f000000, 0x0000014791000000)
 End Bits:   [0x0000014791000000, 0x0000014793000000)

Polling page: 0x00000147f7e70000

Metaspace:

Usage:
  Non-class:      1.96 MB used.
      Class:    220.14 KB used.
       Both:      2.17 MB used.

Virtual space:
  Non-class space:       64.00 MB reserved,       2.06 MB (  3%) committed,  1 nodes.
      Class space:        1.00 GB reserved,     320.00 KB ( <1%) committed,  1 nodes.
             Both:        1.06 GB reserved,       2.38 MB ( <1%) committed. 

Chunk freelists:
   Non-Class:  11.65 MB
       Class:  15.67 MB
        Both:  27.32 MB

MaxMetaspaceSize: unlimited
CompressedClassSpaceSize: 1.00 GB
Initial GC threshold: 21.00 MB
Current GC threshold: 21.00 MB
CDS: on
 - commit_granule_bytes: 65536.
 - commit_granule_words: 8192.
 - virtual_space_node_default_size: 8388608.
 - enlarge_chunks_in_place: 1.
 - use_allocation_guard: 0.


Internal statistics:

num_allocs_failed_limit: 0.
num_arena_births: 80.
num_arena_deaths: 0.
num_vsnodes_births: 2.
num_vsnodes_deaths: 0.
num_space_committed: 38.
num_space_uncommitted: 0.
num_chunks_returned_to_freelist: 0.
num_chunks_taken_from_freelist: 102.
num_chunk_merges: 0.
num_chunk_splits: 72.
num_chunks_enlarged: 46.
num_inconsistent_stats: 0.

CodeHeap 'non-profiled nmethods': size=119168Kb used=228Kb max_used=228Kb free=118939Kb
 bounds [0x0000014787ba0000, 0x0000014787e10000, 0x000001478f000000]
CodeHeap 'profiled nmethods': size=119104Kb used=1051Kb max_used=1051Kb free=118052Kb
 bounds [0x0000014780000000, 0x0000014780270000, 0x0000014787450000]
CodeHeap 'non-nmethods': size=7488Kb used=1174Kb max_used=2892Kb free=6314Kb
 bounds [0x0000014787450000, 0x0000014787730000, 0x0000014787ba0000]
CodeCache: size=245760Kb, used=2453Kb, max_used=4171Kb, free=243305Kb
 total_blobs=1113, nmethods=686, adapters=334, full_count=0
Compilation: enabled, stopped_count=0, restarted_count=0

Compilation events (20 events):
Event: 1.259 Thread 0x00000147fef23790 nmethod 680 0x0000014780101210 code [0x00000147801013e0, 0x0000014780101758]
Event: 1.259 Thread 0x00000147fef23790  683       3       java.io.ByteArrayOutputStream::ensureCapacity (32 bytes)
Event: 1.259 Thread 0x00000147fef23790 nmethod 683 0x0000014780101910 code [0x0000014780101ae0, 0x0000014780101e38]
Event: 1.259 Thread 0x00000147fef23790  682       3       java.lang.instrument.ClassFileTransformer::transform (15 bytes)
Event: 1.259 Thread 0x00000147fef23790 nmethod 682 0x0000014780101f90 code [0x0000014780102140, 0x00000147801022e8]
Event: 1.259 Thread 0x00000147fef23790  684       3       java.math.BigInteger::<init> (404 bytes)
Event: 1.260 Thread 0x00000147feefe220 nmethod 676 0x0000014787bd8a10 code [0x0000014787bd8ba0, 0x0000014787bd8d50]
Event: 1.260 Thread 0x00000147feefe220  686       4       java.math.BigInteger::destructiveMulAdd (150 bytes)
Event: 1.261 Thread 0x00000147fef23790 nmethod 684 0x0000014780102410 code [0x00000147801028e0, 0x0000014780104938]
Event: 1.261 Thread 0x00000147fef23790  685       3       java.math.BigInteger::getInt (63 bytes)
Event: 1.261 Thread 0x00000147d4704520  689       4       java.lang.Integer::parseInt (264 bytes)
Event: 1.261 Thread 0x00000147fef23790 nmethod 685 0x0000014780105790 code [0x0000014780105980, 0x0000014780105d48]
Event: 1.261 Thread 0x00000147fef23790  688       3       sun.security.util.CurveDB::bi (11 bytes)
Event: 1.261 Thread 0x00000147fef23790 nmethod 688 0x0000014780105e90 code [0x0000014780106040, 0x0000014780106200]
Event: 1.261 Thread 0x00000147fef23790  692  s    3       java.io.ByteArrayOutputStream::write (32 bytes)
Event: 1.261 Thread 0x00000147fef23790 nmethod 692 0x0000014780106290 code [0x0000014780106440, 0x0000014780106690]
Event: 1.261 Thread 0x00000147fef23790  693       3       java.util.LinkedHashMap::linkNodeAtEnd (76 bytes)
Event: 1.261 Thread 0x00000147fef23790 nmethod 693 0x0000014780106790 code [0x0000014780106940, 0x0000014780106c50]
Event: 1.261 Thread 0x00000147fef23790  694       1       java.math.BigInteger::signum (5 bytes)
Event: 1.261 Thread 0x00000147fef23790 nmethod 694 0x0000014787bd8e90 code [0x0000014787bd9020, 0x0000014787bd90e8]

GC Heap History (0 events):
No events

Dll operation events (8 events):
Event: 0.007 Loaded shared library c:\Users\marti\.vscode\extensions\redhat.java-1.46.0-win32-x64\jre\21.0.8-win32-x86_64\bin\java.dll
Event: 0.053 Loaded shared library c:\Users\marti\.vscode\extensions\redhat.java-1.46.0-win32-x64\jre\21.0.8-win32-x86_64\bin\zip.dll
Event: 0.066 Loaded shared library C:\Users\marti\.vscode\extensions\redhat.java-1.46.0-win32-x64\jre\21.0.8-win32-x86_64\bin\instrument.dll
Event: 0.069 Loaded shared library C:\Users\marti\.vscode\extensions\redhat.java-1.46.0-win32-x64\jre\21.0.8-win32-x86_64\bin\net.dll
Event: 0.071 Loaded shared library C:\Users\marti\.vscode\extensions\redhat.java-1.46.0-win32-x64\jre\21.0.8-win32-x86_64\bin\nio.dll
Event: 0.073 Loaded shared library C:\Users\marti\.vscode\extensions\redhat.java-1.46.0-win32-x64\jre\21.0.8-win32-x86_64\bin\zip.dll
Event: 0.084 Loaded shared library C:\Users\marti\.vscode\extensions\redhat.java-1.46.0-win32-x64\jre\21.0.8-win32-x86_64\bin\jimage.dll
Event: 0.132 Loaded shared library c:\Users\marti\.vscode\extensions\redhat.java-1.46.0-win32-x64\jre\21.0.8-win32-x86_64\bin\verify.dll

Deoptimization events (20 events):
Event: 0.191 Thread 0x00000147f7bdacd0 DEOPT PACKING pc=0x000001478003d158 sp=0x000000105e9fa3f0
Event: 0.191 Thread 0x00000147f7bdacd0 DEOPT UNPACKING pc=0x00000147874a4242 sp=0x000000105e9f98b0 mode 0
Event: 0.192 Thread 0x00000147f7bdacd0 DEOPT PACKING pc=0x000001478003d158 sp=0x000000105e9f9ff0
Event: 0.192 Thread 0x00000147f7bdacd0 DEOPT UNPACKING pc=0x00000147874a4242 sp=0x000000105e9f94b0 mode 0
Event: 0.192 Thread 0x00000147f7bdacd0 DEOPT PACKING pc=0x000001478003d158 sp=0x000000105e9f93c0
Event: 0.192 Thread 0x00000147f7bdacd0 DEOPT UNPACKING pc=0x00000147874a4242 sp=0x000000105e9f8880 mode 0
Event: 0.195 Thread 0x00000147f7bdacd0 DEOPT PACKING pc=0x000001478003d07f sp=0x000000105e9faa10
Event: 0.195 Thread 0x00000147f7bdacd0 DEOPT UNPACKING pc=0x00000147874a4242 sp=0x000000105e9f9ec0 mode 0
Event: 0.195 Thread 0x00000147f7bdacd0 DEOPT PACKING pc=0x000001478003d158 sp=0x000000105e9fae00
Event: 0.195 Thread 0x00000147f7bdacd0 DEOPT UNPACKING pc=0x00000147874a4242 sp=0x000000105e9fa2c0 mode 0
Event: 0.196 Thread 0x00000147f7bdacd0 DEOPT PACKING pc=0x000001478003d158 sp=0x000000105e9fc220
Event: 0.196 Thread 0x00000147f7bdacd0 DEOPT UNPACKING pc=0x00000147874a4242 sp=0x000000105e9fb6e0 mode 0
Event: 0.226 Thread 0x00000147f7bdacd0 Uncommon trap: trap_request=0xffffff45 fr.pc=0x0000014787bcf36c relative=0x000000000000014c
Event: 0.226 Thread 0x00000147f7bdacd0 Uncommon trap: reason=unstable_if action=reinterpret pc=0x0000014787bcf36c method=jdk.internal.util.ArraysSupport.vectorizedHashCode(Ljava/lang/Object;IIII)I @ 2 c2
Event: 0.226 Thread 0x00000147f7bdacd0 DEOPT PACKING pc=0x0000014787bcf36c sp=0x000000105e9fc8f0
Event: 0.226 Thread 0x00000147f7bdacd0 DEOPT UNPACKING pc=0x00000147874a3aa2 sp=0x000000105e9fc8a0 mode 2
Event: 0.230 Thread 0x00000147f7bdacd0 Uncommon trap: trap_request=0xffffff45 fr.pc=0x0000014787bc2874 relative=0x00000000000000d4
Event: 0.230 Thread 0x00000147f7bdacd0 Uncommon trap: reason=unstable_if action=reinterpret pc=0x0000014787bc2874 method=java.net.URI.match(CJJ)Z @ 45 c2
Event: 0.230 Thread 0x00000147f7bdacd0 DEOPT PACKING pc=0x0000014787bc2874 sp=0x000000105e9fcb90
Event: 0.230 Thread 0x00000147f7bdacd0 DEOPT UNPACKING pc=0x00000147874a3aa2 sp=0x000000105e9fcaf8 mode 2

Classes loaded (20 events):
Event: 0.233 Loading class sun/security/util/AbstractAlgorithmConstraints$1 done
Event: 0.234 Loading class sun/security/util/DisabledAlgorithmConstraints$Constraints
Event: 0.234 Loading class sun/security/util/DisabledAlgorithmConstraints$Constraints done
Event: 0.234 Loading class sun/security/util/CurveDB
Event: 1.256 Loading class sun/security/util/CurveDB done
Event: 1.256 Loading class java/security/spec/ECFieldFp
Event: 1.257 Loading class java/security/spec/ECField
Event: 1.257 Loading class java/security/spec/ECField done
Event: 1.257 Loading class java/security/spec/ECFieldFp done
Event: 1.257 Loading class java/security/spec/EllipticCurve
Event: 1.257 Loading class java/security/spec/EllipticCurve done
Event: 1.257 Loading class java/security/spec/ECPoint
Event: 1.257 Loading class java/security/spec/ECPoint done
Event: 1.257 Loading class sun/security/util/NamedCurve
Event: 1.257 Loading class java/security/spec/ECParameterSpec
Event: 1.257 Loading class java/security/spec/ECParameterSpec done
Event: 1.257 Loading class sun/security/util/NamedCurve done
Event: 1.258 Loading class java/security/spec/ECFieldF2m
Event: 1.258 Loading class java/security/spec/ECFieldF2m done
Event: 1.261 Loading class java/util/LinkedHashMap$LinkedValues

Classes unloaded (0 events):
No events

Classes redefined (0 events):
No events

Internal exceptions (12 events):
Event: 0.050 Thread 0x00000147f7bdacd0 Exception <a 'java/lang/NoSuchMethodError'{0x00000000d582ad78}: 'void java.lang.invoke.DirectMethodHandle$Holder.invokeStatic(java.lang.Object, java.lang.Object, java.lang.Object)'> (0x00000000d582ad78) 
thrown [s\src\hotspot\share\interpreter\linkResolver.cpp, line 773]
Event: 0.080 Thread 0x00000147f7bdacd0 Exception <a 'java/lang/NoSuchMethodError'{0x00000000d5992e58}: 'java.lang.Object java.lang.invoke.Invokers$Holder.invokeExact_MT(java.lang.Object, java.lang.Object, java.lang.Object, java.lang.Object, java.lang.Object)'> (0x00000000d5992e58) 
thrown [s\src\hotspot\share\interpreter\linkResolver.cpp, line 773]
Event: 0.104 Thread 0x00000147f7bdacd0 Exception <a 'java/lang/NoSuchMethodError'{0x00000000d5acc3e0}: 'int java.lang.invoke.DirectMethodHandle$Holder.invokeSpecial(java.lang.Object, java.lang.Object, java.lang.Object, int)'> (0x00000000d5acc3e0) 
thrown [s\src\hotspot\share\interpreter\linkResolver.cpp, line 773]
Event: 0.106 Thread 0x00000147f7bdacd0 Exception <a 'java/lang/NoSuchMethodError'{0x00000000d5adedc8}: 'java.lang.Object java.lang.invoke.DirectMethodHandle$Holder.invokeStatic(java.lang.Object, java.lang.Object, java.lang.Object, java.lang.Object, int)'> (0x00000000d5adedc8) 
thrown [s\src\hotspot\share\interpreter\linkResolver.cpp, line 773]
Event: 0.107 Thread 0x00000147f7bdacd0 Exception <a 'java/lang/NoSuchMethodError'{0x00000000d5aea270}: 'void java.lang.invoke.DelegatingMethodHandle$Holder.reinvoke_L(java.lang.Object, java.lang.Object, java.lang.Object, int, java.lang.Object)'> (0x00000000d5aea270) 
thrown [s\src\hotspot\share\interpreter\linkResolver.cpp, line 773]
Event: 0.110 Thread 0x00000147f7bdacd0 Exception <a 'java/lang/NoSuchMethodError'{0x00000000d5afabc0}: 'int java.lang.invoke.DirectMethodHandle$Holder.invokeSpecial(java.lang.Object, java.lang.Object, java.lang.Object)'> (0x00000000d5afabc0) 
thrown [s\src\hotspot\share\interpreter\linkResolver.cpp, line 773]
Event: 0.111 Thread 0x00000147f7bdacd0 Exception <a 'java/lang/NoSuchMethodError'{0x00000000d5b06880}: 'java.lang.Object java.lang.invoke.DirectMethodHandle$Holder.invokeStatic(java.lang.Object, java.lang.Object, int)'> (0x00000000d5b06880) 
thrown [s\src\hotspot\share\interpreter\linkResolver.cpp, line 773]
Event: 0.111 Thread 0x00000147f7bdacd0 Exception <a 'java/lang/NoSuchMethodError'{0x00000000d5b0b1d0}: 'void java.lang.invoke.DirectMethodHandle$Holder.invokeStatic(java.lang.Object, java.lang.Object, int, java.lang.Object)'> (0x00000000d5b0b1d0) 
thrown [s\src\hotspot\share\interpreter\linkResolver.cpp, line 773]
Event: 0.111 Thread 0x00000147f7bdacd0 Exception <a 'java/lang/NoSuchMethodError'{0x00000000d5b0ed60}: 'void java.lang.invoke.DirectMethodHandle$Holder.invokeSpecial(java.lang.Object, java.lang.Object, java.lang.Object, int, java.lang.Object)'> (0x00000000d5b0ed60) 
thrown [s\src\hotspot\share\interpreter\linkResolver.cpp, line 773]
Event: 0.111 Thread 0x00000147f7bdacd0 Exception <a 'java/lang/NoSuchMethodError'{0x00000000d5b92460}: 'void java.lang.invoke.DelegatingMethodHandle$Holder.delegate(java.lang.Object, java.lang.Object, int, java.lang.Object)'> (0x00000000d5b92460) 
thrown [s\src\hotspot\share\interpreter\linkResolver.cpp, line 773]
Event: 0.146 Thread 0x00000147f7bdacd0 Exception <a 'java/lang/NoSuchMethodError'{0x00000000d5d532c0}: 'void java.lang.invoke.DelegatingMethodHandle$Holder.reinvoke_L(java.lang.Object, java.lang.Object, java.lang.Object, int)'> (0x00000000d5d532c0) 
thrown [s\src\hotspot\share\interpreter\linkResolver.cpp, line 773]
Event: 0.223 Thread 0x00000147f7bdacd0 Exception <a 'java/lang/NoSuchMethodError'{0x00000000d61dea58}: 'void java.lang.invoke.DirectMethodHandle$Holder.invokeVirtual(java.lang.Object, java.lang.Object)'> (0x00000000d61dea58) 
thrown [s\src\hotspot\share\interpreter\linkResolver.cpp, line 773]

ZGC Phase Switch (0 events):
No events

VM Operations (7 events):
Event: 0.052 Executing VM operation: HandshakeAllThreads (Deoptimize)
Event: 0.052 Executing VM operation: HandshakeAllThreads (Deoptimize) done
Event: 0.092 Executing VM operation: HandshakeAllThreads (Deoptimize)
Event: 0.092 Executing VM operation: HandshakeAllThreads (Deoptimize) done
Event: 1.101 Executing VM operation: Cleanup
Event: 1.256 Executing VM operation: Cleanup done
Event: 2.267 Executing VM operation: Cleanup

Memory protections (0 events):
No events

Nmethod flushes (0 events):
No events

Events (19 events):
Event: 0.023 Thread 0x00000147f7bdacd0 Thread added: 0x00000147f7bdacd0
Event: 0.032 Thread 0x00000147f7bdacd0 Thread added: 0x00000147fd80dfc0
Event: 0.032 Thread 0x00000147f7bdacd0 Thread added: 0x00000147feee4fe0
Event: 0.032 Thread 0x00000147f7bdacd0 Thread added: 0x00000147feeeb810
Event: 0.032 Thread 0x00000147f7bdacd0 Thread added: 0x00000147feeec610
Event: 0.033 Thread 0x00000147f7bdacd0 Thread added: 0x00000147feeee520
Event: 0.033 Thread 0x00000147f7bdacd0 Thread added: 0x00000147feef4980
Event: 0.033 Thread 0x00000147f7bdacd0 Thread added: 0x00000147feefe220
Event: 0.033 Thread 0x00000147f7bdacd0 Thread added: 0x00000147fef23790
Event: 0.037 Thread 0x00000147fef23790 Thread added: 0x00000147fefe47f0
Event: 0.046 Thread 0x00000147f7bdacd0 Thread added: 0x00000147ff018100
Event: 0.057 Thread 0x00000147feefe220 Thread added: 0x00000147ff0e67e0
Event: 0.089 Thread 0x00000147fef23790 Thread added: 0x00000147ff1d6b00
Event: 0.089 Thread 0x00000147fef23790 Thread added: 0x00000147ff1d11b0
Event: 0.186 Thread 0x00000147f7bdacd0 Thread added: 0x00000147d46b8380
Event: 1.256 Thread 0x00000147ff1d11b0 Thread exited: 0x00000147ff1d11b0
Event: 1.258 Thread 0x00000147ff1d6b00 Thread exited: 0x00000147ff1d6b00
Event: 1.258 Thread 0x00000147fefe47f0 Thread exited: 0x00000147fefe47f0
Event: 1.261 Thread 0x00000147fef23790 Thread added: 0x00000147d4704520


Dynamic libraries:
0x00007ff731010000 - 0x00007ff73101e000 	c:\Users\marti\.vscode\extensions\redhat.java-1.46.0-win32-x64\jre\21.0.8-win32-x86_64\bin\java.exe
0x00007ffe852a0000 - 0x00007ffe85508000 	C:\WINDOWS\SYSTEM32\ntdll.dll
0x00007ffe838f0000 - 0x00007ffe839b9000 	C:\WINDOWS\System32\KERNEL32.DLL
0x00007ffe827b0000 - 0x00007ffe82ba2000 	C:\WINDOWS\System32\KERNELBASE.dll
0x00007ffe82660000 - 0x00007ffe827ab000 	C:\WINDOWS\System32\ucrtbase.dll
0x00007ffe5fa60000 - 0x00007ffe5fa7e000 	c:\Users\marti\.vscode\extensions\redhat.java-1.46.0-win32-x64\jre\21.0.8-win32-x86_64\bin\VCRUNTIME140.dll
0x00007ffe59af0000 - 0x00007ffe59b08000 	c:\Users\marti\.vscode\extensions\redhat.java-1.46.0-win32-x64\jre\21.0.8-win32-x86_64\bin\jli.dll
0x00007ffe83b30000 - 0x00007ffe83cf5000 	C:\WINDOWS\System32\USER32.dll
0x00007ffe6cff0000 - 0x00007ffe6d283000 	C:\WINDOWS\WinSxS\amd64_microsoft.windows.common-controls_6595b64144ccf1df_6.0.26100.6899_none_3e0efeeae32e88c1\COMCTL32.dll
0x00007ffe82430000 - 0x00007ffe82457000 	C:\WINDOWS\System32\win32u.dll
0x00007ffe85230000 - 0x00007ffe8525b000 	C:\WINDOWS\System32\GDI32.dll
0x00007ffe836c0000 - 0x00007ffe83769000 	C:\WINDOWS\System32\msvcrt.dll
0x00007ffe82c50000 - 0x00007ffe82d7d000 	C:\WINDOWS\System32\gdi32full.dll
0x00007ffe825b0000 - 0x00007ffe82653000 	C:\WINDOWS\System32\msvcp_win.dll
0x00007ffe84220000 - 0x00007ffe8424f000 	C:\WINDOWS\System32\IMM32.DLL
0x00007ffe73510000 - 0x00007ffe7351c000 	c:\Users\marti\.vscode\extensions\redhat.java-1.46.0-win32-x64\jre\21.0.8-win32-x86_64\bin\vcruntime140_1.dll
0x00007ffdef4f0000 - 0x00007ffdef57d000 	c:\Users\marti\.vscode\extensions\redhat.java-1.46.0-win32-x64\jre\21.0.8-win32-x86_64\bin\msvcp140.dll
0x00007ffddc130000 - 0x00007ffddcec7000 	c:\Users\marti\.vscode\extensions\redhat.java-1.46.0-win32-x64\jre\21.0.8-win32-x86_64\bin\server\jvm.dll
0x00007ffe83ec0000 - 0x00007ffe83f74000 	C:\WINDOWS\System32\ADVAPI32.dll
0x00007ffe83e10000 - 0x00007ffe83eb6000 	C:\WINDOWS\System32\sechost.dll
0x00007ffe84000000 - 0x00007ffe84118000 	C:\WINDOWS\System32\RPCRT4.dll
0x00007ffe83f80000 - 0x00007ffe83ff4000 	C:\WINDOWS\System32\WS2_32.dll
0x00007ffe82290000 - 0x00007ffe822ee000 	C:\WINDOWS\SYSTEM32\POWRPROF.dll
0x00007ffe7b2f0000 - 0x00007ffe7b2fb000 	C:\WINDOWS\SYSTEM32\VERSION.dll
0x00007ffe7b2b0000 - 0x00007ffe7b2e5000 	C:\WINDOWS\SYSTEM32\WINMM.dll
0x00007ffe82270000 - 0x00007ffe82284000 	C:\WINDOWS\SYSTEM32\UMPDC.dll
0x00007ffe811c0000 - 0x00007ffe811db000 	C:\WINDOWS\SYSTEM32\kernel.appcore.dll
0x00007ffe72270000 - 0x00007ffe7227a000 	c:\Users\marti\.vscode\extensions\redhat.java-1.46.0-win32-x64\jre\21.0.8-win32-x86_64\bin\jimage.dll
0x00007ffe7fc10000 - 0x00007ffe7fe52000 	C:\WINDOWS\SYSTEM32\DBGHELP.DLL
0x00007ffe84c30000 - 0x00007ffe84fab000 	C:\WINDOWS\System32\combase.dll
0x00007ffe85150000 - 0x00007ffe85227000 	C:\WINDOWS\System32\OLEAUT32.dll
0x00007ffe6d4b0000 - 0x00007ffe6d4ec000 	C:\WINDOWS\SYSTEM32\dbgcore.DLL
0x00007ffe82bb0000 - 0x00007ffe82c48000 	C:\WINDOWS\System32\bcryptPrimitives.dll
0x00007ffe6f3a0000 - 0x00007ffe6f3af000 	c:\Users\marti\.vscode\extensions\redhat.java-1.46.0-win32-x64\jre\21.0.8-win32-x86_64\bin\instrument.dll
0x00007ffe53780000 - 0x00007ffe5379f000 	c:\Users\marti\.vscode\extensions\redhat.java-1.46.0-win32-x64\jre\21.0.8-win32-x86_64\bin\java.dll
0x00007ffe844e0000 - 0x00007ffe84c2d000 	C:\WINDOWS\System32\SHELL32.dll
0x00007ffe82d80000 - 0x00007ffe82eeb000 	C:\WINDOWS\System32\wintypes.dll
0x00007ffe80040000 - 0x00007ffe8089d000 	C:\WINDOWS\SYSTEM32\windows.storage.dll
0x00007ffe83d10000 - 0x00007ffe83e02000 	C:\WINDOWS\System32\SHCORE.dll
0x00007ffe83070000 - 0x00007ffe830d2000 	C:\WINDOWS\System32\shlwapi.dll
0x00007ffe82350000 - 0x00007ffe82379000 	C:\WINDOWS\SYSTEM32\profapi.dll
0x00007ffe4b920000 - 0x00007ffe4b938000 	c:\Users\marti\.vscode\extensions\redhat.java-1.46.0-win32-x64\jre\21.0.8-win32-x86_64\bin\zip.dll
0x00007ffe6f420000 - 0x00007ffe6f430000 	C:\Users\marti\.vscode\extensions\redhat.java-1.46.0-win32-x64\jre\21.0.8-win32-x86_64\bin\net.dll
0x00007ffe7c8e0000 - 0x00007ffe7c9ff000 	C:\WINDOWS\SYSTEM32\WINHTTP.dll
0x00007ffe81710000 - 0x00007ffe8177b000 	C:\WINDOWS\system32\mswsock.dll
0x00007ffe4b210000 - 0x00007ffe4b226000 	C:\Users\marti\.vscode\extensions\redhat.java-1.46.0-win32-x64\jre\21.0.8-win32-x86_64\bin\nio.dll
0x00007ffe683c0000 - 0x00007ffe683d0000 	c:\Users\marti\.vscode\extensions\redhat.java-1.46.0-win32-x64\jre\21.0.8-win32-x86_64\bin\verify.dll

JVMTI agents:
c:\Users\marti\.vscode\extensions\redhat.java-1.46.0-win32-x64\lombok\lombok-1.18.39-4050.jar path:c:\Users\marti\.vscode\extensions\redhat.java-1.46.0-win32-x64\jre\21.0.8-win32-x86_64\bin\instrument.dll, loaded, initialized, instrumentlib options:none

dbghelp: loaded successfully - version: 4.0.5 - missing functions: none
symbol engine: initialized successfully - sym options: 0x614 - pdb path: .;c:\Users\marti\.vscode\extensions\redhat.java-1.46.0-win32-x64\jre\21.0.8-win32-x86_64\bin;C:\WINDOWS\SYSTEM32;C:\WINDOWS\WinSxS\amd64_microsoft.windows.common-controls_6595b64144ccf1df_6.0.26100.6899_none_3e0efeeae32e88c1;c:\Users\marti\.vscode\extensions\redhat.java-1.46.0-win32-x64\jre\21.0.8-win32-x86_64\bin\server

VM Arguments:
jvm_args: --add-modules=ALL-SYSTEM --add-opens=java.base/java.util=ALL-UNNAMED --add-opens=java.base/java.lang=ALL-UNNAMED --add-opens=java.base/sun.nio.fs=ALL-UNNAMED -Declipse.application=org.eclipse.jdt.ls.core.id1 -Dosgi.bundles.defaultStartLevel=4 -Declipse.product=org.eclipse.jdt.ls.core.product -Djava.import.generatesMetadataFilesAtProjectRoot=false -DDetectVMInstallationsJob.disabled=true -Dfile.encoding=utf8 -XX:+UseParallelGC -XX:GCTimeRatio=4 -XX:AdaptiveSizePolicyWeight=90 -Dsun.zip.disableMemoryMapping=true -Xmx2G -Xms100m -Xlog:disable -javaagent:c:\Users\marti\.vscode\extensions\redhat.java-1.46.0-win32-x64\lombok\lombok-1.18.39-4050.jar 
java_command: c:\Users\marti\.vscode\extensions\redhat.java-1.46.0-win32-x64\server\plugins\org.eclipse.equinox.launcher_1.7.0.v20250519-0528.jar -configuration c:\Users\marti\AppData\Roaming\Code\User\globalStorage\redhat.java\1.46.0\config_ss_win -data c:\Users\marti\AppData\Roaming\Code\User\workspaceStorage\5fc508f05e11a2d9cf46120c3f9a7b73\redhat.java\ss_ws --pipe=\\.\pipe\lsp-60ed163bd2d394451bbe3acead7abf2e-sock
java_class_path (initial): c:\Users\marti\.vscode\extensions\redhat.java-1.46.0-win32-x64\server\plugins\org.eclipse.equinox.launcher_1.7.0.v20250519-0528.jar
Launcher Type: SUN_STANDARD

[Global flags]
    uintx AdaptiveSizePolicyWeight                 = 90                                        {product} {command line}
     intx CICompilerCount                          = 12                                        {product} {ergonomic}
    uintx GCTimeRatio                              = 4                                         {product} {command line}
   size_t InitialHeapSize                          = 104857600                                 {product} {command line}
   size_t MaxHeapSize                              = 2147483648                                {product} {command line}
   size_t MaxNewSize                               = 715653120                                 {product} {ergonomic}
   size_t MinHeapDeltaBytes                        = 524288                                    {product} {ergonomic}
   size_t MinHeapSize                              = 104857600                                 {product} {command line}
   size_t NewSize                                  = 34603008                                  {product} {ergonomic}
    uintx NonNMethodCodeHeapSize                   = 7602480                                {pd product} {ergonomic}
    uintx NonProfiledCodeHeapSize                  = 122027880                              {pd product} {ergonomic}
   size_t OldSize                                  = 70254592                                  {product} {ergonomic}
    uintx ProfiledCodeHeapSize                     = 122027880                              {pd product} {ergonomic}
    uintx ReservedCodeCacheSize                    = 251658240                              {pd product} {ergonomic}
     bool SegmentedCodeCache                       = true                                      {product} {ergonomic}
   size_t SoftMaxHeapSize                          = 2147483648                             {manageable} {ergonomic}
     bool UseCompressedOops                        = true                           {product lp64_product} {ergonomic}
     bool UseLargePagesIndividualAllocation        = false                                  {pd product} {ergonomic}
     bool UseParallelGC                            = true                                      {product} {command line}

Logging:
Log output configuration:
 #0: stdout all=off uptime,level,tags foldmultilines=false
 #1: stderr all=off uptime,level,tags foldmultilines=false

Environment Variables:
PATH=C:\Program Files\Common Files\Oracle\Java\javapath;C:\WINDOWS\system32;C:\WINDOWS;C:\WINDOWS\System32\Wbem;C:\WINDOWS\System32\WindowsPowerShell\v1.0\;C:\WINDOWS\System32\OpenSSH\;C:\Program Files\Git\cmd;C:\Program Files\Microsoft SQL Server\150\Tools\Binn\;C:\Program Files\nodejs\;C:\wamp64\bin\php\php8.4.13;C:\ProgramData\ComposerSetup\bin;C:\Program Files\Cloudflare\Cloudflare WARP\;C:\Program Files\Microsoft SQL Server\Client SDK\ODBC\170\Tools\Binn\;C:\Program Files\dotnet\;C:\Users\marti\AppData\Local\Programs\Python\Python313\Scripts\;C:\Users\marti\AppData\Local\Programs\Python\Python313\;C:\Users\marti\AppData\Local\Programs\Python\Launcher\;C:\Users\marti\AppData\Local\Microsoft\WindowsApps;C:\Users\marti\AppData\Local\Programs\Microsoft VS Code\bin;C:\msys64\ucrt64\bin;C:\Program Files\JetBrains\CLion 2024.3\bin;C:\Users\marti\AppData\Local\GitHubDesktop\bin;C:\Users\marti\.dotnet\tools;C:\Users\marti\AppData\Roaming\npm;C:\Users\marti\AppData\Local\Microsoft\WinGet\Links;C:\Users\marti\AppData\Roaming\Composer\vendor\bin;C:\Users\marti\AppData\Local\gitkraken\bin;C:\Users\marti\.dotnet\tools;
USERNAME=marti
OS=Windows_NT
PROCESSOR_IDENTIFIER=AMD64 Family 25 Model 80 Stepping 0, AuthenticAMD
TMP=C:\Users\marti\AppData\Local\Temp
TEMP=C:\Users\marti\AppData\Local\Temp




Periodic native trim disabled

---------------  S Y S T E M  ---------------

OS:
 Windows 11 , 64 bit Build 26100 (10.0.26100.6725)
OS uptime: 0 days 1:46 hours
Hyper-V role detected

CPU: total 16 (initial active 16) (16 cores per cpu, 2 threads per core) family 25 model 80 stepping 0 microcode 0xa500011, cx8, cmov, fxsr, ht, mmx, 3dnowpref, sse, sse2, sse3, ssse3, sse4a, sse4.1, sse4.2, popcnt, lzcnt, tsc, tscinvbit, avx, avx2, aes, erms, clmul, bmi1, bmi2, adx, sha, fma, vzeroupper, clflush, clflushopt, hv, rdtscp, rdpid, fsrm, f16c, cet_ss
Processor Information for the first 16 processors :
  Max Mhz: 2000, Current Mhz: 2000, Mhz Limit: 2000

Memory: 4k page, system-wide physical 15772M (6215M free)
TotalPageFile size 15772M (AvailPageFile size 8M)
current process WorkingSet (physical memory assigned to process): 55M, peak: 55M
current process commit charge ("private bytes"): 243M, peak: 243M

vm_info: OpenJDK 64-Bit Server VM (21.0.8+9-LTS) for windows-amd64 JRE (21.0.8+9-LTS), built on 2025-07-15T00:00:00Z by "admin" with MS VC++ 17.7 (VS2022)

END.
