#
# There is insufficient memory for the Java Runtime Environment to continue.
# Native memory allocation (malloc) failed to allocate 1620176 bytes. Error detail: Chunk::new
# Possible reasons:
#   The system is out of physical RAM or swap space
#   This process is running with CompressedOops enabled, and the Java Heap may be blocking the growth of the native heap
# Possible solutions:
#   Reduce memory load on the system
#   Increase physical memory or swap space
#   Check if swap backing store is full
#   Decrease Java heap size (-Xmx/-Xms)
#   Decrease number of Java threads
#   Decrease Java thread stack sizes (-Xss)
#   Set larger code cache with -XX:ReservedCodeCacheSize=
#   JVM is running with Unscaled Compressed Oops mode in which the Java heap is
#     placed in the first 4GB address space. The Java Heap base address is the
#     maximum limit for the native heap growth. Please use -XX:HeapBaseMinAddress
#     to set the Java Heap base and to place the Java Heap above 4GB virtual address.
# This output file may be truncated or incomplete.
#
#  Out of Memory Error (arena.cpp:168), pid=6676, tid=12156
#
# JRE version: OpenJDK Runtime Environment Temurin-21.0.8+9 (21.0.8+9) (build 21.0.8+9-LTS)
# Java VM: OpenJDK 64-Bit Server VM Temurin-21.0.8+9 (21.0.8+9-LTS, mixed mode, sharing, tiered, compressed oops, compressed class ptrs, parallel gc, windows-amd64)
# No core dump will be written. Minidumps are not enabled by default on client versions of Windows
#

---------------  S U M M A R Y ------------

Command Line: --add-modules=ALL-SYSTEM --add-opens=java.base/java.util=ALL-UNNAMED --add-opens=java.base/java.lang=ALL-UNNAMED --add-opens=java.base/sun.nio.fs=ALL-UNNAMED -Declipse.application=org.eclipse.jdt.ls.core.id1 -Dosgi.bundles.defaultStartLevel=4 -Declipse.product=org.eclipse.jdt.ls.core.product -Djava.import.generatesMetadataFilesAtProjectRoot=false -DDetectVMInstallationsJob.disabled=true -Dfile.encoding=utf8 -XX:+UseParallelGC -XX:GCTimeRatio=4 -XX:AdaptiveSizePolicyWeight=90 -Dsun.zip.disableMemoryMapping=true -Xmx2G -Xms100m -Xlog:disable -javaagent:c:\Users\marti\.vscode\extensions\redhat.java-1.46.0-win32-x64\lombok\lombok-1.18.39-4050.jar -XX:+HeapDumpOnOutOfMemoryError -XX:HeapDumpPath=c:\Users\marti\AppData\Roaming\Code\User\workspaceStorage\5fc508f05e11a2d9cf46120c3f9a7b73\redhat.java -Daether.dependencyCollector.impl=bf c:\Users\marti\.vscode\extensions\redhat.java-1.46.0-win32-x64\server\plugins\org.eclipse.equinox.launcher_1.7.0.v20250519-0528.jar -configuration c:\Users\marti\AppData\Roaming\Code\User\globalStorage\redhat.java\1.46.0\config_win -data c:\Users\marti\AppData\Roaming\Code\User\workspaceStorage\5fc508f05e11a2d9cf46120c3f9a7b73\redhat.java\jdt_ws --pipe=\\.\pipe\lsp-eb6f629848bed56d9c713318657a8b47-sock

Host: AMD Ryzen 7 7730U with Radeon Graphics         , 16 cores, 15G,  Windows 11 , 64 bit Build 26100 (10.0.26100.6725)
Time: Thu Oct 23 16:25:04 2025 GMT Daylight Time elapsed time: 10.790925 seconds (0d 0h 0m 10s)

---------------  T H R E A D  ---------------

Current thread (0x000001f7ed0d56e0):  JavaThread "C2 CompilerThread2" daemon [_thread_in_native, id=12156, stack(0x0000000891500000,0x0000000891600000) (1024K)]


Current CompileTask:
C2:10791 4312   !   4       org.eclipse.osgi.internal.loader.classpath.ClasspathManager::findClassImpl (343 bytes)

Stack: [0x0000000891500000,0x0000000891600000]
Native frames: (J=compiled Java code, j=interpreted, Vv=VM code, C=native code)
V  [jvm.dll+0x6d2449]
V  [jvm.dll+0x8ae341]
V  [jvm.dll+0x8b08be]
V  [jvm.dll+0x8b0fa3]
V  [jvm.dll+0x280c96]
V  [jvm.dll+0xc581d]
V  [jvm.dll+0xc5d53]
V  [jvm.dll+0x3b9162]
V  [jvm.dll+0x385315]
V  [jvm.dll+0x38477a]
V  [jvm.dll+0x248ed0]
V  [jvm.dll+0x2484af]
V  [jvm.dll+0x1c89ee]
V  [jvm.dll+0x257d4d]
V  [jvm.dll+0x2562ea]
V  [jvm.dll+0x3f2d16]
V  [jvm.dll+0x857e6b]
V  [jvm.dll+0x6d0b0d]
C  [ucrtbase.dll+0x37b0]
C  [KERNEL32.DLL+0x2e8d7]
C  [ntdll.dll+0x8c53c]


---------------  P R O C E S S  ---------------

Threads class SMR info:
_java_thread_list=0x000001f7efd22f70, length=29, elements={
0x000001f7cf45dad0, 0x000001f7e73c83c0, 0x000001f7cf40d110, 0x000001f7e73ca200,
0x000001f7e73ccee0, 0x000001f7e73cef20, 0x000001f7e73d7300, 0x000001f7e73e0390,
0x000001f7e7404150, 0x000001f7e74c5790, 0x000001f7cf4cc640, 0x000001f7e75d2eb0,
0x000001f7e76e10b0, 0x000001f7ed0d56e0, 0x000001f7eda08990, 0x000001f7ed07bdb0,
0x000001f7ed0bd940, 0x000001f7ede3db50, 0x000001f7ed228600, 0x000001f7ed229470,
0x000001f7edf3b400, 0x000001f7edcd4e60, 0x000001f7ee21cef0, 0x000001f7ee21b4b0,
0x000001f7ee21dc10, 0x000001f7ee21bb40, 0x000001f7ee21a790, 0x000001f7ee21c860,
0x000001f7ee21d580
}

Java Threads: ( => current thread )
  0x000001f7cf45dad0 JavaThread "main"                              [_thread_blocked, id=16104, stack(0x0000000890300000,0x0000000890400000) (1024K)]
  0x000001f7e73c83c0 JavaThread "Reference Handler"          daemon [_thread_blocked, id=16136, stack(0x0000000890700000,0x0000000890800000) (1024K)]
  0x000001f7cf40d110 JavaThread "Finalizer"                  daemon [_thread_blocked, id=17824, stack(0x0000000890800000,0x0000000890900000) (1024K)]
  0x000001f7e73ca200 JavaThread "Signal Dispatcher"          daemon [_thread_blocked, id=1776, stack(0x0000000890900000,0x0000000890a00000) (1024K)]
  0x000001f7e73ccee0 JavaThread "Attach Listener"            daemon [_thread_blocked, id=2112, stack(0x0000000890a00000,0x0000000890b00000) (1024K)]
  0x000001f7e73cef20 JavaThread "Service Thread"             daemon [_thread_blocked, id=22944, stack(0x0000000890b00000,0x0000000890c00000) (1024K)]
  0x000001f7e73d7300 JavaThread "Monitor Deflation Thread"   daemon [_thread_blocked, id=4040, stack(0x0000000890c00000,0x0000000890d00000) (1024K)]
  0x000001f7e73e0390 JavaThread "C2 CompilerThread0"         daemon [_thread_in_native, id=8488, stack(0x0000000890d00000,0x0000000890e00000) (1024K)]
  0x000001f7e7404150 JavaThread "C1 CompilerThread0"         daemon [_thread_in_native, id=9312, stack(0x0000000890e00000,0x0000000890f00000) (1024K)]
  0x000001f7e74c5790 JavaThread "C1 CompilerThread1"         daemon [_thread_in_native, id=18216, stack(0x0000000890f00000,0x0000000891000000) (1024K)]
  0x000001f7cf4cc640 JavaThread "Common-Cleaner"             daemon [_thread_blocked, id=11096, stack(0x0000000891000000,0x0000000891100000) (1024K)]
  0x000001f7e75d2eb0 JavaThread "C2 CompilerThread1"         daemon [_thread_in_native, id=17860, stack(0x0000000891100000,0x0000000891200000) (1024K)]
  0x000001f7e76e10b0 JavaThread "Notification Thread"        daemon [_thread_blocked, id=1200, stack(0x0000000891400000,0x0000000891500000) (1024K)]
=>0x000001f7ed0d56e0 JavaThread "C2 CompilerThread2"         daemon [_thread_in_native, id=12156, stack(0x0000000891500000,0x0000000891600000) (1024K)]
  0x000001f7eda08990 JavaThread "C2 CompilerThread3"         daemon [_thread_in_native, id=14308, stack(0x0000000891c00000,0x0000000891d00000) (1024K)]
  0x000001f7ed07bdb0 JavaThread "C2 CompilerThread4"         daemon [_thread_in_native, id=484, stack(0x0000000891d00000,0x0000000891e00000) (1024K)]
  0x000001f7ed0bd940 JavaThread "Active Thread: Equinox Container: c9869bc0-4b25-43f1-95ba-b069414c4e2d"        [_thread_blocked, id=7092, stack(0x0000000891e00000,0x0000000891f00000) (1024K)]
  0x000001f7ede3db50 JavaThread "Refresh Thread: Equinox Container: c9869bc0-4b25-43f1-95ba-b069414c4e2d" daemon [_thread_blocked, id=2160, stack(0x0000000892000000,0x0000000892100000) (1024K)]
  0x000001f7ed228600 JavaThread "Framework Event Dispatcher: Equinox Container: c9869bc0-4b25-43f1-95ba-b069414c4e2d" daemon [_thread_blocked, id=9688, stack(0x0000000892100000,0x0000000892200000) (1024K)]
  0x000001f7ed229470 JavaThread "Start Level: Equinox Container: c9869bc0-4b25-43f1-95ba-b069414c4e2d" daemon [_thread_in_Java, id=472, stack(0x0000000892200000,0x0000000892300000) (1024K)]
  0x000001f7edf3b400 JavaThread "Bundle File Closer"         daemon [_thread_blocked, id=7912, stack(0x0000000892600000,0x0000000892700000) (1024K)]
  0x000001f7edcd4e60 JavaThread "SCR Component Actor"        daemon [_thread_blocked, id=16544, stack(0x0000000892700000,0x0000000892800000) (1024K)]
  0x000001f7ee21cef0 JavaThread "Worker-JM"                         [_thread_blocked, id=11200, stack(0x0000000892900000,0x0000000892a00000) (1024K)]
  0x000001f7ee21b4b0 JavaThread "JNA Cleaner"                daemon [_thread_blocked, id=10416, stack(0x0000000892b00000,0x0000000892c00000) (1024K)]
  0x000001f7ee21dc10 JavaThread "Worker-0: Updating Maven Dependencies"        [_thread_blocked, id=10704, stack(0x0000000892c00000,0x0000000892d00000) (1024K)]
  0x000001f7ee21bb40 JavaThread "Worker-1: Repository registry initialization"        [_thread_in_vm, id=9824, stack(0x0000000892d00000,0x0000000892e00000) (1024K)]
  0x000001f7ee21a790 JavaThread "Worker-2"                          [_thread_blocked, id=15924, stack(0x0000000892e00000,0x0000000892f00000) (1024K)]
  0x000001f7ee21c860 JavaThread "Java indexing"              daemon [_thread_blocked, id=13480, stack(0x0000000892f00000,0x0000000893000000) (1024K)]
  0x000001f7ee21d580 JavaThread "Worker-3"                          [_thread_blocked, id=10364, stack(0x0000000893000000,0x0000000893100000) (1024K)]
Total: 29

Other Threads:
  0x000001f7e73c32d0 VMThread "VM Thread"                           [id=13988, stack(0x0000000890600000,0x0000000890700000) (1024K)]
  0x000001f7cf2eba00 WatcherThread "VM Periodic Task Thread"        [id=23048, stack(0x0000000890500000,0x0000000890600000) (1024K)]
  0x000001f7cf47bf90 WorkerThread "GC Thread#0"                     [id=13640, stack(0x0000000890400000,0x0000000890500000) (1024K)]
  0x000001f7ed50a730 WorkerThread "GC Thread#1"                     [id=17880, stack(0x0000000891600000,0x0000000891700000) (1024K)]
  0x000001f7ed7d2770 WorkerThread "GC Thread#2"                     [id=7076, stack(0x0000000891700000,0x0000000891800000) (1024K)]
  0x000001f7ed7d2b10 WorkerThread "GC Thread#3"                     [id=10080, stack(0x0000000891800000,0x0000000891900000) (1024K)]
  0x000001f7ed50aad0 WorkerThread "GC Thread#4"                     [id=10948, stack(0x0000000891900000,0x0000000891a00000) (1024K)]
  0x000001f7ed50ae70 WorkerThread "GC Thread#5"                     [id=23248, stack(0x0000000891a00000,0x0000000891b00000) (1024K)]
  0x000001f7ed7d7000 WorkerThread "GC Thread#6"                     [id=424, stack(0x0000000891b00000,0x0000000891c00000) (1024K)]
  0x000001f7edaa45a0 WorkerThread "GC Thread#7"                     [id=4460, stack(0x0000000891f00000,0x0000000892000000) (1024K)]
  0x000001f7eda9b290 WorkerThread "GC Thread#8"                     [id=13248, stack(0x0000000892300000,0x0000000892400000) (1024K)]
  0x000001f7edea9540 WorkerThread "GC Thread#9"                     [id=13960, stack(0x0000000892400000,0x0000000892500000) (1024K)]
  0x000001f7edea98e0 WorkerThread "GC Thread#10"                    [id=7724, stack(0x0000000892500000,0x0000000892600000) (1024K)]
  0x000001f7edea7f80 WorkerThread "GC Thread#11"                    [id=2420, stack(0x0000000892800000,0x0000000892900000) (1024K)]
  0x000001f7edea8e00 WorkerThread "GC Thread#12"                    [id=13856, stack(0x0000000892a00000,0x0000000892b00000) (1024K)]
Total: 15

Threads with active compile tasks:
C2 CompilerThread0  10809 4454       4       java.util.TreeMap::put (221 bytes)
C1 CompilerThread0  10809 4516       3       com.sun.org.apache.xerces.internal.dom.DeferredDocumentImpl::setChunkValue (80 bytes)
C1 CompilerThread1  10809 4511   !   3       jdk.xml.internal.SecuritySupport::readConfig (150 bytes)
C2 CompilerThread1  10809 4477       4       java.util.TreeMap::fixAfterInsertion (267 bytes)
C2 CompilerThread2  10809 4312   !   4       org.eclipse.osgi.internal.loader.classpath.ClasspathManager::findClassImpl (343 bytes)
C2 CompilerThread3  10809 4318       4       org.eclipse.osgi.internal.serviceregistry.ServiceRegistry::notifyHooksPrivileged (57 bytes)
C2 CompilerThread4  10809 4170       4       org.lombokweb.asm.ClassReader::readMethod (1070 bytes)
C1 CompilerThread2  10810 4525       3       com.sun.org.apache.xerces.internal.dom.NodeImpl::ownerDocument (23 bytes)
Total: 8

VM state: not at safepoint (normal execution)

VM Mutex/Monitor currently owned by a thread: None

Heap address: 0x0000000080000000, size: 2048 MB, Compressed Oops mode: 32-bit

CDS archive(s) mapped at: [0x000001f780000000-0x000001f780ba0000-0x000001f780ba0000), size 12189696, SharedBaseAddress: 0x000001f780000000, ArchiveRelocationMode: 1.
Compressed class space mapped at: 0x000001f781000000-0x000001f7c1000000, reserved size: 1073741824
Narrow klass base: 0x000001f780000000, Narrow klass shift: 0, Narrow klass range: 0x100000000

GC Precious Log:
 CardTable entry size: 512
 CPUs: 16 total, 16 available
 Memory: 15772M
 Large Page Support: Disabled
 NUMA Support: Disabled
 Compressed Oops: Enabled (32-bit)
 Alignments: Space 512K, Generation 512K, Heap 2M
 Heap Min Capacity: 100M
 Heap Initial Capacity: 100M
 Heap Max Capacity: 2G
 Pre-touch: Disabled
 Parallel Workers: 13

Heap:
 PSYoungGen      total 25088K, used 24679K [0x00000000d5580000, 0x00000000d7300000, 0x0000000100000000)
  eden space 23040K, 98% used [0x00000000d5580000,0x00000000d6bc58c8,0x00000000d6c00000)
  from space 2048K, 91% used [0x00000000d7100000,0x00000000d72d4658,0x00000000d7300000)
  to   space 2048K, 0% used [0x00000000d6f00000,0x00000000d6f00000,0x00000000d7100000)
 ParOldGen       total 68608K, used 13947K [0x0000000080000000, 0x0000000084300000, 0x00000000d5580000)
  object space 68608K, 20% used [0x0000000080000000,0x0000000080d9ee38,0x0000000084300000)
 Metaspace       used 31707K, committed 32640K, reserved 1114112K
  class space    used 3210K, committed 3584K, reserved 1048576K

Card table byte_map: [0x000001f7cee00000,0x000001f7cf210000] _byte_map_base: 0x000001f7cea00000

Marking Bits: (ParMarkBitMap*) 0x00007ffddcdea340
 Begin Bits: [0x000001f7e1900000, 0x000001f7e3900000)
 End Bits:   [0x000001f7e3900000, 0x000001f7e5900000)

Polling page: 0x000001f7cd280000

Metaspace:

Usage:
  Non-class:     27.83 MB used.
      Class:      3.14 MB used.
       Both:     30.96 MB used.

Virtual space:
  Non-class space:       64.00 MB reserved,      28.38 MB ( 44%) committed,  1 nodes.
      Class space:        1.00 GB reserved,       3.50 MB ( <1%) committed,  1 nodes.
             Both:        1.06 GB reserved,      31.88 MB (  3%) committed. 

Chunk freelists:
   Non-Class:  2.75 MB
       Class:  12.50 MB
        Both:  15.25 MB

MaxMetaspaceSize: unlimited
CompressedClassSpaceSize: 1.00 GB
Initial GC threshold: 21.00 MB
Current GC threshold: 35.00 MB
CDS: on
 - commit_granule_bytes: 65536.
 - commit_granule_words: 8192.
 - virtual_space_node_default_size: 8388608.
 - enlarge_chunks_in_place: 1.
 - use_allocation_guard: 0.


Internal statistics:

num_allocs_failed_limit: 3.
num_arena_births: 722.
num_arena_deaths: 14.
num_vsnodes_births: 2.
num_vsnodes_deaths: 0.
num_space_committed: 510.
num_space_uncommitted: 0.
num_chunks_returned_to_freelist: 17.
num_chunks_taken_from_freelist: 2037.
num_chunk_merges: 5.
num_chunk_splits: 1269.
num_chunks_enlarged: 752.
num_inconsistent_stats: 0.

CodeHeap 'non-profiled nmethods': size=119168Kb used=2137Kb max_used=2137Kb free=117030Kb
 bounds [0x000001f7da1f0000, 0x000001f7da460000, 0x000001f7e1650000]
CodeHeap 'profiled nmethods': size=119104Kb used=9676Kb max_used=9676Kb free=109427Kb
 bounds [0x000001f7d2650000, 0x000001f7d2fd0000, 0x000001f7d9aa0000]
CodeHeap 'non-nmethods': size=7488Kb used=2471Kb max_used=3082Kb free=5016Kb
 bounds [0x000001f7d9aa0000, 0x000001f7d9db0000, 0x000001f7da1f0000]
CodeCache: size=245760Kb, used=14284Kb, max_used=14895Kb, free=231473Kb
 total_blobs=5143, nmethods=4503, adapters=544, full_count=0
Compilation: enabled, stopped_count=0, restarted_count=0

Compilation events (20 events):
Event: 9.761 Thread 0x000001f7e7404150 nmethod 4450 0x000001f7d2f9a210 code [0x000001f7d2f9a3c0, 0x000001f7d2f9a588]
Event: 9.762 Thread 0x000001f7e7404150 4453   !   3       jdk.internal.misc.ScopedMemoryAccess::getIntUnalignedInternal (36 bytes)
Event: 9.762 Thread 0x000001f7e74c5790 nmethod 4452 0x000001f7d2f9a610 code [0x000001f7d2f9a800, 0x000001f7d2f9ad18]
Event: 9.762 Thread 0x000001f7e7404150 nmethod 4453 0x000001f7d2f9b010 code [0x000001f7d2f9b1e0, 0x000001f7d2f9b570]
Event: 9.762 Thread 0x000001f7e76d5590 nmethod 4451 0x000001f7d2f9b790 code [0x000001f7d2f9ba00, 0x000001f7d2f9c3e0]
Event: 9.763 Thread 0x000001f7e74c5790 4455       3       java.nio.charset.Charset::checkName (157 bytes)
Event: 9.764 Thread 0x000001f7e74c5790 nmethod 4455 0x000001f7d2f9c810 code [0x000001f7d2f9caa0, 0x000001f7d2f9d738]
Event: 9.764 Thread 0x000001f7e76d5590 4457       3       java.lang.Class::privateGetDeclaredMethods (64 bytes)
Event: 9.764 Thread 0x000001f7e7404150 4458       3       jdk.internal.loader.ClassLoaders::platformClassLoader (4 bytes)
Event: 9.765 Thread 0x000001f7e7404150 nmethod 4458 0x000001f7d2f9db90 code [0x000001f7d2f9dd20, 0x000001f7d2f9de18]
Event: 9.765 Thread 0x000001f7e76d5590 nmethod 4457 0x000001f7d2f9de90 code [0x000001f7d2f9e0c0, 0x000001f7d2f9e7f0]
Event: 9.765 Thread 0x000001f7e7404150 4459       3       java.util.HashMap::keysToArray (81 bytes)
Event: 9.765 Thread 0x000001f7e7404150 nmethod 4459 0x000001f7d2f9ea10 code [0x000001f7d2f9ebe0, 0x000001f7d2f9f030]
Event: 9.767 Thread 0x000001f7e7404150 4460       3       java.lang.Class::newReflectionData (66 bytes)
Event: 9.767 Thread 0x000001f7e73e0390 nmethod 4373 0x000001f7da400610 code [0x000001f7da400820, 0x000001f7da400ea8]
Event: 9.767 Thread 0x000001f7e7404150 nmethod 4460 0x000001f7d2f9f210 code [0x000001f7d2f9f440, 0x000001f7d2f9fc90]
Event: 9.768 Thread 0x000001f7e7404150 4461       3       java.util.TreeMap::get (19 bytes)
Event: 9.768 Thread 0x000001f7e73e0390 4443       4       java.lang.StringLatin1::compareToCI (108 bytes)
Event: 9.768 Thread 0x000001f7e7404150 nmethod 4461 0x000001f7d2f9ff90 code [0x000001f7d2fa0140, 0x000001f7d2fa02f0]
Event: 9.916 Thread 0x000001f7e74c5790 4462       3       java.util.concurrent.locks.AbstractQueuedSynchronizer::casTail (13 bytes)

GC Heap History (20 events):
Event: 0.789 GC heap before
{Heap before GC invocations=2 (full 0):
 PSYoungGen      total 29696K, used 29227K [0x00000000d5580000, 0x00000000d7680000, 0x0000000100000000)
  eden space 25600K, 100% used [0x00000000d5580000,0x00000000d6e80000,0x00000000d6e80000)
  from space 4096K, 88% used [0x00000000d6e80000,0x00000000d720ad90,0x00000000d7280000)
  to   space 4096K, 0% used [0x00000000d7280000,0x00000000d7280000,0x00000000d7680000)
 ParOldGen       total 68608K, used 16K [0x0000000080000000, 0x0000000084300000, 0x00000000d5580000)
  object space 68608K, 0% used [0x0000000080000000,0x0000000080004000,0x0000000084300000)
 Metaspace       used 7835K, committed 8128K, reserved 1114112K
  class space    used 813K, committed 960K, reserved 1048576K
}
Event: 0.793 GC heap after
{Heap after GC invocations=2 (full 0):
 PSYoungGen      total 29696K, used 4069K [0x00000000d5580000, 0x00000000d7680000, 0x0000000100000000)
  eden space 25600K, 0% used [0x00000000d5580000,0x00000000d5580000,0x00000000d6e80000)
  from space 4096K, 99% used [0x00000000d7280000,0x00000000d7679780,0x00000000d7680000)
  to   space 4096K, 0% used [0x00000000d6e80000,0x00000000d6e80000,0x00000000d7280000)
 ParOldGen       total 68608K, used 1629K [0x0000000080000000, 0x0000000084300000, 0x00000000d5580000)
  object space 68608K, 2% used [0x0000000080000000,0x00000000801976b8,0x0000000084300000)
 Metaspace       used 7835K, committed 8128K, reserved 1114112K
  class space    used 813K, committed 960K, reserved 1048576K
}
Event: 1.055 GC heap before
{Heap before GC invocations=3 (full 0):
 PSYoungGen      total 29696K, used 29669K [0x00000000d5580000, 0x00000000d7680000, 0x0000000100000000)
  eden space 25600K, 100% used [0x00000000d5580000,0x00000000d6e80000,0x00000000d6e80000)
  from space 4096K, 99% used [0x00000000d7280000,0x00000000d7679780,0x00000000d7680000)
  to   space 4096K, 0% used [0x00000000d6e80000,0x00000000d6e80000,0x00000000d7280000)
 ParOldGen       total 68608K, used 1629K [0x0000000080000000, 0x0000000084300000, 0x00000000d5580000)
  object space 68608K, 2% used [0x0000000080000000,0x00000000801976b8,0x0000000084300000)
 Metaspace       used 9490K, committed 9856K, reserved 1114112K
  class space    used 1011K, committed 1152K, reserved 1048576K
}
Event: 1.059 GC heap after
{Heap after GC invocations=3 (full 0):
 PSYoungGen      total 29696K, used 4081K [0x00000000d5580000, 0x00000000d7680000, 0x0000000100000000)
  eden space 25600K, 0% used [0x00000000d5580000,0x00000000d5580000,0x00000000d6e80000)
  from space 4096K, 99% used [0x00000000d6e80000,0x00000000d727c518,0x00000000d7280000)
  to   space 4096K, 0% used [0x00000000d7280000,0x00000000d7280000,0x00000000d7680000)
 ParOldGen       total 68608K, used 3975K [0x0000000080000000, 0x0000000084300000, 0x00000000d5580000)
  object space 68608K, 5% used [0x0000000080000000,0x00000000803e1d58,0x0000000084300000)
 Metaspace       used 9490K, committed 9856K, reserved 1114112K
  class space    used 1011K, committed 1152K, reserved 1048576K
}
Event: 1.355 GC heap before
{Heap before GC invocations=4 (full 0):
 PSYoungGen      total 29696K, used 29681K [0x00000000d5580000, 0x00000000d7680000, 0x0000000100000000)
  eden space 25600K, 100% used [0x00000000d5580000,0x00000000d6e80000,0x00000000d6e80000)
  from space 4096K, 99% used [0x00000000d6e80000,0x00000000d727c518,0x00000000d7280000)
  to   space 4096K, 0% used [0x00000000d7280000,0x00000000d7280000,0x00000000d7680000)
 ParOldGen       total 68608K, used 3975K [0x0000000080000000, 0x0000000084300000, 0x00000000d5580000)
  object space 68608K, 5% used [0x0000000080000000,0x00000000803e1d58,0x0000000084300000)
 Metaspace       used 11720K, committed 12096K, reserved 1114112K
  class space    used 1240K, committed 1408K, reserved 1048576K
}
Event: 1.359 GC heap after
{Heap after GC invocations=4 (full 0):
 PSYoungGen      total 29696K, used 4071K [0x00000000d5580000, 0x00000000d7680000, 0x0000000100000000)
  eden space 25600K, 0% used [0x00000000d5580000,0x00000000d5580000,0x00000000d6e80000)
  from space 4096K, 99% used [0x00000000d7280000,0x00000000d7679cb0,0x00000000d7680000)
  to   space 4096K, 0% used [0x00000000d6e80000,0x00000000d6e80000,0x00000000d7280000)
 ParOldGen       total 68608K, used 6056K [0x0000000080000000, 0x0000000084300000, 0x00000000d5580000)
  object space 68608K, 8% used [0x0000000080000000,0x00000000805ea110,0x0000000084300000)
 Metaspace       used 11720K, committed 12096K, reserved 1114112K
  class space    used 1240K, committed 1408K, reserved 1048576K
}
Event: 1.648 GC heap before
{Heap before GC invocations=5 (full 0):
 PSYoungGen      total 29696K, used 29671K [0x00000000d5580000, 0x00000000d7680000, 0x0000000100000000)
  eden space 25600K, 100% used [0x00000000d5580000,0x00000000d6e80000,0x00000000d6e80000)
  from space 4096K, 99% used [0x00000000d7280000,0x00000000d7679cb0,0x00000000d7680000)
  to   space 4096K, 0% used [0x00000000d6e80000,0x00000000d6e80000,0x00000000d7280000)
 ParOldGen       total 68608K, used 6056K [0x0000000080000000, 0x0000000084300000, 0x00000000d5580000)
  object space 68608K, 8% used [0x0000000080000000,0x00000000805ea110,0x0000000084300000)
 Metaspace       used 15679K, committed 16256K, reserved 1114112K
  class space    used 1623K, committed 1920K, reserved 1048576K
}
Event: 1.651 GC heap after
{Heap after GC invocations=5 (full 0):
 PSYoungGen      total 29184K, used 4079K [0x00000000d5580000, 0x00000000d7a00000, 0x0000000100000000)
  eden space 25088K, 0% used [0x00000000d5580000,0x00000000d5580000,0x00000000d6e00000)
  from space 4096K, 99% used [0x00000000d6e80000,0x00000000d727bc30,0x00000000d7280000)
  to   space 6144K, 0% used [0x00000000d7400000,0x00000000d7400000,0x00000000d7a00000)
 ParOldGen       total 68608K, used 7563K [0x0000000080000000, 0x0000000084300000, 0x00000000d5580000)
  object space 68608K, 11% used [0x0000000080000000,0x0000000080762c28,0x0000000084300000)
 Metaspace       used 15679K, committed 16256K, reserved 1114112K
  class space    used 1623K, committed 1920K, reserved 1048576K
}
Event: 1.924 GC heap before
{Heap before GC invocations=6 (full 0):
 PSYoungGen      total 29184K, used 29167K [0x00000000d5580000, 0x00000000d7a00000, 0x0000000100000000)
  eden space 25088K, 100% used [0x00000000d5580000,0x00000000d6e00000,0x00000000d6e00000)
  from space 4096K, 99% used [0x00000000d6e80000,0x00000000d727bc30,0x00000000d7280000)
  to   space 6144K, 0% used [0x00000000d7400000,0x00000000d7400000,0x00000000d7a00000)
 ParOldGen       total 68608K, used 7563K [0x0000000080000000, 0x0000000084300000, 0x00000000d5580000)
  object space 68608K, 11% used [0x0000000080000000,0x0000000080762c28,0x0000000084300000)
 Metaspace       used 18842K, committed 19520K, reserved 1114112K
  class space    used 1971K, committed 2304K, reserved 1048576K
}
Event: 1.926 GC heap after
{Heap after GC invocations=6 (full 0):
 PSYoungGen      total 29184K, used 4573K [0x00000000d5580000, 0x00000000d7880000, 0x0000000100000000)
  eden space 24576K, 0% used [0x00000000d5580000,0x00000000d5580000,0x00000000d6d80000)
  from space 4608K, 99% used [0x00000000d7400000,0x00000000d7877710,0x00000000d7880000)
  to   space 5120K, 0% used [0x00000000d6e80000,0x00000000d6e80000,0x00000000d7380000)
 ParOldGen       total 68608K, used 7571K [0x0000000080000000, 0x0000000084300000, 0x00000000d5580000)
  object space 68608K, 11% used [0x0000000080000000,0x0000000080764c28,0x0000000084300000)
 Metaspace       used 18842K, committed 19520K, reserved 1114112K
  class space    used 1971K, committed 2304K, reserved 1048576K
}
Event: 2.044 GC heap before
{Heap before GC invocations=7 (full 0):
 PSYoungGen      total 29184K, used 23204K [0x00000000d5580000, 0x00000000d7880000, 0x0000000100000000)
  eden space 24576K, 75% used [0x00000000d5580000,0x00000000d67b1be8,0x00000000d6d80000)
  from space 4608K, 99% used [0x00000000d7400000,0x00000000d7877710,0x00000000d7880000)
  to   space 5120K, 0% used [0x00000000d6e80000,0x00000000d6e80000,0x00000000d7380000)
 ParOldGen       total 68608K, used 7571K [0x0000000080000000, 0x0000000084300000, 0x00000000d5580000)
  object space 68608K, 11% used [0x0000000080000000,0x0000000080764c28,0x0000000084300000)
 Metaspace       used 20716K, committed 21504K, reserved 1114112K
  class space    used 2190K, committed 2560K, reserved 1048576K
}
Event: 2.047 GC heap after
{Heap after GC invocations=7 (full 0):
 PSYoungGen      total 29184K, used 4478K [0x00000000d5580000, 0x00000000d7680000, 0x0000000100000000)
  eden space 24576K, 0% used [0x00000000d5580000,0x00000000d5580000,0x00000000d6d80000)
  from space 4608K, 97% used [0x00000000d6e80000,0x00000000d72dfa20,0x00000000d7300000)
  to   space 3584K, 0% used [0x00000000d7300000,0x00000000d7300000,0x00000000d7680000)
 ParOldGen       total 68608K, used 8741K [0x0000000080000000, 0x0000000084300000, 0x00000000d5580000)
  object space 68608K, 12% used [0x0000000080000000,0x0000000080889440,0x0000000084300000)
 Metaspace       used 20716K, committed 21504K, reserved 1114112K
  class space    used 2190K, committed 2560K, reserved 1048576K
}
Event: 2.047 GC heap before
{Heap before GC invocations=8 (full 1):
 PSYoungGen      total 29184K, used 4478K [0x00000000d5580000, 0x00000000d7680000, 0x0000000100000000)
  eden space 24576K, 0% used [0x00000000d5580000,0x00000000d5580000,0x00000000d6d80000)
  from space 4608K, 97% used [0x00000000d6e80000,0x00000000d72dfa20,0x00000000d7300000)
  to   space 3584K, 0% used [0x00000000d7300000,0x00000000d7300000,0x00000000d7680000)
 ParOldGen       total 68608K, used 8741K [0x0000000080000000, 0x0000000084300000, 0x00000000d5580000)
  object space 68608K, 12% used [0x0000000080000000,0x0000000080889440,0x0000000084300000)
 Metaspace       used 20716K, committed 21504K, reserved 1114112K
  class space    used 2190K, committed 2560K, reserved 1048576K
}
Event: 2.067 GC heap after
{Heap after GC invocations=8 (full 1):
 PSYoungGen      total 29184K, used 0K [0x00000000d5580000, 0x00000000d7680000, 0x0000000100000000)
  eden space 24576K, 0% used [0x00000000d5580000,0x00000000d5580000,0x00000000d6d80000)
  from space 4608K, 0% used [0x00000000d6e80000,0x00000000d6e80000,0x00000000d7300000)
  to   space 3584K, 0% used [0x00000000d7300000,0x00000000d7300000,0x00000000d7680000)
 ParOldGen       total 68608K, used 12684K [0x0000000080000000, 0x0000000084300000, 0x00000000d5580000)
  object space 68608K, 18% used [0x0000000080000000,0x0000000080c63238,0x0000000084300000)
 Metaspace       used 20704K, committed 21504K, reserved 1114112K
  class space    used 2186K, committed 2560K, reserved 1048576K
}
Event: 2.178 GC heap before
{Heap before GC invocations=9 (full 1):
 PSYoungGen      total 29184K, used 24576K [0x00000000d5580000, 0x00000000d7680000, 0x0000000100000000)
  eden space 24576K, 100% used [0x00000000d5580000,0x00000000d6d80000,0x00000000d6d80000)
  from space 4608K, 0% used [0x00000000d6e80000,0x00000000d6e80000,0x00000000d7300000)
  to   space 3584K, 0% used [0x00000000d7300000,0x00000000d7300000,0x00000000d7680000)
 ParOldGen       total 68608K, used 12684K [0x0000000080000000, 0x0000000084300000, 0x00000000d5580000)
  object space 68608K, 18% used [0x0000000080000000,0x0000000080c63238,0x0000000084300000)
 Metaspace       used 23272K, committed 24128K, reserved 1114112K
  class space    used 2352K, committed 2752K, reserved 1048576K
}
Event: 2.179 GC heap after
{Heap after GC invocations=9 (full 1):
 PSYoungGen      total 25088K, used 626K [0x00000000d5580000, 0x00000000d7400000, 0x0000000100000000)
  eden space 24064K, 0% used [0x00000000d5580000,0x00000000d5580000,0x00000000d6d00000)
  from space 1024K, 61% used [0x00000000d7300000,0x00000000d739c9b0,0x00000000d7400000)
  to   space 2560K, 0% used [0x00000000d6f00000,0x00000000d6f00000,0x00000000d7180000)
 ParOldGen       total 68608K, used 12692K [0x0000000080000000, 0x0000000084300000, 0x00000000d5580000)
  object space 68608K, 18% used [0x0000000080000000,0x0000000080c65238,0x0000000084300000)
 Metaspace       used 23272K, committed 24128K, reserved 1114112K
  class space    used 2352K, committed 2752K, reserved 1048576K
}
Event: 3.425 GC heap before
{Heap before GC invocations=10 (full 1):
 PSYoungGen      total 25088K, used 24690K [0x00000000d5580000, 0x00000000d7400000, 0x0000000100000000)
  eden space 24064K, 100% used [0x00000000d5580000,0x00000000d6d00000,0x00000000d6d00000)
  from space 1024K, 61% used [0x00000000d7300000,0x00000000d739c9b0,0x00000000d7400000)
  to   space 2560K, 0% used [0x00000000d6f00000,0x00000000d6f00000,0x00000000d7180000)
 ParOldGen       total 68608K, used 12692K [0x0000000080000000, 0x0000000084300000, 0x00000000d5580000)
  object space 68608K, 18% used [0x0000000080000000,0x0000000080c65238,0x0000000084300000)
 Metaspace       used 26484K, committed 27328K, reserved 1114112K
  class space    used 2598K, committed 2944K, reserved 1048576K
}
Event: 3.426 GC heap after
{Heap after GC invocations=10 (full 1):
 PSYoungGen      total 25600K, used 1820K [0x00000000d5580000, 0x00000000d7380000, 0x0000000100000000)
  eden space 23552K, 0% used [0x00000000d5580000,0x00000000d5580000,0x00000000d6c80000)
  from space 2048K, 88% used [0x00000000d6f00000,0x00000000d70c70b0,0x00000000d7100000)
  to   space 2560K, 0% used [0x00000000d7100000,0x00000000d7100000,0x00000000d7380000)
 ParOldGen       total 68608K, used 13481K [0x0000000080000000, 0x0000000084300000, 0x00000000d5580000)
  object space 68608K, 19% used [0x0000000080000000,0x0000000080d2a748,0x0000000084300000)
 Metaspace       used 26484K, committed 27328K, reserved 1114112K
  class space    used 2598K, committed 2944K, reserved 1048576K
}
Event: 3.523 GC heap before
{Heap before GC invocations=11 (full 1):
 PSYoungGen      total 25600K, used 25372K [0x00000000d5580000, 0x00000000d7380000, 0x0000000100000000)
  eden space 23552K, 100% used [0x00000000d5580000,0x00000000d6c80000,0x00000000d6c80000)
  from space 2048K, 88% used [0x00000000d6f00000,0x00000000d70c70b0,0x00000000d7100000)
  to   space 2560K, 0% used [0x00000000d7100000,0x00000000d7100000,0x00000000d7380000)
 ParOldGen       total 68608K, used 13481K [0x0000000080000000, 0x0000000084300000, 0x00000000d5580000)
  object space 68608K, 19% used [0x0000000080000000,0x0000000080d2a748,0x0000000084300000)
 Metaspace       used 27947K, committed 28864K, reserved 1114112K
  class space    used 2771K, committed 3136K, reserved 1048576K
}
Event: 3.525 GC heap after
{Heap after GC invocations=11 (full 1):
 PSYoungGen      total 25088K, used 1873K [0x00000000d5580000, 0x00000000d7300000, 0x0000000100000000)
  eden space 23040K, 0% used [0x00000000d5580000,0x00000000d5580000,0x00000000d6c00000)
  from space 2048K, 91% used [0x00000000d7100000,0x00000000d72d4658,0x00000000d7300000)
  to   space 2048K, 0% used [0x00000000d6f00000,0x00000000d6f00000,0x00000000d7100000)
 ParOldGen       total 68608K, used 13947K [0x0000000080000000, 0x0000000084300000, 0x00000000d5580000)
  object space 68608K, 20% used [0x0000000080000000,0x0000000080d9ee38,0x0000000084300000)
 Metaspace       used 27947K, committed 28864K, reserved 1114112K
  class space    used 2771K, committed 3136K, reserved 1048576K
}

Dll operation events (10 events):
Event: 0.006 Loaded shared library c:\Users\marti\.vscode\extensions\redhat.java-1.46.0-win32-x64\jre\21.0.8-win32-x86_64\bin\java.dll
Event: 0.047 Loaded shared library c:\Users\marti\.vscode\extensions\redhat.java-1.46.0-win32-x64\jre\21.0.8-win32-x86_64\bin\zip.dll
Event: 0.059 Loaded shared library C:\Users\marti\.vscode\extensions\redhat.java-1.46.0-win32-x64\jre\21.0.8-win32-x86_64\bin\instrument.dll
Event: 0.062 Loaded shared library C:\Users\marti\.vscode\extensions\redhat.java-1.46.0-win32-x64\jre\21.0.8-win32-x86_64\bin\net.dll
Event: 0.063 Loaded shared library C:\Users\marti\.vscode\extensions\redhat.java-1.46.0-win32-x64\jre\21.0.8-win32-x86_64\bin\nio.dll
Event: 0.065 Loaded shared library C:\Users\marti\.vscode\extensions\redhat.java-1.46.0-win32-x64\jre\21.0.8-win32-x86_64\bin\zip.dll
Event: 0.076 Loaded shared library C:\Users\marti\.vscode\extensions\redhat.java-1.46.0-win32-x64\jre\21.0.8-win32-x86_64\bin\jimage.dll
Event: 0.122 Loaded shared library c:\Users\marti\.vscode\extensions\redhat.java-1.46.0-win32-x64\jre\21.0.8-win32-x86_64\bin\verify.dll
Event: 0.858 Loaded shared library C:\Users\marti\AppData\Roaming\Code\User\globalStorage\redhat.java\1.46.0\config_win\org.eclipse.equinox.launcher\org.eclipse.equinox.launcher.win32.win32.x86_64_1.2.1400.v20250801-0854\eclipse_11916.dll
Event: 1.741 Loaded shared library C:\Users\marti\AppData\Local\Temp\jna-103666771\jna1235584564704162038.dll

Deoptimization events (20 events):
Event: 3.455 Thread 0x000001f7ee21bb40 DEOPT PACKING pc=0x000001f7da3b0a38 sp=0x0000000892dfe8a0
Event: 3.455 Thread 0x000001f7ee21bb40 DEOPT UNPACKING pc=0x000001f7d9af3aa2 sp=0x0000000892dfe828 mode 2
Event: 3.455 Thread 0x000001f7ee21bb40 Uncommon trap: trap_request=0xffffff76 fr.pc=0x000001f7da385700 relative=0x0000000000000380
Event: 3.455 Thread 0x000001f7ee21bb40 Uncommon trap: reason=predicate action=maybe_recompile pc=0x000001f7da385700 method=java.util.regex.Pattern$BmpCharPropertyGreedy.match(Ljava/util/regex/Matcher;ILjava/lang/CharSequence;)Z @ 12 c2
Event: 3.455 Thread 0x000001f7ee21bb40 DEOPT PACKING pc=0x000001f7da385700 sp=0x0000000892dfe7e0
Event: 3.455 Thread 0x000001f7ee21bb40 DEOPT UNPACKING pc=0x000001f7d9af3aa2 sp=0x0000000892dfe788 mode 2
Event: 3.551 Thread 0x000001f7ed229470 DEOPT PACKING pc=0x000001f7d2b29144 sp=0x00000008922faba0
Event: 3.551 Thread 0x000001f7ed229470 DEOPT UNPACKING pc=0x000001f7d9af4242 sp=0x00000008922fa130 mode 0
Event: 4.593 Thread 0x000001f7ed229470 Uncommon trap: trap_request=0xffffffc6 fr.pc=0x000001f7da2a9d80 relative=0x0000000000000aa0
Event: 4.593 Thread 0x000001f7ed229470 Uncommon trap: reason=bimorphic_or_optimized_type_check action=maybe_recompile pc=0x000001f7da2a9d80 method=java.util.HashMap.putVal(ILjava/lang/Object;Ljava/lang/Object;ZZ)Ljava/lang/Object; @ 56 c2
Event: 4.593 Thread 0x000001f7ed229470 DEOPT PACKING pc=0x000001f7da2a9d80 sp=0x00000008922fdd80
Event: 4.593 Thread 0x000001f7ed229470 DEOPT UNPACKING pc=0x000001f7d9af3aa2 sp=0x00000008922fdc80 mode 2
Event: 4.593 Thread 0x000001f7ed229470 Uncommon trap: trap_request=0xffffffc6 fr.pc=0x000001f7da2a9d80 relative=0x0000000000000aa0
Event: 4.593 Thread 0x000001f7ed229470 Uncommon trap: reason=bimorphic_or_optimized_type_check action=maybe_recompile pc=0x000001f7da2a9d80 method=java.util.HashMap.putVal(ILjava/lang/Object;Ljava/lang/Object;ZZ)Ljava/lang/Object; @ 56 c2
Event: 4.593 Thread 0x000001f7ed229470 DEOPT PACKING pc=0x000001f7da2a9d80 sp=0x00000008922fdd80
Event: 4.593 Thread 0x000001f7ed229470 DEOPT UNPACKING pc=0x000001f7d9af3aa2 sp=0x00000008922fdc80 mode 2
Event: 4.593 Thread 0x000001f7ed229470 Uncommon trap: trap_request=0xffffffc6 fr.pc=0x000001f7da2a9d80 relative=0x0000000000000aa0
Event: 4.593 Thread 0x000001f7ed229470 Uncommon trap: reason=bimorphic_or_optimized_type_check action=maybe_recompile pc=0x000001f7da2a9d80 method=java.util.HashMap.putVal(ILjava/lang/Object;Ljava/lang/Object;ZZ)Ljava/lang/Object; @ 56 c2
Event: 4.593 Thread 0x000001f7ed229470 DEOPT PACKING pc=0x000001f7da2a9d80 sp=0x00000008922fdd80
Event: 4.593 Thread 0x000001f7ed229470 DEOPT UNPACKING pc=0x000001f7d9af3aa2 sp=0x00000008922fdc80 mode 2

Classes loaded (20 events):
Event: 9.759 Loading class java/nio/charset/Charset$2
Event: 9.759 Loading class java/nio/charset/Charset$2 done
Event: 9.759 Loading class java/nio/charset/Charset$1
Event: 9.759 Loading class java/nio/charset/Charset$1 done
Event: 9.763 Loading class java/lang/annotation/ElementType
Event: 9.763 Loading class java/lang/annotation/ElementType done
Event: 9.763 Loading class sun/nio/cs/ISO_8859_13
Event: 9.763 Loading class sun/nio/cs/ISO_8859_13 done
Event: 9.766 Loading class sun/nio/cs/DelegatableDecoder
Event: 9.766 Loading class sun/nio/cs/DelegatableDecoder done
Event: 9.766 Loading class sun/nio/cs/ISO_8859_15
Event: 9.766 Loading class sun/nio/cs/ISO_8859_15 done
Event: 9.768 Loading class sun/nio/cs/DoubleByte$Decoder
Event: 9.769 Loading class sun/nio/cs/DoubleByte$Decoder done
Event: 9.770 Loading class sun/nio/cs/DoubleByte$Encoder
Event: 9.770 Loading class sun/nio/cs/DoubleByte$Encoder done
Event: 9.770 Loading class sun/nio/cs/MS1251
Event: 9.770 Loading class sun/nio/cs/MS1251 done
Event: 9.771 Loading class sun/nio/cs/MS1250
Event: 9.771 Loading class sun/nio/cs/MS1250 done

Classes unloaded (7 events):
Event: 2.050 Thread 0x000001f7e73c32d0 Unloading class 0x000001f7811a5000 'java/lang/invoke/LambdaForm$MH+0x000001f7811a5000'
Event: 2.050 Thread 0x000001f7e73c32d0 Unloading class 0x000001f7811a4c00 'java/lang/invoke/LambdaForm$MH+0x000001f7811a4c00'
Event: 2.050 Thread 0x000001f7e73c32d0 Unloading class 0x000001f7811a4800 'java/lang/invoke/LambdaForm$MH+0x000001f7811a4800'
Event: 2.050 Thread 0x000001f7e73c32d0 Unloading class 0x000001f7811a4400 'java/lang/invoke/LambdaForm$MH+0x000001f7811a4400'
Event: 2.050 Thread 0x000001f7e73c32d0 Unloading class 0x000001f7811a4000 'java/lang/invoke/LambdaForm$BMH+0x000001f7811a4000'
Event: 2.050 Thread 0x000001f7e73c32d0 Unloading class 0x000001f7811a3c00 'java/lang/invoke/LambdaForm$DMH+0x000001f7811a3c00'
Event: 2.050 Thread 0x000001f7e73c32d0 Unloading class 0x000001f7811a2800 'java/lang/invoke/LambdaForm$DMH+0x000001f7811a2800'

Classes redefined (0 events):
No events

Internal exceptions (20 events):
Event: 2.084 Thread 0x000001f7ed229470 Exception <a 'java/lang/NoSuchMethodError'{0x00000000d57f3988}: 'double java.lang.invoke.DirectMethodHandle$Holder.invokeStaticInit(java.lang.Object, java.lang.Object)'> (0x00000000d57f3988) 
thrown [s\src\hotspot\share\interpreter\linkResolver.cpp, line 773]
Event: 2.231 Thread 0x000001f7ed229470 Implicit null exception at 0x000001f7da3b4cf5 to 0x000001f7da3b4dd0
Event: 3.431 Thread 0x000001f7ee21bb40 Exception <a 'java/lang/NoSuchMethodError'{0x00000000d5dfc120}: 'java.lang.Object java.lang.invoke.DirectMethodHandle$Holder.invokeStaticInit(java.lang.Object, java.lang.Object, java.lang.Object, java.lang.Object, java.lang.Object, java.lang.Object, java.lang.Object)'> (0x00000000d5dfc120) 
thrown [s\src\hotspot\share\interpreter\linkResolver.cpp, line 773]
Event: 3.432 Thread 0x000001f7ee21bb40 Exception <a 'java/lang/NoSuchMethodError'{0x00000000d5e00dc8}: 'java.lang.Object java.lang.invoke.Invokers$Holder.invoke_MT(java.lang.Object, java.lang.Object, java.lang.Object, java.lang.Object, java.lang.Object, java.lang.Object, java.lang.Object, java.lang.Object, java.lang.Object)'> (0x00000000d5e00dc8) 
thrown [s\src\hotspot\share\interpreter\linkResolver.cpp, line 773]
Event: 3.435 Thread 0x000001f7ee21bb40 Exception <a 'java/lang/NoSuchMethodError'{0x00000000d5e86c38}: 'int java.lang.invoke.DirectMethodHandle$Holder.invokeVirtual(java.lang.Object, java.lang.Object, java.lang.Object)'> (0x00000000d5e86c38) 
thrown [s\src\hotspot\share\interpreter\linkResolver.cpp, line 773]
Event: 3.435 Thread 0x000001f7ee21bb40 Exception <a 'java/lang/NoSuchMethodError'{0x00000000d5e8d5b8}: 'int java.lang.invoke.DirectMethodHandle$Holder.invokeStaticInit(java.lang.Object, int, int)'> (0x00000000d5e8d5b8) 
thrown [s\src\hotspot\share\interpreter\linkResolver.cpp, line 773]
Event: 3.436 Thread 0x000001f7ee21bb40 Exception <a 'java/lang/NoSuchMethodError'{0x00000000d5e97750}: 'int java.lang.invoke.DirectMethodHandle$Holder.invokeStaticInit(java.lang.Object, long, long)'> (0x00000000d5e97750) 
thrown [s\src\hotspot\share\interpreter\linkResolver.cpp, line 773]
Event: 3.436 Thread 0x000001f7ee21bb40 Exception <a 'java/lang/NoSuchMethodError'{0x00000000d5f308c0}: 'int java.lang.invoke.DirectMethodHandle$Holder.invokeStaticInit(java.lang.Object, float, float)'> (0x00000000d5f308c0) 
thrown [s\src\hotspot\share\interpreter\linkResolver.cpp, line 773]
Event: 3.437 Thread 0x000001f7ee21bb40 Exception <a 'java/lang/NoSuchMethodError'{0x00000000d5f3bda8}: 'int java.lang.invoke.DirectMethodHandle$Holder.invokeStaticInit(java.lang.Object, double, double)'> (0x00000000d5f3bda8) 
thrown [s\src\hotspot\share\interpreter\linkResolver.cpp, line 773]
Event: 3.437 Thread 0x000001f7ee21bb40 Exception <a 'java/lang/NoSuchMethodError'{0x00000000d5f40600}: 'int java.lang.invoke.DirectMethodHandle$Holder.invokeStatic(java.lang.Object, long)'> (0x00000000d5f40600) 
thrown [s\src\hotspot\share\interpreter\linkResolver.cpp, line 773]
Event: 3.440 Thread 0x000001f7ee21bb40 Exception <a 'java/lang/NoSuchMethodError'{0x00000000d5f60858}: 'int java.lang.invoke.Invokers$Holder.linkToTargetMethod(java.lang.Object, java.lang.Object)'> (0x00000000d5f60858) 
thrown [s\src\hotspot\share\interpreter\linkResolver.cpp, line 773]
Event: 3.448 Thread 0x000001f7ee21dc10 Exception <a 'java/lang/NoSuchMethodError'{0x00000000d6098668}: 'int java.lang.invoke.DirectMethodHandle$Holder.invokeSpecial(java.lang.Object, java.lang.Object, java.lang.Object, java.lang.Object)'> (0x00000000d6098668) 
thrown [s\src\hotspot\share\interpreter\linkResolver.cpp, line 773]
Event: 3.449 Thread 0x000001f7ee21dc10 Exception <a 'java/lang/NoSuchMethodError'{0x00000000d60b8790}: 'java.lang.Object java.lang.invoke.DirectMethodHandle$Holder.invokeStatic(java.lang.Object, int, java.lang.Object, java.lang.Object)'> (0x00000000d60b8790) 
thrown [s\src\hotspot\share\interpreter\linkResolver.cpp, line 773]
Event: 3.449 Thread 0x000001f7ee21dc10 Exception <a 'java/lang/NoSuchMethodError'{0x00000000d60cdd88}: 'java.lang.Object java.lang.invoke.DelegatingMethodHandle$Holder.delegate(java.lang.Object, int, java.lang.Object, java.lang.Object)'> (0x00000000d60cdd88) 
thrown [s\src\hotspot\share\interpreter\linkResolver.cpp, line 773]
Event: 3.451 Thread 0x000001f7ee21dc10 Exception <a 'java/lang/NoSuchMethodError'{0x00000000d60ed200}: 'int java.lang.invoke.Invokers$Holder.linkToTargetMethod(java.lang.Object, java.lang.Object, java.lang.Object)'> (0x00000000d60ed200) 
thrown [s\src\hotspot\share\interpreter\linkResolver.cpp, line 773]
Event: 3.478 Thread 0x000001f7ee21bb40 Exception <a 'java/lang/NoSuchMethodError'{0x00000000d6548ce8}: 'java.lang.Object java.lang.invoke.DirectMethodHandle$Holder.invokeSpecialIFC(java.lang.Object, java.lang.Object, java.lang.Object, java.lang.Object)'> (0x00000000d6548ce8) 
thrown [s\src\hotspot\share\interpreter\linkResolver.cpp, line 773]
Event: 3.541 Thread 0x000001f7ed229470 Exception <a 'java/lang/ClassNotFoundException'{0x00000000d57bd830}: com/sun/org/apache/xerces/internal/impl/msg/spi/DOMMessagesProvider> (0x00000000d57bd830) 
thrown [s\src\hotspot\share\classfile\systemDictionary.cpp, line 312]
Event: 3.541 Thread 0x000001f7ed229470 Exception <a 'java/lang/ClassNotFoundException'{0x00000000d57cef98}: com/sun/org/apache/xerces/internal/impl/msg/spi/XMLSerializerMessagesProvider> (0x00000000d57cef98) 
thrown [s\src\hotspot\share\classfile\systemDictionary.cpp, line 312]
Event: 3.542 Thread 0x000001f7ed229470 Exception <a 'java/lang/ClassNotFoundException'{0x00000000d57dc2b8}: com/sun/org/apache/xerces/internal/impl/msg/spi/XMLMessagesProvider> (0x00000000d57dc2b8) 
thrown [s\src\hotspot\share\classfile\systemDictionary.cpp, line 312]
Event: 9.751 Thread 0x000001f7ed229470 Exception <a 'java/lang/ClassNotFoundException'{0x00000000d66e88d8}: com/sun/org/apache/xml/internal/serializer/spi/XMLEntitiesProvider> (0x00000000d66e88d8) 
thrown [s\src\hotspot\share\classfile\systemDictionary.cpp, line 312]

ZGC Phase Switch (0 events):
No events

VM Operations (20 events):
Event: 3.410 Executing VM operation: Cleanup done
Event: 3.425 Executing VM operation: ParallelGCFailedAllocation (Allocation Failure)
Event: 3.426 Executing VM operation: ParallelGCFailedAllocation (Allocation Failure) done
Event: 3.444 Executing VM operation: HandshakeAllThreads (Deoptimize)
Event: 3.445 Executing VM operation: HandshakeAllThreads (Deoptimize) done
Event: 3.523 Executing VM operation: ParallelGCFailedAllocation (Allocation Failure)
Event: 3.525 Executing VM operation: ParallelGCFailedAllocation (Allocation Failure) done
Event: 4.525 Executing VM operation: Cleanup
Event: 4.577 Executing VM operation: Cleanup done
Event: 4.593 Executing VM operation: HandshakeAllThreads (Deoptimize)
Event: 4.593 Executing VM operation: HandshakeAllThreads (Deoptimize) done
Event: 5.602 Executing VM operation: Cleanup
Event: 5.680 Executing VM operation: Cleanup done
Event: 6.690 Executing VM operation: Cleanup
Event: 7.714 Executing VM operation: Cleanup done
Event: 8.720 Executing VM operation: Cleanup
Event: 9.730 Executing VM operation: Cleanup done
Event: 9.769 Executing VM operation: HandshakeAllThreads (Deoptimize)
Event: 9.770 Executing VM operation: HandshakeAllThreads (Deoptimize) done
Event: 10.771 Executing VM operation: Cleanup

Memory protections (0 events):
No events

Nmethod flushes (0 events):
No events

Events (20 events):
Event: 0.080 Thread 0x000001f7e7404150 Thread added: 0x000001f7e76d5590
Event: 0.080 Thread 0x000001f7e7404150 Thread added: 0x000001f7e76d5c30
Event: 0.181 Thread 0x000001f7cf45dad0 Thread added: 0x000001f7e76e10b0
Event: 0.238 Thread 0x000001f7e76d5c30 Thread added: 0x000001f7ed0d56e0
Event: 0.568 Thread 0x000001f7e74c5790 Thread added: 0x000001f7eda08990
Event: 0.569 Thread 0x000001f7eda08990 Thread added: 0x000001f7ed07bdb0
Event: 0.711 Thread 0x000001f7cf45dad0 Thread added: 0x000001f7ed0bd940
Event: 0.854 Thread 0x000001f7cf45dad0 Thread added: 0x000001f7ede3db50
Event: 0.878 Thread 0x000001f7ede3db50 Thread added: 0x000001f7ed228600
Event: 0.880 Thread 0x000001f7cf45dad0 Thread added: 0x000001f7ed229470
Event: 1.137 Thread 0x000001f7ed229470 Thread added: 0x000001f7edf3b400
Event: 1.338 Thread 0x000001f7ed229470 Thread added: 0x000001f7edcd4e60
Event: 1.527 Thread 0x000001f7ed229470 Thread added: 0x000001f7ee21cef0
Event: 1.753 Thread 0x000001f7ed229470 Thread added: 0x000001f7ee21b4b0
Event: 1.771 Thread 0x000001f7ed229470 Thread added: 0x000001f7ee21dc10
Event: 1.781 Thread 0x000001f7ed229470 Thread added: 0x000001f7ee21bb40
Event: 3.399 Thread 0x000001f7ee21bb40 Thread added: 0x000001f7ee21a790
Event: 3.550 Thread 0x000001f7ed229470 Thread added: 0x000001f7ee21c860
Event: 3.551 Thread 0x000001f7ee21a790 Thread added: 0x000001f7ee21d580
Event: 4.578 Thread 0x000001f7e76d5c30 Thread exited: 0x000001f7e76d5c30


Dynamic libraries:
0x00007ff731010000 - 0x00007ff73101e000 	c:\Users\marti\.vscode\extensions\redhat.java-1.46.0-win32-x64\jre\21.0.8-win32-x86_64\bin\java.exe
0x00007ffe852a0000 - 0x00007ffe85508000 	C:\WINDOWS\SYSTEM32\ntdll.dll
0x00007ffe838f0000 - 0x00007ffe839b9000 	C:\WINDOWS\System32\KERNEL32.DLL
0x00007ffe827b0000 - 0x00007ffe82ba2000 	C:\WINDOWS\System32\KERNELBASE.dll
0x00007ffe82660000 - 0x00007ffe827ab000 	C:\WINDOWS\System32\ucrtbase.dll
0x00007ffe59af0000 - 0x00007ffe59b08000 	c:\Users\marti\.vscode\extensions\redhat.java-1.46.0-win32-x64\jre\21.0.8-win32-x86_64\bin\jli.dll
0x00007ffe5fa60000 - 0x00007ffe5fa7e000 	c:\Users\marti\.vscode\extensions\redhat.java-1.46.0-win32-x64\jre\21.0.8-win32-x86_64\bin\VCRUNTIME140.dll
0x00007ffe83b30000 - 0x00007ffe83cf5000 	C:\WINDOWS\System32\USER32.dll
0x00007ffe6cff0000 - 0x00007ffe6d283000 	C:\WINDOWS\WinSxS\amd64_microsoft.windows.common-controls_6595b64144ccf1df_6.0.26100.6899_none_3e0efeeae32e88c1\COMCTL32.dll
0x00007ffe82430000 - 0x00007ffe82457000 	C:\WINDOWS\System32\win32u.dll
0x00007ffe836c0000 - 0x00007ffe83769000 	C:\WINDOWS\System32\msvcrt.dll
0x00007ffe85230000 - 0x00007ffe8525b000 	C:\WINDOWS\System32\GDI32.dll
0x00007ffe82c50000 - 0x00007ffe82d7d000 	C:\WINDOWS\System32\gdi32full.dll
0x00007ffe825b0000 - 0x00007ffe82653000 	C:\WINDOWS\System32\msvcp_win.dll
0x00007ffe84220000 - 0x00007ffe8424f000 	C:\WINDOWS\System32\IMM32.DLL
0x00007ffe73510000 - 0x00007ffe7351c000 	c:\Users\marti\.vscode\extensions\redhat.java-1.46.0-win32-x64\jre\21.0.8-win32-x86_64\bin\vcruntime140_1.dll
0x00007ffdef4f0000 - 0x00007ffdef57d000 	c:\Users\marti\.vscode\extensions\redhat.java-1.46.0-win32-x64\jre\21.0.8-win32-x86_64\bin\msvcp140.dll
0x00007ffddc130000 - 0x00007ffddcec7000 	c:\Users\marti\.vscode\extensions\redhat.java-1.46.0-win32-x64\jre\21.0.8-win32-x86_64\bin\server\jvm.dll
0x00007ffe83ec0000 - 0x00007ffe83f74000 	C:\WINDOWS\System32\ADVAPI32.dll
0x00007ffe83e10000 - 0x00007ffe83eb6000 	C:\WINDOWS\System32\sechost.dll
0x00007ffe84000000 - 0x00007ffe84118000 	C:\WINDOWS\System32\RPCRT4.dll
0x00007ffe83f80000 - 0x00007ffe83ff4000 	C:\WINDOWS\System32\WS2_32.dll
0x00007ffe82290000 - 0x00007ffe822ee000 	C:\WINDOWS\SYSTEM32\POWRPROF.dll
0x00007ffe7b2f0000 - 0x00007ffe7b2fb000 	C:\WINDOWS\SYSTEM32\VERSION.dll
0x00007ffe7b2b0000 - 0x00007ffe7b2e5000 	C:\WINDOWS\SYSTEM32\WINMM.dll
0x00007ffe82270000 - 0x00007ffe82284000 	C:\WINDOWS\SYSTEM32\UMPDC.dll
0x00007ffe811c0000 - 0x00007ffe811db000 	C:\WINDOWS\SYSTEM32\kernel.appcore.dll
0x00007ffe72270000 - 0x00007ffe7227a000 	c:\Users\marti\.vscode\extensions\redhat.java-1.46.0-win32-x64\jre\21.0.8-win32-x86_64\bin\jimage.dll
0x00007ffe7fc10000 - 0x00007ffe7fe52000 	C:\WINDOWS\SYSTEM32\DBGHELP.DLL
0x00007ffe84c30000 - 0x00007ffe84fab000 	C:\WINDOWS\System32\combase.dll
0x00007ffe85150000 - 0x00007ffe85227000 	C:\WINDOWS\System32\OLEAUT32.dll
0x00007ffe6d4b0000 - 0x00007ffe6d4ec000 	C:\WINDOWS\SYSTEM32\dbgcore.DLL
0x00007ffe82bb0000 - 0x00007ffe82c48000 	C:\WINDOWS\System32\bcryptPrimitives.dll
0x00007ffe6f3a0000 - 0x00007ffe6f3af000 	c:\Users\marti\.vscode\extensions\redhat.java-1.46.0-win32-x64\jre\21.0.8-win32-x86_64\bin\instrument.dll
0x00007ffe53780000 - 0x00007ffe5379f000 	c:\Users\marti\.vscode\extensions\redhat.java-1.46.0-win32-x64\jre\21.0.8-win32-x86_64\bin\java.dll
0x00007ffe844e0000 - 0x00007ffe84c2d000 	C:\WINDOWS\System32\SHELL32.dll
0x00007ffe82d80000 - 0x00007ffe82eeb000 	C:\WINDOWS\System32\wintypes.dll
0x00007ffe80040000 - 0x00007ffe8089d000 	C:\WINDOWS\SYSTEM32\windows.storage.dll
0x00007ffe83d10000 - 0x00007ffe83e02000 	C:\WINDOWS\System32\SHCORE.dll
0x00007ffe83070000 - 0x00007ffe830d2000 	C:\WINDOWS\System32\shlwapi.dll
0x00007ffe82350000 - 0x00007ffe82379000 	C:\WINDOWS\SYSTEM32\profapi.dll
0x00007ffe4b920000 - 0x00007ffe4b938000 	c:\Users\marti\.vscode\extensions\redhat.java-1.46.0-win32-x64\jre\21.0.8-win32-x86_64\bin\zip.dll
0x00007ffe6f420000 - 0x00007ffe6f430000 	C:\Users\marti\.vscode\extensions\redhat.java-1.46.0-win32-x64\jre\21.0.8-win32-x86_64\bin\net.dll
0x00007ffe7c8e0000 - 0x00007ffe7c9ff000 	C:\WINDOWS\SYSTEM32\WINHTTP.dll
0x00007ffe81710000 - 0x00007ffe8177b000 	C:\WINDOWS\system32\mswsock.dll
0x00007ffe4b210000 - 0x00007ffe4b226000 	C:\Users\marti\.vscode\extensions\redhat.java-1.46.0-win32-x64\jre\21.0.8-win32-x86_64\bin\nio.dll
0x00007ffe683c0000 - 0x00007ffe683d0000 	c:\Users\marti\.vscode\extensions\redhat.java-1.46.0-win32-x64\jre\21.0.8-win32-x86_64\bin\verify.dll
0x00007ffe1f210000 - 0x00007ffe1f254000 	C:\Users\marti\AppData\Roaming\Code\User\globalStorage\redhat.java\1.46.0\config_win\org.eclipse.equinox.launcher\org.eclipse.equinox.launcher.win32.win32.x86_64_1.2.1400.v20250801-0854\eclipse_11916.dll
0x00007ffe84fb0000 - 0x00007ffe85148000 	C:\WINDOWS\System32\ole32.dll
0x00007ffe81af0000 - 0x00007ffe81b0b000 	C:\WINDOWS\SYSTEM32\CRYPTSP.dll
0x00007ffe81120000 - 0x00007ffe8115b000 	C:\WINDOWS\system32\rsaenh.dll
0x00007ffe817b0000 - 0x00007ffe817db000 	C:\WINDOWS\SYSTEM32\USERENV.dll
0x00007ffe82320000 - 0x00007ffe82346000 	C:\WINDOWS\SYSTEM32\bcrypt.dll
0x00007ffe81950000 - 0x00007ffe8195c000 	C:\WINDOWS\SYSTEM32\CRYPTBASE.dll
0x00007ffe80c70000 - 0x00007ffe80ca4000 	C:\WINDOWS\SYSTEM32\IPHLPAPI.DLL
0x00007ffe844d0000 - 0x00007ffe844da000 	C:\WINDOWS\System32\NSI.dll
0x00007ffe0bbb0000 - 0x00007ffe0bbf9000 	C:\Users\marti\AppData\Local\Temp\jna-103666771\jna1235584564704162038.dll
0x00007ffe837e0000 - 0x00007ffe837e8000 	C:\WINDOWS\System32\PSAPI.DLL

JVMTI agents:
c:\Users\marti\.vscode\extensions\redhat.java-1.46.0-win32-x64\lombok\lombok-1.18.39-4050.jar path:c:\Users\marti\.vscode\extensions\redhat.java-1.46.0-win32-x64\jre\21.0.8-win32-x86_64\bin\instrument.dll, loaded, initialized, instrumentlib options:none

dbghelp: loaded successfully - version: 4.0.5 - missing functions: none
symbol engine: initialized successfully - sym options: 0x614 - pdb path: .;c:\Users\marti\.vscode\extensions\redhat.java-1.46.0-win32-x64\jre\21.0.8-win32-x86_64\bin;C:\WINDOWS\SYSTEM32;C:\WINDOWS\WinSxS\amd64_microsoft.windows.common-controls_6595b64144ccf1df_6.0.26100.6899_none_3e0efeeae32e88c1;c:\Users\marti\.vscode\extensions\redhat.java-1.46.0-win32-x64\jre\21.0.8-win32-x86_64\bin\server;C:\Users\marti\AppData\Roaming\Code\User\globalStorage\redhat.java\1.46.0\config_win\org.eclipse.equinox.launcher\org.eclipse.equinox.launcher.win32.win32.x86_64_1.2.1400.v20250801-0854;C:\Users\marti\AppData\Local\Temp\jna-103666771

VM Arguments:
jvm_args: --add-modules=ALL-SYSTEM --add-opens=java.base/java.util=ALL-UNNAMED --add-opens=java.base/java.lang=ALL-UNNAMED --add-opens=java.base/sun.nio.fs=ALL-UNNAMED -Declipse.application=org.eclipse.jdt.ls.core.id1 -Dosgi.bundles.defaultStartLevel=4 -Declipse.product=org.eclipse.jdt.ls.core.product -Djava.import.generatesMetadataFilesAtProjectRoot=false -DDetectVMInstallationsJob.disabled=true -Dfile.encoding=utf8 -XX:+UseParallelGC -XX:GCTimeRatio=4 -XX:AdaptiveSizePolicyWeight=90 -Dsun.zip.disableMemoryMapping=true -Xmx2G -Xms100m -Xlog:disable -javaagent:c:\Users\marti\.vscode\extensions\redhat.java-1.46.0-win32-x64\lombok\lombok-1.18.39-4050.jar -XX:+HeapDumpOnOutOfMemoryError -XX:HeapDumpPath=c:\Users\marti\AppData\Roaming\Code\User\workspaceStorage\5fc508f05e11a2d9cf46120c3f9a7b73\redhat.java -Daether.dependencyCollector.impl=bf 
java_command: c:\Users\marti\.vscode\extensions\redhat.java-1.46.0-win32-x64\server\plugins\org.eclipse.equinox.launcher_1.7.0.v20250519-0528.jar -configuration c:\Users\marti\AppData\Roaming\Code\User\globalStorage\redhat.java\1.46.0\config_win -data c:\Users\marti\AppData\Roaming\Code\User\workspaceStorage\5fc508f05e11a2d9cf46120c3f9a7b73\redhat.java\jdt_ws --pipe=\\.\pipe\lsp-eb6f629848bed56d9c713318657a8b47-sock
java_class_path (initial): c:\Users\marti\.vscode\extensions\redhat.java-1.46.0-win32-x64\server\plugins\org.eclipse.equinox.launcher_1.7.0.v20250519-0528.jar
Launcher Type: SUN_STANDARD

[Global flags]
    uintx AdaptiveSizePolicyWeight                 = 90                                        {product} {command line}
     intx CICompilerCount                          = 12                                        {product} {ergonomic}
    uintx GCTimeRatio                              = 4                                         {product} {command line}
     bool HeapDumpOnOutOfMemoryError               = true                                   {manageable} {command line}
    ccstr HeapDumpPath                             = c:\Users\marti\AppData\Roaming\Code\User\workspaceStorage\5fc508f05e11a2d9cf46120c3f9a7b73\redhat.java         {manageable} {command line}
   size_t InitialHeapSize                          = 104857600                                 {product} {command line}
   size_t MaxHeapSize                              = 2147483648                                {product} {command line}
   size_t MaxNewSize                               = 715653120                                 {product} {ergonomic}
   size_t MinHeapDeltaBytes                        = 524288                                    {product} {ergonomic}
   size_t MinHeapSize                              = 104857600                                 {product} {command line}
   size_t NewSize                                  = 34603008                                  {product} {ergonomic}
    uintx NonNMethodCodeHeapSize                   = 7602480                                {pd product} {ergonomic}
    uintx NonProfiledCodeHeapSize                  = 122027880                              {pd product} {ergonomic}
   size_t OldSize                                  = 70254592                                  {product} {ergonomic}
    uintx ProfiledCodeHeapSize                     = 122027880                              {pd product} {ergonomic}
    uintx ReservedCodeCacheSize                    = 251658240                              {pd product} {ergonomic}
     bool SegmentedCodeCache                       = true                                      {product} {ergonomic}
   size_t SoftMaxHeapSize                          = 2147483648                             {manageable} {ergonomic}
     bool UseCompressedOops                        = true                           {product lp64_product} {ergonomic}
     bool UseLargePagesIndividualAllocation        = false                                  {pd product} {ergonomic}
     bool UseParallelGC                            = true                                      {product} {command line}

Logging:
Log output configuration:
 #0: stdout all=off uptime,level,tags foldmultilines=false
 #1: stderr all=off uptime,level,tags foldmultilines=false

Environment Variables:
PATH=C:\Program Files\Common Files\Oracle\Java\javapath;C:\WINDOWS\system32;C:\WINDOWS;C:\WINDOWS\System32\Wbem;C:\WINDOWS\System32\WindowsPowerShell\v1.0\;C:\WINDOWS\System32\OpenSSH\;C:\Program Files\Git\cmd;C:\Program Files\Microsoft SQL Server\150\Tools\Binn\;C:\Program Files\nodejs\;C:\wamp64\bin\php\php8.4.13;C:\ProgramData\ComposerSetup\bin;C:\Program Files\Cloudflare\Cloudflare WARP\;C:\Program Files\Microsoft SQL Server\Client SDK\ODBC\170\Tools\Binn\;C:\Program Files\dotnet\;C:\Users\marti\AppData\Local\Programs\Python\Python313\Scripts\;C:\Users\marti\AppData\Local\Programs\Python\Python313\;C:\Users\marti\AppData\Local\Programs\Python\Launcher\;C:\Users\marti\AppData\Local\Microsoft\WindowsApps;C:\Users\marti\AppData\Local\Programs\Microsoft VS Code\bin;C:\msys64\ucrt64\bin;C:\Program Files\JetBrains\CLion 2024.3\bin;C:\Users\marti\AppData\Local\GitHubDesktop\bin;C:\Users\marti\.dotnet\tools;C:\Users\marti\AppData\Roaming\npm;C:\Users\marti\AppData\Local\Microsoft\WinGet\Links;C:\Users\marti\AppData\Roaming\Composer\vendor\bin;C:\Users\marti\AppData\Local\gitkraken\bin;C:\Users\marti\.dotnet\tools;
USERNAME=marti
OS=Windows_NT
PROCESSOR_IDENTIFIER=AMD64 Family 25 Model 80 Stepping 0, AuthenticAMD
TMP=C:\Users\marti\AppData\Local\Temp
TEMP=C:\Users\marti\AppData\Local\Temp




Periodic native trim disabled

---------------  S Y S T E M  ---------------

OS:
 Windows 11 , 64 bit Build 26100 (10.0.26100.6725)
OS uptime: 0 days 1:45 hours
Hyper-V role detected

CPU: total 16 (initial active 16) (16 cores per cpu, 2 threads per core) family 25 model 80 stepping 0 microcode 0xa500011, cx8, cmov, fxsr, ht, mmx, 3dnowpref, sse, sse2, sse3, ssse3, sse4a, sse4.1, sse4.2, popcnt, lzcnt, tsc, tscinvbit, avx, avx2, aes, erms, clmul, bmi1, bmi2, adx, sha, fma, vzeroupper, clflush, clflushopt, hv, rdtscp, rdpid, fsrm, f16c, cet_ss
Processor Information for the first 16 processors :
  Max Mhz: 2000, Current Mhz: 2000, Mhz Limit: 2000

Memory: 4k page, system-wide physical 15772M (5922M free)
TotalPageFile size 15772M (AvailPageFile size 8M)
current process WorkingSet (physical memory assigned to process): 198M, peak: 203M
current process commit charge ("private bytes"): 342M, peak: 349M

vm_info: OpenJDK 64-Bit Server VM (21.0.8+9-LTS) for windows-amd64 JRE (21.0.8+9-LTS), built on 2025-07-15T00:00:00Z by "admin" with MS VC++ 17.7 (VS2022)

END.
