#
# There is insufficient memory for the Java Runtime Environment to continue.
# Native memory allocation (malloc) failed to allocate 1049680 bytes. Error detail: Chunk::new
# Possible reasons:
#   The system is out of physical RAM or swap space
#   This process is running with CompressedOops enabled, and the Java Heap may be blocking the growth of the native heap
# Possible solutions:
#   Reduce memory load on the system
#   Increase physical memory or swap space
#   Check if swap backing store is full
#   Decrease Java heap size (-Xmx/-Xms)
#   Decrease number of Java threads
#   Decrease Java thread stack sizes (-Xss)
#   Set larger code cache with -XX:ReservedCodeCacheSize=
#   JVM is running with Unscaled Compressed Oops mode in which the Java heap is
#     placed in the first 4GB address space. The Java Heap base address is the
#     maximum limit for the native heap growth. Please use -XX:HeapBaseMinAddress
#     to set the Java Heap base and to place the Java Heap above 4GB virtual address.
# This output file may be truncated or incomplete.
#
#  Out of Memory Error (arena.cpp:168), pid=10828, tid=14640
#
# JRE version: OpenJDK Runtime Environment Temurin-21.0.8+9 (21.0.8+9) (build 21.0.8+9-LTS)
# Java VM: OpenJDK 64-Bit Server VM Temurin-21.0.8+9 (21.0.8+9-LTS, mixed mode, sharing, tiered, compressed oops, compressed class ptrs, parallel gc, windows-amd64)
# No core dump will be written. Minidumps are not enabled by default on client versions of Windows
#

---------------  S U M M A R Y ------------

Command Line: --add-modules=ALL-SYSTEM --add-opens=java.base/java.util=ALL-UNNAMED --add-opens=java.base/java.lang=ALL-UNNAMED --add-opens=java.base/sun.nio.fs=ALL-UNNAMED -Declipse.application=org.eclipse.jdt.ls.core.id1 -Dosgi.bundles.defaultStartLevel=4 -Declipse.product=org.eclipse.jdt.ls.core.product -Djava.import.generatesMetadataFilesAtProjectRoot=false -DDetectVMInstallationsJob.disabled=true -Dfile.encoding=utf8 -XX:+UseParallelGC -XX:GCTimeRatio=4 -XX:AdaptiveSizePolicyWeight=90 -Dsun.zip.disableMemoryMapping=true -Xmx2G -Xms100m -Xlog:disable -javaagent:c:\Users\marti\.vscode\extensions\redhat.java-1.46.0-win32-x64\lombok\lombok-1.18.39-4050.jar -XX:+HeapDumpOnOutOfMemoryError -XX:HeapDumpPath=c:\Users\marti\AppData\Roaming\Code\User\workspaceStorage\5fc508f05e11a2d9cf46120c3f9a7b73\redhat.java -Daether.dependencyCollector.impl=bf c:\Users\marti\.vscode\extensions\redhat.java-1.46.0-win32-x64\server\plugins\org.eclipse.equinox.launcher_1.7.0.v20250519-0528.jar -configuration c:\Users\marti\AppData\Roaming\Code\User\globalStorage\redhat.java\1.46.0\config_win -data c:\Users\marti\AppData\Roaming\Code\User\workspaceStorage\5fc508f05e11a2d9cf46120c3f9a7b73\redhat.java\jdt_ws --pipe=\\.\pipe\lsp-2b0e068bce0a12a0517ae1e15a8b737e-sock

Host: AMD Ryzen 7 7730U with Radeon Graphics         , 16 cores, 15G,  Windows 11 , 64 bit Build 26100 (10.0.26100.6725)
Time: Thu Oct 23 16:13:35 2025 GMT Daylight Time elapsed time: 8.299832 seconds (0d 0h 0m 8s)

---------------  T H R E A D  ---------------

Current thread (0x000002c579d73080):  JavaThread "C2 CompilerThread4" daemon [_thread_in_native, id=14640, stack(0x000000e6bcb00000,0x000000e6bcc00000) (1024K)]


Current CompileTask:
C2:8299 5063       4       sun.security.ec.ECOperations::setDouble (463 bytes)

Stack: [0x000000e6bcb00000,0x000000e6bcc00000]
Native frames: (J=compiled Java code, j=interpreted, Vv=VM code, C=native code)
V  [jvm.dll+0x6d2449]
V  [jvm.dll+0x8ae341]
V  [jvm.dll+0x8b08be]
V  [jvm.dll+0x8b0fa3]
V  [jvm.dll+0x280c96]
V  [jvm.dll+0xc581d]
V  [jvm.dll+0xc5d53]
V  [jvm.dll+0x3b919c]
V  [jvm.dll+0x1e1409]
V  [jvm.dll+0x249022]
V  [jvm.dll+0x2484af]
V  [jvm.dll+0x1c89ee]
V  [jvm.dll+0x257d4d]
V  [jvm.dll+0x2562ea]
V  [jvm.dll+0x3f2d16]
V  [jvm.dll+0x857e6b]
V  [jvm.dll+0x6d0b0d]
C  [ucrtbase.dll+0x37b0]
C  [KERNEL32.DLL+0x2e8d7]
C  [ntdll.dll+0x8c53c]


---------------  P R O C E S S  ---------------

Threads class SMR info:
_java_thread_list=0x000002c578340da0, length=57, elements={
0x000002c518d8c8c0, 0x000002c518e2ff60, 0x000002c518e325f0, 0x000002c518e35400,
0x000002c518e38580, 0x000002c518e36a50, 0x000002c518e42c80, 0x000002c518e4c6f0,
0x000002c571c45770, 0x000002c571d20520, 0x000002c571f53630, 0x000002c573557d70,
0x000002c573a67900, 0x000002c57823cf40, 0x000002c578234b40, 0x000002c5739c2040,
0x000002c5786997d0, 0x000002c578667140, 0x000002c578711ef0, 0x000002c5787132a0,
0x000002c5787104b0, 0x000002c578712c10, 0x000002c5735e4720, 0x000002c578711860,
0x000002c57a5b4e30, 0x000002c578712580, 0x000002c57870fe20, 0x000002c578710b40,
0x000002c57a3c66c0, 0x000002c57a3c8790, 0x000002c57a3c6d50, 0x000002c57a3c5310,
0x000002c57a3c8e20, 0x000002c57a3c73e0, 0x000002c57a3c7a70, 0x000002c57a3c59a0,
0x000002c57a3c8100, 0x000002c57a3c94b0, 0x000002c57a3c6030, 0x000002c57a3cbc10,
0x000002c57a3caef0, 0x000002c57a3cc930, 0x000002c57a3cc2a0, 0x000002c57a3c9b40,
0x000002c57a3ca1d0, 0x000002c57a3cb580, 0x000002c57a3ca860, 0x000002c57a3a1540,
0x000002c579d73080, 0x000002c57c343ad0, 0x000002c57c342ea0, 0x000002c578f293a0,
0x000002c571d05b90, 0x000002c573abeba0, 0x000002c57b142280, 0x000002c57a3a0eb0,
0x000002c57a3a1bd0
}

Java Threads: ( => current thread )
  0x000002c518d8c8c0 JavaThread "main"                              [_thread_blocked, id=22780, stack(0x000000e6b8600000,0x000000e6b8700000) (1024K)]
  0x000002c518e2ff60 JavaThread "Reference Handler"          daemon [_thread_blocked, id=17236, stack(0x000000e6b8a00000,0x000000e6b8b00000) (1024K)]
  0x000002c518e325f0 JavaThread "Finalizer"                  daemon [_thread_blocked, id=12340, stack(0x000000e6b8b00000,0x000000e6b8c00000) (1024K)]
  0x000002c518e35400 JavaThread "Signal Dispatcher"          daemon [_thread_blocked, id=3632, stack(0x000000e6b8c00000,0x000000e6b8d00000) (1024K)]
  0x000002c518e38580 JavaThread "Attach Listener"            daemon [_thread_blocked, id=5468, stack(0x000000e6b8d00000,0x000000e6b8e00000) (1024K)]
  0x000002c518e36a50 JavaThread "Service Thread"             daemon [_thread_blocked, id=15288, stack(0x000000e6b8e00000,0x000000e6b8f00000) (1024K)]
  0x000002c518e42c80 JavaThread "Monitor Deflation Thread"   daemon [_thread_blocked, id=6168, stack(0x000000e6b8f00000,0x000000e6b9000000) (1024K)]
  0x000002c518e4c6f0 JavaThread "C2 CompilerThread0"         daemon [_thread_in_native, id=13892, stack(0x000000e6b9000000,0x000000e6b9100000) (1024K)]
  0x000002c571c45770 JavaThread "C1 CompilerThread0"         daemon [_thread_in_native, id=2544, stack(0x000000e6b9100000,0x000000e6b9200000) (1024K)]
  0x000002c571d20520 JavaThread "Common-Cleaner"             daemon [_thread_blocked, id=3912, stack(0x000000e6b9300000,0x000000e6b9400000) (1024K)]
  0x000002c571f53630 JavaThread "C2 CompilerThread1"         daemon [_thread_in_native, id=17220, stack(0x000000e6b9600000,0x000000e6b9700000) (1024K)]
  0x000002c573557d70 JavaThread "Notification Thread"        daemon [_thread_blocked, id=10152, stack(0x000000e6b9700000,0x000000e6b9800000) (1024K)]
  0x000002c573a67900 JavaThread "Active Thread: Equinox Container: 59cefdc9-774a-4f4c-92e8-c90337b477bd"        [_thread_blocked, id=22832, stack(0x000000e6b9a00000,0x000000e6b9b00000) (1024K)]
  0x000002c57823cf40 JavaThread "Refresh Thread: Equinox Container: 59cefdc9-774a-4f4c-92e8-c90337b477bd" daemon [_thread_blocked, id=1372, stack(0x000000e6ba200000,0x000000e6ba300000) (1024K)]
  0x000002c578234b40 JavaThread "Framework Event Dispatcher: Equinox Container: 59cefdc9-774a-4f4c-92e8-c90337b477bd" daemon [_thread_blocked, id=15212, stack(0x000000e6ba300000,0x000000e6ba400000) (1024K)]
  0x000002c5739c2040 JavaThread "Start Level: Equinox Container: 59cefdc9-774a-4f4c-92e8-c90337b477bd" daemon [_thread_blocked, id=18344, stack(0x000000e6ba400000,0x000000e6ba500000) (1024K)]
  0x000002c5786997d0 JavaThread "Bundle File Closer"         daemon [_thread_blocked, id=16844, stack(0x000000e6ba800000,0x000000e6ba900000) (1024K)]
  0x000002c578667140 JavaThread "SCR Component Actor"        daemon [_thread_blocked, id=5672, stack(0x000000e6ba900000,0x000000e6baa00000) (1024K)]
  0x000002c578711ef0 JavaThread "Worker-JM"                         [_thread_blocked, id=13860, stack(0x000000e6bab00000,0x000000e6bac00000) (1024K)]
  0x000002c5787132a0 JavaThread "JNA Cleaner"                daemon [_thread_blocked, id=10772, stack(0x000000e6bad00000,0x000000e6bae00000) (1024K)]
  0x000002c5787104b0 JavaThread "Worker-0: Loading available Gradle versions"        [_thread_in_Java, id=22396, stack(0x000000e6bae00000,0x000000e6baf00000) (1024K)]
  0x000002c578712c10 JavaThread "Worker-1: Initialize After Load"        [_thread_blocked, id=17976, stack(0x000000e6b9900000,0x000000e6b9a00000) (1024K)]
  0x000002c5735e4720 JavaThread "C2 CompilerThread2"         daemon [_thread_in_native, id=15900, stack(0x000000e6b9800000,0x000000e6b9900000) (1024K)]
  0x000002c578711860 JavaThread "Java indexing"              daemon [_thread_blocked, id=23444, stack(0x000000e6baf00000,0x000000e6bb000000) (1024K)]
  0x000002c57a5b4e30 JavaThread "C2 CompilerThread3"         daemon [_thread_in_native, id=22324, stack(0x000000e6bb000000,0x000000e6bb100000) (1024K)]
  0x000002c578712580 JavaThread "Worker-2"                          [_thread_blocked, id=16372, stack(0x000000e6bb400000,0x000000e6bb500000) (1024K)]
  0x000002c57870fe20 JavaThread "Worker-3: Updating Maven Dependencies"        [_thread_blocked, id=6860, stack(0x000000e6bb500000,0x000000e6bb600000) (1024K)]
  0x000002c578710b40 JavaThread "Thread-1"                   daemon [_thread_in_native, id=13456, stack(0x000000e6bb600000,0x000000e6bb700000) (1024K)]
  0x000002c57a3c66c0 JavaThread "Thread-2"                   daemon [_thread_in_native, id=8568, stack(0x000000e6bb700000,0x000000e6bb800000) (1024K)]
  0x000002c57a3c8790 JavaThread "Thread-3"                   daemon [_thread_in_native, id=6924, stack(0x000000e6bb800000,0x000000e6bb900000) (1024K)]
  0x000002c57a3c6d50 JavaThread "Thread-4"                   daemon [_thread_in_native, id=2276, stack(0x000000e6bb900000,0x000000e6bba00000) (1024K)]
  0x000002c57a3c5310 JavaThread "Thread-5"                   daemon [_thread_in_native, id=17892, stack(0x000000e6bba00000,0x000000e6bbb00000) (1024K)]
  0x000002c57a3c8e20 JavaThread "Thread-6"                   daemon [_thread_in_native, id=16136, stack(0x000000e6bbb00000,0x000000e6bbc00000) (1024K)]
  0x000002c57a3c73e0 JavaThread "Thread-7"                   daemon [_thread_in_native, id=11452, stack(0x000000e6bbc00000,0x000000e6bbd00000) (1024K)]
  0x000002c57a3c7a70 JavaThread "Thread-8"                   daemon [_thread_in_native, id=10236, stack(0x000000e6bbd00000,0x000000e6bbe00000) (1024K)]
  0x000002c57a3c59a0 JavaThread "Thread-9"                   daemon [_thread_in_native, id=3916, stack(0x000000e6bbe00000,0x000000e6bbf00000) (1024K)]
  0x000002c57a3c8100 JavaThread "Thread-10"                  daemon [_thread_in_native, id=3428, stack(0x000000e6bbf00000,0x000000e6bc000000) (1024K)]
  0x000002c57a3c94b0 JavaThread "Thread-11"                  daemon [_thread_in_native, id=5508, stack(0x000000e6bc000000,0x000000e6bc100000) (1024K)]
  0x000002c57a3c6030 JavaThread "Thread-12"                  daemon [_thread_in_native, id=9704, stack(0x000000e6bc100000,0x000000e6bc200000) (1024K)]
  0x000002c57a3cbc10 JavaThread "Thread-13"                  daemon [_thread_in_native, id=12708, stack(0x000000e6bc200000,0x000000e6bc300000) (1024K)]
  0x000002c57a3caef0 JavaThread "Thread-14"                  daemon [_thread_in_native, id=4460, stack(0x000000e6bc300000,0x000000e6bc400000) (1024K)]
  0x000002c57a3cc930 JavaThread "Thread-15"                  daemon [_thread_in_native, id=16068, stack(0x000000e6bc400000,0x000000e6bc500000) (1024K)]
  0x000002c57a3cc2a0 JavaThread "Thread-16"                  daemon [_thread_in_native, id=7692, stack(0x000000e6bc500000,0x000000e6bc600000) (1024K)]
  0x000002c57a3c9b40 JavaThread "Thread-17"                  daemon [_thread_in_native, id=15892, stack(0x000000e6bc600000,0x000000e6bc700000) (1024K)]
  0x000002c57a3ca1d0 JavaThread "pool-2-thread-1"                   [_thread_blocked, id=22112, stack(0x000000e6bc700000,0x000000e6bc800000) (1024K)]
  0x000002c57a3cb580 JavaThread "Worker-4: Repository registry initialization"        [_thread_in_Java, id=23264, stack(0x000000e6bc800000,0x000000e6bc900000) (1024K)]
  0x000002c57a3ca860 JavaThread "Worker-5"                          [_thread_blocked, id=2132, stack(0x000000e6bc900000,0x000000e6bca00000) (1024K)]
  0x000002c57a3a1540 JavaThread "Worker-6"                          [_thread_blocked, id=12024, stack(0x000000e6bca00000,0x000000e6bcb00000) (1024K)]
=>0x000002c579d73080 JavaThread "C2 CompilerThread4"         daemon [_thread_in_native, id=14640, stack(0x000000e6bcb00000,0x000000e6bcc00000) (1024K)]
  0x000002c57c343ad0 JavaThread "C2 CompilerThread5"         daemon [_thread_in_native, id=17996, stack(0x000000e6bcc00000,0x000000e6bcd00000) (1024K)]
  0x000002c57c342ea0 JavaThread "C2 CompilerThread6"         daemon [_thread_in_native, id=2908, stack(0x000000e6bcd00000,0x000000e6bce00000) (1024K)]
  0x000002c578f293a0 JavaThread "C2 CompilerThread7"         daemon [_thread_in_native, id=2072, stack(0x000000e6bce00000,0x000000e6bcf00000) (1024K)]
  0x000002c571d05b90 JavaThread "C1 CompilerThread1"         daemon [_thread_in_native, id=8704, stack(0x000000e6b9200000,0x000000e6b9300000) (1024K)]
  0x000002c573abeba0 JavaThread "C1 CompilerThread2"         daemon [_thread_in_native, id=3228, stack(0x000000e6b9500000,0x000000e6b9600000) (1024K)]
  0x000002c57b142280 JavaThread "C1 CompilerThread3"         daemon [_thread_in_native, id=7092, stack(0x000000e6bcf00000,0x000000e6bd000000) (1024K)]
  0x000002c57a3a0eb0 JavaThread "WorkspaceEventsHandler"            [_thread_blocked, id=23292, stack(0x000000e6bd000000,0x000000e6bd100000) (1024K)]
  0x000002c57a3a1bd0 JavaThread "pool-1-thread-1"                   [_thread_blocked, id=5700, stack(0x000000e6bd100000,0x000000e6bd200000) (1024K)]
Total: 57

Other Threads:
  0x000002c518e2f9c0 VMThread "VM Thread"                           [id=3004, stack(0x000000e6b8900000,0x000000e6b8a00000) (1024K)]
  0x000002c52f70ca10 WatcherThread "VM Periodic Task Thread"        [id=3748, stack(0x000000e6b8800000,0x000000e6b8900000) (1024K)]
  0x000002c518dab180 WorkerThread "GC Thread#0"                     [id=7936, stack(0x000000e6b8700000,0x000000e6b8800000) (1024K)]
  0x000002c573cfb8e0 WorkerThread "GC Thread#1"                     [id=10228, stack(0x000000e6b9b00000,0x000000e6b9c00000) (1024K)]
  0x000002c573cfbc80 WorkerThread "GC Thread#2"                     [id=10944, stack(0x000000e6b9c00000,0x000000e6b9d00000) (1024K)]
  0x000002c5780c3790 WorkerThread "GC Thread#3"                     [id=2488, stack(0x000000e6b9d00000,0x000000e6b9e00000) (1024K)]
  0x000002c5780c3b30 WorkerThread "GC Thread#4"                     [id=13784, stack(0x000000e6b9e00000,0x000000e6b9f00000) (1024K)]
  0x000002c5780c3ed0 WorkerThread "GC Thread#5"                     [id=11308, stack(0x000000e6b9f00000,0x000000e6ba000000) (1024K)]
  0x000002c5780ea5f0 WorkerThread "GC Thread#6"                     [id=2028, stack(0x000000e6ba000000,0x000000e6ba100000) (1024K)]
  0x000002c57804d390 WorkerThread "GC Thread#7"                     [id=6940, stack(0x000000e6ba100000,0x000000e6ba200000) (1024K)]
  0x000002c57804dad0 WorkerThread "GC Thread#8"                     [id=17816, stack(0x000000e6ba500000,0x000000e6ba600000) (1024K)]
  0x000002c57804cff0 WorkerThread "GC Thread#9"                     [id=11184, stack(0x000000e6ba600000,0x000000e6ba700000) (1024K)]
  0x000002c57804d730 WorkerThread "GC Thread#10"                    [id=13288, stack(0x000000e6ba700000,0x000000e6ba800000) (1024K)]
  0x000002c57804cc50 WorkerThread "GC Thread#11"                    [id=11060, stack(0x000000e6baa00000,0x000000e6bab00000) (1024K)]
  0x000002c57804c170 WorkerThread "GC Thread#12"                    [id=14288, stack(0x000000e6bac00000,0x000000e6bad00000) (1024K)]
Total: 15

Threads with active compile tasks:
C2 CompilerThread0  8325 4819   !   4       org.eclipse.osgi.internal.loader.classpath.ClasspathManager::findClassImpl (343 bytes)
C1 CompilerThread0  8325 5598       3       java.util.Arrays::sort (47 bytes)
C2 CompilerThread1  8325 5571 %     4       java.lang.AbstractStringBuilder::appendChars @ 26 (130 bytes)
C2 CompilerThread2  8325 5223       4       java.lang.invoke.MethodType::methodType (69 bytes)
C2 CompilerThread3  8325 4496       4       org.eclipse.osgi.internal.loader.BundleLoader::addExportedProvidersFor (167 bytes)
C2 CompilerThread4  8325 5063       4       sun.security.ec.ECOperations::setDouble (463 bytes)
C2 CompilerThread5  8326 5485       4       org.codehaus.plexus.util.xml.pull.MXParser::nextImpl (1208 bytes)
C2 CompilerThread6  8326 5493       4       java.lang.invoke.MethodType::makeImpl (109 bytes)
C2 CompilerThread7  8326 4840   !   4       org.eclipse.osgi.internal.loader.classpath.ClasspathManager::findLocalClass (210 bytes)
C1 CompilerThread1  8326 5604       3       java.util.stream.ReferencePipeline$StatefulOp::<init> (29 bytes)
C1 CompilerThread2  8326 5601       3       com.google.inject.TypeLiteral::get (9 bytes)
C1 CompilerThread3  8326 5595       3       com.google.inject.internal.MoreTypes::getRawType (141 bytes)
Total: 12

VM state: not at safepoint (normal execution)

VM Mutex/Monitor currently owned by a thread:  ([mutex/lock_event])
[0x00007ffddcde3458] Metaspace_lock - owner thread: 0x0000000000000000

Heap address: 0x0000000080000000, size: 2048 MB, Compressed Oops mode: 32-bit

CDS archive(s) mapped at: [0x000002c530000000-0x000002c530ba0000-0x000002c530ba0000), size 12189696, SharedBaseAddress: 0x000002c530000000, ArchiveRelocationMode: 1.
Compressed class space mapped at: 0x000002c531000000-0x000002c571000000, reserved size: 1073741824
Narrow klass base: 0x000002c530000000, Narrow klass shift: 0, Narrow klass range: 0x100000000

GC Precious Log:
 CardTable entry size: 512
 CPUs: 16 total, 16 available
 Memory: 15772M
 Large Page Support: Disabled
 NUMA Support: Disabled
 Compressed Oops: Enabled (32-bit)
 Alignments: Space 512K, Generation 512K, Heap 2M
 Heap Min Capacity: 100M
 Heap Initial Capacity: 100M
 Heap Max Capacity: 2G
 Pre-touch: Disabled
 Parallel Workers: 13

Heap:
 PSYoungGen      total 23040K, used 18617K [0x00000000d5580000, 0x00000000d7200000, 0x0000000100000000)
  eden space 22016K, 79% used [0x00000000d5580000,0x00000000d66ae740,0x00000000d6b00000)
  from space 1024K, 100% used [0x00000000d7100000,0x00000000d7200000,0x00000000d7200000)
  to   space 1536K, 0% used [0x00000000d6f00000,0x00000000d6f00000,0x00000000d7080000)
 ParOldGen       total 68608K, used 19204K [0x0000000080000000, 0x0000000084300000, 0x00000000d5580000)
  object space 68608K, 27% used [0x0000000080000000,0x00000000812c1060,0x0000000084300000)
 Metaspace       used 41728K, committed 42880K, reserved 1114112K
  class space    used 4469K, committed 4928K, reserved 1048576K

Card table byte_map: [0x000002c518740000,0x000002c518b50000] _byte_map_base: 0x000002c518340000

Marking Bits: (ParMarkBitMap*) 0x00007ffddcdea340
 Begin Bits: [0x000002c52b230000, 0x000002c52d230000)
 End Bits:   [0x000002c52d230000, 0x000002c52f230000)

Polling page: 0x000002c516df0000

Metaspace:

Usage:
  Non-class:     36.39 MB used.
      Class:      4.36 MB used.
       Both:     40.75 MB used.

Virtual space:
  Non-class space:       64.00 MB reserved,      37.06 MB ( 58%) committed,  1 nodes.
      Class space:        1.00 GB reserved,       4.81 MB ( <1%) committed,  1 nodes.
             Both:        1.06 GB reserved,      41.88 MB (  4%) committed. 

Chunk freelists:
   Non-Class:  10.92 MB
       Class:  11.16 MB
        Both:  22.08 MB

MaxMetaspaceSize: unlimited
CompressedClassSpaceSize: 1.00 GB
Initial GC threshold: 21.00 MB
Current GC threshold: 58.38 MB
CDS: on
 - commit_granule_bytes: 65536.
 - commit_granule_words: 8192.
 - virtual_space_node_default_size: 8388608.
 - enlarge_chunks_in_place: 1.
 - use_allocation_guard: 0.


Internal statistics:

num_allocs_failed_limit: 6.
num_arena_births: 758.
num_arena_deaths: 14.
num_vsnodes_births: 2.
num_vsnodes_deaths: 0.
num_space_committed: 670.
num_space_uncommitted: 0.
num_chunks_returned_to_freelist: 20.
num_chunks_taken_from_freelist: 2375.
num_chunk_merges: 11.
num_chunk_splits: 1473.
num_chunks_enlarged: 867.
num_inconsistent_stats: 0.

CodeHeap 'non-profiled nmethods': size=119168Kb used=2240Kb max_used=2240Kb free=116927Kb
 bounds [0x000002c523b20000, 0x000002c523d90000, 0x000002c52af80000]
CodeHeap 'profiled nmethods': size=119104Kb used=10525Kb max_used=10525Kb free=108578Kb
 bounds [0x000002c51bf80000, 0x000002c51c9d0000, 0x000002c5233d0000]
CodeHeap 'non-nmethods': size=7488Kb used=3098Kb max_used=3145Kb free=4389Kb
 bounds [0x000002c5233d0000, 0x000002c523760000, 0x000002c523b20000]
CodeCache: size=245760Kb, used=15863Kb, max_used=15910Kb, free=229894Kb
 total_blobs=5691, nmethods=4984, adapters=610, full_count=0
Compilation: enabled, stopped_count=0, restarted_count=0

Compilation events (20 events):
Event: 7.273 Thread 0x000002c573abeba0 5512       3       org.eclipse.sisu.space.NamedClass::<init> (15 bytes)
Event: 7.273 Thread 0x000002c571c45770 5513       3       org.eclipse.sisu.space.AbstractDeferredClass::<init> (5 bytes)
Event: 7.273 Thread 0x000002c571c45770 nmethod 5513 0x000002c51c99dc10 code [0x000002c51c99ddc0, 0x000002c51c99df28]
Event: 7.274 Thread 0x000002c573abeba0 nmethod 5512 0x000002c51c99e010 code [0x000002c51c99e1c0, 0x000002c51c99e3b8]
Event: 7.274 Thread 0x000002c57b142280 nmethod 5511 0x000002c51c99e490 code [0x000002c51c99e640, 0x000002c51c99e8f0]
Event: 7.274 Thread 0x000002c571d05b90 nmethod 5510 0x000002c51c99ea10 code [0x000002c51c99ec20, 0x000002c51c99f168]
Event: 7.274 Thread 0x000002c571c45770 5514       3       sun.nio.cs.StreamDecoder::implRead (232 bytes)
Event: 7.274 Thread 0x000002c573abeba0 5516       3       com.google.gson.stream.JsonReader::peekKeyword (272 bytes)
Event: 7.274 Thread 0x000002c57b142280 5523       3       com.google.gson.internal.LinkedTreeMap::find (284 bytes)
Event: 7.274 Thread 0x000002c571d05b90 5519       3       com.google.gson.internal.bind.JsonElementTypeAdapter::tryBeginNesting (62 bytes)
Event: 7.275 Thread 0x000002c571d05b90 nmethod 5519 0x000002c51c99f310 code [0x000002c51c99f560, 0x000002c51c99ff40]
Event: 7.275 Thread 0x000002c571c45770 nmethod 5514 0x000002c51c9a0310 code [0x000002c51c9a05c0, 0x000002c51c9a12d8]
Event: 7.275 Thread 0x000002c57b142280 nmethod 5523 0x000002c51c9a1710 code [0x000002c51c9a1a20, 0x000002c51c9a2ba0]
Event: 7.275 Thread 0x000002c573abeba0 nmethod 5516 0x000002c51c9a3190 code [0x000002c51c9a34a0, 0x000002c51c9a4720]
Event: 7.275 Thread 0x000002c571d05b90 5520       3       com.google.gson.JsonElement::<init> (5 bytes)
Event: 7.276 Thread 0x000002c571d05b90 nmethod 5520 0x000002c51c9a4e90 code [0x000002c51c9a5040, 0x000002c51c9a51a8]
Event: 7.276 Thread 0x000002c571c45770 5517       3       com.google.gson.stream.JsonReader::isLiteral (148 bytes)
Event: 7.276 Thread 0x000002c57c342ea0 5493       4       java.lang.invoke.MethodType::makeImpl (109 bytes)
Event: 7.276 Thread 0x000002c571d05b90 5521       3       com.google.gson.JsonObject::add (21 bytes)
Event: 7.276 Thread 0x000002c57b142280 5522       3       com.google.gson.internal.LinkedTreeMap::put (56 bytes)

GC Heap History (20 events):
Event: 1.979 GC heap before
{Heap before GC invocations=7 (full 0):
 PSYoungGen      total 29696K, used 23497K [0x00000000d5580000, 0x00000000d7900000, 0x0000000100000000)
  eden space 24576K, 76% used [0x00000000d5580000,0x00000000d67eab60,0x00000000d6d80000)
  from space 5120K, 90% used [0x00000000d7400000,0x00000000d7887940,0x00000000d7900000)
  to   space 5120K, 0% used [0x00000000d6f00000,0x00000000d6f00000,0x00000000d7400000)
 ParOldGen       total 68608K, used 7621K [0x0000000080000000, 0x0000000084300000, 0x00000000d5580000)
  object space 68608K, 11% used [0x0000000080000000,0x0000000080771548,0x0000000084300000)
 Metaspace       used 20818K, committed 21504K, reserved 1114112K
  class space    used 2191K, committed 2496K, reserved 1048576K
}
Event: 1.983 GC heap after
{Heap after GC invocations=7 (full 0):
 PSYoungGen      total 29184K, used 4506K [0x00000000d5580000, 0x00000000d7780000, 0x0000000100000000)
  eden space 24576K, 0% used [0x00000000d5580000,0x00000000d5580000,0x00000000d6d80000)
  from space 4608K, 97% used [0x00000000d6f00000,0x00000000d73669e0,0x00000000d7380000)
  to   space 4096K, 0% used [0x00000000d7380000,0x00000000d7380000,0x00000000d7780000)
 ParOldGen       total 68608K, used 9015K [0x0000000080000000, 0x0000000084300000, 0x00000000d5580000)
  object space 68608K, 13% used [0x0000000080000000,0x00000000808cdd60,0x0000000084300000)
 Metaspace       used 20818K, committed 21504K, reserved 1114112K
  class space    used 2191K, committed 2496K, reserved 1048576K
}
Event: 1.983 GC heap before
{Heap before GC invocations=8 (full 1):
 PSYoungGen      total 29184K, used 4506K [0x00000000d5580000, 0x00000000d7780000, 0x0000000100000000)
  eden space 24576K, 0% used [0x00000000d5580000,0x00000000d5580000,0x00000000d6d80000)
  from space 4608K, 97% used [0x00000000d6f00000,0x00000000d73669e0,0x00000000d7380000)
  to   space 4096K, 0% used [0x00000000d7380000,0x00000000d7380000,0x00000000d7780000)
 ParOldGen       total 68608K, used 9015K [0x0000000080000000, 0x0000000084300000, 0x00000000d5580000)
  object space 68608K, 13% used [0x0000000080000000,0x00000000808cdd60,0x0000000084300000)
 Metaspace       used 20818K, committed 21504K, reserved 1114112K
  class space    used 2191K, committed 2496K, reserved 1048576K
}
Event: 2.004 GC heap after
{Heap after GC invocations=8 (full 1):
 PSYoungGen      total 29184K, used 0K [0x00000000d5580000, 0x00000000d7780000, 0x0000000100000000)
  eden space 24576K, 0% used [0x00000000d5580000,0x00000000d5580000,0x00000000d6d80000)
  from space 4608K, 0% used [0x00000000d6f00000,0x00000000d6f00000,0x00000000d7380000)
  to   space 4096K, 0% used [0x00000000d7380000,0x00000000d7380000,0x00000000d7780000)
 ParOldGen       total 68608K, used 12896K [0x0000000080000000, 0x0000000084300000, 0x00000000d5580000)
  object space 68608K, 18% used [0x0000000080000000,0x0000000080c98200,0x0000000084300000)
 Metaspace       used 20805K, committed 21504K, reserved 1114112K
  class space    used 2188K, committed 2496K, reserved 1048576K
}
Event: 2.147 GC heap before
{Heap before GC invocations=9 (full 1):
 PSYoungGen      total 29184K, used 24576K [0x00000000d5580000, 0x00000000d7780000, 0x0000000100000000)
  eden space 24576K, 100% used [0x00000000d5580000,0x00000000d6d80000,0x00000000d6d80000)
  from space 4608K, 0% used [0x00000000d6f00000,0x00000000d6f00000,0x00000000d7380000)
  to   space 4096K, 0% used [0x00000000d7380000,0x00000000d7380000,0x00000000d7780000)
 ParOldGen       total 68608K, used 12896K [0x0000000080000000, 0x0000000084300000, 0x00000000d5580000)
  object space 68608K, 18% used [0x0000000080000000,0x0000000080c98200,0x0000000084300000)
 Metaspace       used 23482K, committed 24256K, reserved 1114112K
  class space    used 2356K, committed 2688K, reserved 1048576K
}
Event: 2.148 GC heap after
{Heap after GC invocations=9 (full 1):
 PSYoungGen      total 25088K, used 514K [0x00000000d5580000, 0x00000000d7480000, 0x0000000100000000)
  eden space 24064K, 0% used [0x00000000d5580000,0x00000000d5580000,0x00000000d6d00000)
  from space 1024K, 50% used [0x00000000d7380000,0x00000000d7400bb0,0x00000000d7480000)
  to   space 2048K, 0% used [0x00000000d7080000,0x00000000d7080000,0x00000000d7280000)
 ParOldGen       total 68608K, used 12904K [0x0000000080000000, 0x0000000084300000, 0x00000000d5580000)
  object space 68608K, 18% used [0x0000000080000000,0x0000000080c9a200,0x0000000084300000)
 Metaspace       used 23482K, committed 24256K, reserved 1114112K
  class space    used 2356K, committed 2688K, reserved 1048576K
}
Event: 2.278 GC heap before
{Heap before GC invocations=10 (full 1):
 PSYoungGen      total 25088K, used 24578K [0x00000000d5580000, 0x00000000d7480000, 0x0000000100000000)
  eden space 24064K, 100% used [0x00000000d5580000,0x00000000d6d00000,0x00000000d6d00000)
  from space 1024K, 50% used [0x00000000d7380000,0x00000000d7400bb0,0x00000000d7480000)
  to   space 2048K, 0% used [0x00000000d7080000,0x00000000d7080000,0x00000000d7280000)
 ParOldGen       total 68608K, used 12904K [0x0000000080000000, 0x0000000084300000, 0x00000000d5580000)
  object space 68608K, 18% used [0x0000000080000000,0x0000000080c9a200,0x0000000084300000)
 Metaspace       used 26459K, committed 27200K, reserved 1114112K
  class space    used 2591K, committed 2880K, reserved 1048576K
}
Event: 2.279 GC heap after
{Heap after GC invocations=10 (full 1):
 PSYoungGen      total 25600K, used 1568K [0x00000000d5580000, 0x00000000d7400000, 0x0000000100000000)
  eden space 23552K, 0% used [0x00000000d5580000,0x00000000d5580000,0x00000000d6c80000)
  from space 2048K, 76% used [0x00000000d7080000,0x00000000d7208370,0x00000000d7280000)
  to   space 1536K, 0% used [0x00000000d7280000,0x00000000d7280000,0x00000000d7400000)
 ParOldGen       total 68608K, used 13693K [0x0000000080000000, 0x0000000084300000, 0x00000000d5580000)
  object space 68608K, 19% used [0x0000000080000000,0x0000000080d5f710,0x0000000084300000)
 Metaspace       used 26459K, committed 27200K, reserved 1114112K
  class space    used 2591K, committed 2880K, reserved 1048576K
}
Event: 2.445 GC heap before
{Heap before GC invocations=11 (full 1):
 PSYoungGen      total 25600K, used 25120K [0x00000000d5580000, 0x00000000d7400000, 0x0000000100000000)
  eden space 23552K, 100% used [0x00000000d5580000,0x00000000d6c80000,0x00000000d6c80000)
  from space 2048K, 76% used [0x00000000d7080000,0x00000000d7208370,0x00000000d7280000)
  to   space 1536K, 0% used [0x00000000d7280000,0x00000000d7280000,0x00000000d7400000)
 ParOldGen       total 68608K, used 13693K [0x0000000080000000, 0x0000000084300000, 0x00000000d5580000)
  object space 68608K, 19% used [0x0000000080000000,0x0000000080d5f710,0x0000000084300000)
 Metaspace       used 28781K, committed 29696K, reserved 1114112K
  class space    used 2800K, committed 3200K, reserved 1048576K
}
Event: 2.446 GC heap after
{Heap after GC invocations=11 (full 1):
 PSYoungGen      total 24576K, used 1485K [0x00000000d5580000, 0x00000000d7400000, 0x0000000100000000)
  eden space 23040K, 0% used [0x00000000d5580000,0x00000000d5580000,0x00000000d6c00000)
  from space 1536K, 96% used [0x00000000d7280000,0x00000000d73f34d0,0x00000000d7400000)
  to   space 1536K, 0% used [0x00000000d7100000,0x00000000d7100000,0x00000000d7280000)
 ParOldGen       total 68608K, used 14755K [0x0000000080000000, 0x0000000084300000, 0x00000000d5580000)
  object space 68608K, 21% used [0x0000000080000000,0x0000000080e68e50,0x0000000084300000)
 Metaspace       used 28781K, committed 29696K, reserved 1114112K
  class space    used 2800K, committed 3200K, reserved 1048576K
}
Event: 2.604 GC heap before
{Heap before GC invocations=12 (full 1):
 PSYoungGen      total 24576K, used 24524K [0x00000000d5580000, 0x00000000d7400000, 0x0000000100000000)
  eden space 23040K, 99% used [0x00000000d5580000,0x00000000d6bffbd8,0x00000000d6c00000)
  from space 1536K, 96% used [0x00000000d7280000,0x00000000d73f34d0,0x00000000d7400000)
  to   space 1536K, 0% used [0x00000000d7100000,0x00000000d7100000,0x00000000d7280000)
 ParOldGen       total 68608K, used 14755K [0x0000000080000000, 0x0000000084300000, 0x00000000d5580000)
  object space 68608K, 21% used [0x0000000080000000,0x0000000080e68e50,0x0000000084300000)
 Metaspace       used 32018K, committed 32960K, reserved 1114112K
  class space    used 3184K, committed 3584K, reserved 1048576K
}
Event: 2.606 GC heap after
{Heap after GC invocations=12 (full 1):
 PSYoungGen      total 24064K, used 1516K [0x00000000d5580000, 0x00000000d7300000, 0x0000000100000000)
  eden space 22528K, 0% used [0x00000000d5580000,0x00000000d5580000,0x00000000d6b80000)
  from space 1536K, 98% used [0x00000000d7100000,0x00000000d727b370,0x00000000d7280000)
  to   space 512K, 0% used [0x00000000d7280000,0x00000000d7280000,0x00000000d7300000)
 ParOldGen       total 68608K, used 16210K [0x0000000080000000, 0x0000000084300000, 0x00000000d5580000)
  object space 68608K, 23% used [0x0000000080000000,0x0000000080fd4b78,0x0000000084300000)
 Metaspace       used 32018K, committed 32960K, reserved 1114112K
  class space    used 3184K, committed 3584K, reserved 1048576K
}
Event: 4.737 GC heap before
{Heap before GC invocations=13 (full 1):
 PSYoungGen      total 24064K, used 23886K [0x00000000d5580000, 0x00000000d7300000, 0x0000000100000000)
  eden space 22528K, 99% used [0x00000000d5580000,0x00000000d6b587f0,0x00000000d6b80000)
  from space 1536K, 98% used [0x00000000d7100000,0x00000000d727b370,0x00000000d7280000)
  to   space 512K, 0% used [0x00000000d7280000,0x00000000d7280000,0x00000000d7300000)
 ParOldGen       total 68608K, used 16210K [0x0000000080000000, 0x0000000084300000, 0x00000000d5580000)
  object space 68608K, 23% used [0x0000000080000000,0x0000000080fd4b78,0x0000000084300000)
 Metaspace       used 34837K, committed 35840K, reserved 1114112K
  class space    used 3524K, committed 3968K, reserved 1048576K
}
Event: 4.739 GC heap after
{Heap after GC invocations=13 (full 1):
 PSYoungGen      total 23040K, used 512K [0x00000000d5580000, 0x00000000d7300000, 0x0000000100000000)
  eden space 22528K, 0% used [0x00000000d5580000,0x00000000d5580000,0x00000000d6b80000)
  from space 512K, 100% used [0x00000000d7280000,0x00000000d7300000,0x00000000d7300000)
  to   space 3584K, 0% used [0x00000000d6c00000,0x00000000d6c00000,0x00000000d6f80000)
 ParOldGen       total 68608K, used 18910K [0x0000000080000000, 0x0000000084300000, 0x00000000d5580000)
  object space 68608K, 27% used [0x0000000080000000,0x0000000081277be8,0x0000000084300000)
 Metaspace       used 34837K, committed 35840K, reserved 1114112K
  class space    used 3524K, committed 3968K, reserved 1048576K
}
Event: 4.739 GC heap before
{Heap before GC invocations=14 (full 2):
 PSYoungGen      total 23040K, used 512K [0x00000000d5580000, 0x00000000d7300000, 0x0000000100000000)
  eden space 22528K, 0% used [0x00000000d5580000,0x00000000d5580000,0x00000000d6b80000)
  from space 512K, 100% used [0x00000000d7280000,0x00000000d7300000,0x00000000d7300000)
  to   space 3584K, 0% used [0x00000000d6c00000,0x00000000d6c00000,0x00000000d6f80000)
 ParOldGen       total 68608K, used 18910K [0x0000000080000000, 0x0000000084300000, 0x00000000d5580000)
  object space 68608K, 27% used [0x0000000080000000,0x0000000081277be8,0x0000000084300000)
 Metaspace       used 34837K, committed 35840K, reserved 1114112K
  class space    used 3524K, committed 3968K, reserved 1048576K
}
Event: 4.760 GC heap after
{Heap after GC invocations=14 (full 2):
 PSYoungGen      total 23040K, used 0K [0x00000000d5580000, 0x00000000d7300000, 0x0000000100000000)
  eden space 22528K, 0% used [0x00000000d5580000,0x00000000d5580000,0x00000000d6b80000)
  from space 512K, 0% used [0x00000000d7280000,0x00000000d7280000,0x00000000d7300000)
  to   space 3584K, 0% used [0x00000000d6c00000,0x00000000d6c00000,0x00000000d6f80000)
 ParOldGen       total 68608K, used 18441K [0x0000000080000000, 0x0000000084300000, 0x00000000d5580000)
  object space 68608K, 26% used [0x0000000080000000,0x0000000081202508,0x0000000084300000)
 Metaspace       used 34837K, committed 35840K, reserved 1114112K
  class space    used 3524K, committed 3968K, reserved 1048576K
}
Event: 4.919 GC heap before
{Heap before GC invocations=15 (full 2):
 PSYoungGen      total 23040K, used 22528K [0x00000000d5580000, 0x00000000d7300000, 0x0000000100000000)
  eden space 22528K, 100% used [0x00000000d5580000,0x00000000d6b80000,0x00000000d6b80000)
  from space 512K, 0% used [0x00000000d7280000,0x00000000d7280000,0x00000000d7300000)
  to   space 3584K, 0% used [0x00000000d6c00000,0x00000000d6c00000,0x00000000d6f80000)
 ParOldGen       total 68608K, used 18441K [0x0000000080000000, 0x0000000084300000, 0x00000000d5580000)
  object space 68608K, 26% used [0x0000000080000000,0x0000000081202508,0x0000000084300000)
 Metaspace       used 38149K, committed 39232K, reserved 1114112K
  class space    used 3986K, committed 4416K, reserved 1048576K
}
Event: 4.921 GC heap after
{Heap after GC invocations=15 (full 2):
 PSYoungGen      total 25600K, used 970K [0x00000000d5580000, 0x00000000d7300000, 0x0000000100000000)
  eden space 22016K, 0% used [0x00000000d5580000,0x00000000d5580000,0x00000000d6b00000)
  from space 3584K, 27% used [0x00000000d6c00000,0x00000000d6cf2b48,0x00000000d6f80000)
  to   space 2048K, 0% used [0x00000000d7100000,0x00000000d7100000,0x00000000d7300000)
 ParOldGen       total 68608K, used 18449K [0x0000000080000000, 0x0000000084300000, 0x00000000d5580000)
  object space 68608K, 26% used [0x0000000080000000,0x0000000081204508,0x0000000084300000)
 Metaspace       used 38149K, committed 39232K, reserved 1114112K
  class space    used 3986K, committed 4416K, reserved 1048576K
}
Event: 6.152 GC heap before
{Heap before GC invocations=16 (full 2):
 PSYoungGen      total 25600K, used 22980K [0x00000000d5580000, 0x00000000d7300000, 0x0000000100000000)
  eden space 22016K, 99% used [0x00000000d5580000,0x00000000d6afe740,0x00000000d6b00000)
  from space 3584K, 27% used [0x00000000d6c00000,0x00000000d6cf2b48,0x00000000d6f80000)
  to   space 2048K, 0% used [0x00000000d7100000,0x00000000d7100000,0x00000000d7300000)
 ParOldGen       total 68608K, used 18449K [0x0000000080000000, 0x0000000084300000, 0x00000000d5580000)
  object space 68608K, 26% used [0x0000000080000000,0x0000000081204508,0x0000000084300000)
 Metaspace       used 40478K, committed 41536K, reserved 1114112K
  class space    used 4302K, committed 4736K, reserved 1048576K
}
Event: 6.154 GC heap after
{Heap after GC invocations=16 (full 2):
 PSYoungGen      total 23040K, used 1024K [0x00000000d5580000, 0x00000000d7200000, 0x0000000100000000)
  eden space 22016K, 0% used [0x00000000d5580000,0x00000000d5580000,0x00000000d6b00000)
  from space 1024K, 100% used [0x00000000d7100000,0x00000000d7200000,0x00000000d7200000)
  to   space 1536K, 0% used [0x00000000d6f00000,0x00000000d6f00000,0x00000000d7080000)
 ParOldGen       total 68608K, used 19204K [0x0000000080000000, 0x0000000084300000, 0x00000000d5580000)
  object space 68608K, 27% used [0x0000000080000000,0x00000000812c1060,0x0000000084300000)
 Metaspace       used 40478K, committed 41536K, reserved 1114112K
  class space    used 4302K, committed 4736K, reserved 1048576K
}

Dll operation events (12 events):
Event: 0.012 Loaded shared library c:\Users\marti\.vscode\extensions\redhat.java-1.46.0-win32-x64\jre\21.0.8-win32-x86_64\bin\java.dll
Event: 0.060 Loaded shared library c:\Users\marti\.vscode\extensions\redhat.java-1.46.0-win32-x64\jre\21.0.8-win32-x86_64\bin\zip.dll
Event: 0.072 Loaded shared library C:\Users\marti\.vscode\extensions\redhat.java-1.46.0-win32-x64\jre\21.0.8-win32-x86_64\bin\instrument.dll
Event: 0.075 Loaded shared library C:\Users\marti\.vscode\extensions\redhat.java-1.46.0-win32-x64\jre\21.0.8-win32-x86_64\bin\net.dll
Event: 0.077 Loaded shared library C:\Users\marti\.vscode\extensions\redhat.java-1.46.0-win32-x64\jre\21.0.8-win32-x86_64\bin\nio.dll
Event: 0.079 Loaded shared library C:\Users\marti\.vscode\extensions\redhat.java-1.46.0-win32-x64\jre\21.0.8-win32-x86_64\bin\zip.dll
Event: 0.090 Loaded shared library C:\Users\marti\.vscode\extensions\redhat.java-1.46.0-win32-x64\jre\21.0.8-win32-x86_64\bin\jimage.dll
Event: 0.138 Loaded shared library c:\Users\marti\.vscode\extensions\redhat.java-1.46.0-win32-x64\jre\21.0.8-win32-x86_64\bin\verify.dll
Event: 0.840 Loaded shared library C:\Users\marti\AppData\Roaming\Code\User\globalStorage\redhat.java\1.46.0\config_win\org.eclipse.equinox.launcher\org.eclipse.equinox.launcher.win32.win32.x86_64_1.2.1400.v20250801-0854\eclipse_11916.dll
Event: 1.671 Loaded shared library C:\Users\marti\AppData\Local\Temp\jna-103666771\jna2671875381800513660.dll
Event: 2.568 Loaded shared library C:\Users\marti\.vscode\extensions\redhat.java-1.46.0-win32-x64\jre\21.0.8-win32-x86_64\bin\sunmscapi.dll
Event: 4.808 Loaded shared library C:\Users\marti\.vscode\extensions\redhat.java-1.46.0-win32-x64\jre\21.0.8-win32-x86_64\bin\extnet.dll

Deoptimization events (20 events):
Event: 6.183 Thread 0x000002c5787104b0 DEOPT PACKING pc=0x000002c523bed478 sp=0x000000e6baefe600
Event: 6.183 Thread 0x000002c5787104b0 DEOPT UNPACKING pc=0x000002c523423aa2 sp=0x000000e6baefe570 mode 2
Event: 6.183 Thread 0x000002c5787104b0 Uncommon trap: trap_request=0xffffffc6 fr.pc=0x000002c523b781c0 relative=0x00000000000003e0
Event: 6.183 Thread 0x000002c5787104b0 Uncommon trap: reason=bimorphic_or_optimized_type_check action=maybe_recompile pc=0x000002c523b781c0 method=sun.security.util.math.intpoly.IntegerPolynomial.multByInt([JJ)V @ 26 c2
Event: 6.183 Thread 0x000002c5787104b0 DEOPT PACKING pc=0x000002c523b781c0 sp=0x000000e6baefe570
Event: 6.183 Thread 0x000002c5787104b0 DEOPT UNPACKING pc=0x000002c523423aa2 sp=0x000000e6baefe570 mode 2
Event: 6.187 Thread 0x000002c57a3cb580 Uncommon trap: trap_request=0xffffff45 fr.pc=0x000002c523c65cd4 relative=0x0000000000000134
Event: 6.187 Thread 0x000002c57a3cb580 Uncommon trap: reason=unstable_if action=reinterpret pc=0x000002c523c65cd4 method=java.util.ArrayList.indexOfRange(Ljava/lang/Object;II)I @ 7 c2
Event: 6.187 Thread 0x000002c57a3cb580 DEOPT PACKING pc=0x000002c523c65cd4 sp=0x000000e6bc8fe2a0
Event: 6.187 Thread 0x000002c57a3cb580 DEOPT UNPACKING pc=0x000002c523423aa2 sp=0x000000e6bc8fe160 mode 2
Event: 6.200 Thread 0x000002c57a3cb580 Uncommon trap: trap_request=0xffffff45 fr.pc=0x000002c523c5c330 relative=0x0000000000000110
Event: 6.200 Thread 0x000002c57a3cb580 Uncommon trap: reason=unstable_if action=reinterpret pc=0x000002c523c5c330 method=java.util.ArrayList.indexOfRange(Ljava/lang/Object;II)I @ 7 c2
Event: 6.200 Thread 0x000002c57a3cb580 DEOPT PACKING pc=0x000002c523c5c330 sp=0x000000e6bc8fe1f0
Event: 6.200 Thread 0x000002c57a3cb580 DEOPT UNPACKING pc=0x000002c523423aa2 sp=0x000000e6bc8fe170 mode 2
Event: 7.260 Thread 0x000002c57a3a1bd0 DEOPT PACKING pc=0x000002c51c953735 sp=0x000000e6bd1fe8b0
Event: 7.260 Thread 0x000002c57a3a1bd0 DEOPT UNPACKING pc=0x000002c523424242 sp=0x000000e6bd1fddd8 mode 0
Event: 7.273 Thread 0x000002c57a3a1bd0 Uncommon trap: trap_request=0xffffff45 fr.pc=0x000002c523b813b8 relative=0x0000000000000558
Event: 7.273 Thread 0x000002c57a3a1bd0 Uncommon trap: reason=unstable_if action=reinterpret pc=0x000002c523b813b8 method=sun.nio.cs.StreamDecoder.implRead([CII)I @ 36 c2
Event: 7.273 Thread 0x000002c57a3a1bd0 DEOPT PACKING pc=0x000002c523b813b8 sp=0x000000e6bd1fe780
Event: 7.273 Thread 0x000002c57a3a1bd0 DEOPT UNPACKING pc=0x000002c523423aa2 sp=0x000000e6bd1fe720 mode 2

Classes loaded (20 events):
Event: 7.242 Loading class sun/security/ssl/SSLCipher$T12GcmReadCipherGenerator$GcmReadCipher done
Event: 7.242 Loading class com/sun/crypto/provider/GaloisCounterMode$GCMDecrypt
Event: 7.242 Loading class com/sun/crypto/provider/GaloisCounterMode$GCMDecrypt done
Event: 7.243 Loading class com/sun/crypto/provider/GaloisCounterMode$DecryptOp
Event: 7.243 Loading class com/sun/crypto/provider/GaloisCounterMode$DecryptOp done
Event: 7.244 Loading class jdk/internal/event/TLSHandshakeEvent
Event: 7.244 Loading class jdk/internal/event/TLSHandshakeEvent done
Event: 7.244 Loading class javax/net/ssl/HandshakeCompletedEvent
Event: 7.244 Loading class javax/net/ssl/HandshakeCompletedEvent done
Event: 7.244 Loading class sun/security/ssl/TransportContext$NotifyHandshake
Event: 7.245 Loading class sun/security/ssl/TransportContext$NotifyHandshake done
Event: 7.245 Loading class javax/net/ssl/SSLEngineResult$HandshakeStatus
Event: 7.245 Loading class javax/net/ssl/SSLEngineResult$HandshakeStatus done
Event: 7.245 Loading class sun/security/ssl/TransportContext$NotifyHandshake$1
Event: 7.245 Loading class sun/security/ssl/TransportContext$NotifyHandshake$1 done
Event: 7.246 Loading class sun/net/www/protocol/http/AuthenticationInfo
Event: 7.246 Loading class sun/net/www/protocol/http/AuthCacheValue
Event: 7.246 Loading class sun/net/www/protocol/http/AuthCacheValue done
Event: 7.246 Loading class sun/net/www/protocol/http/AuthenticationInfo done
Event: 7.376 Loading class sun/net/www/HeaderParser

Classes unloaded (7 events):
Event: 1.985 Thread 0x000002c518e2f9c0 Unloading class 0x000002c5311a2800 'java/lang/invoke/LambdaForm$MH+0x000002c5311a2800'
Event: 1.985 Thread 0x000002c518e2f9c0 Unloading class 0x000002c5311a2400 'java/lang/invoke/LambdaForm$MH+0x000002c5311a2400'
Event: 1.985 Thread 0x000002c518e2f9c0 Unloading class 0x000002c5311a2000 'java/lang/invoke/LambdaForm$MH+0x000002c5311a2000'
Event: 1.985 Thread 0x000002c518e2f9c0 Unloading class 0x000002c5311a1c00 'java/lang/invoke/LambdaForm$MH+0x000002c5311a1c00'
Event: 1.985 Thread 0x000002c518e2f9c0 Unloading class 0x000002c5311a1800 'java/lang/invoke/LambdaForm$BMH+0x000002c5311a1800'
Event: 1.985 Thread 0x000002c518e2f9c0 Unloading class 0x000002c5311a1400 'java/lang/invoke/LambdaForm$DMH+0x000002c5311a1400'
Event: 1.985 Thread 0x000002c518e2f9c0 Unloading class 0x000002c5311a0000 'java/lang/invoke/LambdaForm$DMH+0x000002c5311a0000'

Classes redefined (0 events):
No events

Internal exceptions (20 events):
Event: 2.618 Thread 0x000002c578712c10 Exception <a 'java/io/FileNotFoundException'{0x00000000d56edff8}> (0x00000000d56edff8) 
thrown [s\src\hotspot\share\prims\jni.cpp, line 520]
Event: 3.630 Thread 0x000002c57a3cb580 Exception <a 'java/lang/NoSuchMethodError'{0x00000000d5951ec8}: 'java.lang.Object java.lang.invoke.DirectMethodHandle$Holder.invokeStaticInit(java.lang.Object, java.lang.Object, java.lang.Object, java.lang.Object, java.lang.Object, java.lang.Object, java.lang.Object)'> (0x00000000d5951ec8) 
thrown [s\src\hotspot\share\interpreter\linkResolver.cpp, line 773]
Event: 3.631 Thread 0x000002c57a3cb580 Exception <a 'java/lang/NoSuchMethodError'{0x00000000d5956810}: 'java.lang.Object java.lang.invoke.Invokers$Holder.invoke_MT(java.lang.Object, java.lang.Object, java.lang.Object, java.lang.Object, java.lang.Object, java.lang.Object, java.lang.Object, java.lang.Object, java.lang.Object)'> (0x00000000d5956810) 
thrown [s\src\hotspot\share\interpreter\linkResolver.cpp, line 773]
Event: 3.637 Thread 0x000002c57a3cb580 Exception <a 'java/lang/NoSuchMethodError'{0x00000000d5b3e620}: 'int java.lang.invoke.DirectMethodHandle$Holder.invokeVirtual(java.lang.Object, java.lang.Object, java.lang.Object)'> (0x00000000d5b3e620) 
thrown [s\src\hotspot\share\interpreter\linkResolver.cpp, line 773]
Event: 3.638 Thread 0x000002c57a3cb580 Exception <a 'java/lang/NoSuchMethodError'{0x00000000d5b42408}: 'int java.lang.invoke.DirectMethodHandle$Holder.invokeStaticInit(java.lang.Object, int, int)'> (0x00000000d5b42408) 
thrown [s\src\hotspot\share\interpreter\linkResolver.cpp, line 773]
Event: 3.639 Thread 0x000002c57a3cb580 Exception <a 'java/lang/NoSuchMethodError'{0x00000000d5cd0170}: 'int java.lang.invoke.DirectMethodHandle$Holder.invokeStaticInit(java.lang.Object, long, long)'> (0x00000000d5cd0170) 
thrown [s\src\hotspot\share\interpreter\linkResolver.cpp, line 773]
Event: 3.639 Thread 0x000002c57a3cb580 Exception <a 'java/lang/NoSuchMethodError'{0x00000000d5cebe40}: 'int java.lang.invoke.DirectMethodHandle$Holder.invokeStaticInit(java.lang.Object, float, float)'> (0x00000000d5cebe40) 
thrown [s\src\hotspot\share\interpreter\linkResolver.cpp, line 773]
Event: 3.640 Thread 0x000002c57a3cb580 Exception <a 'java/lang/NoSuchMethodError'{0x00000000d5cfa248}: 'int java.lang.invoke.DirectMethodHandle$Holder.invokeStaticInit(java.lang.Object, double, double)'> (0x00000000d5cfa248) 
thrown [s\src\hotspot\share\interpreter\linkResolver.cpp, line 773]
Event: 3.640 Thread 0x000002c57a3cb580 Exception <a 'java/lang/NoSuchMethodError'{0x00000000d5d18650}: 'int java.lang.invoke.DirectMethodHandle$Holder.invokeStatic(java.lang.Object, long)'> (0x00000000d5d18650) 
thrown [s\src\hotspot\share\interpreter\linkResolver.cpp, line 773]
Event: 3.644 Thread 0x000002c57a3cb580 Exception <a 'java/lang/NoSuchMethodError'{0x00000000d5d8ce70}: 'int java.lang.invoke.Invokers$Holder.linkToTargetMethod(java.lang.Object, java.lang.Object)'> (0x00000000d5d8ce70) 
thrown [s\src\hotspot\share\interpreter\linkResolver.cpp, line 773]
Event: 3.659 Thread 0x000002c57870fe20 Exception <a 'java/lang/NoSuchMethodError'{0x00000000d61b5d18}: 'int java.lang.invoke.DirectMethodHandle$Holder.invokeSpecial(java.lang.Object, java.lang.Object, java.lang.Object, java.lang.Object)'> (0x00000000d61b5d18) 
thrown [s\src\hotspot\share\interpreter\linkResolver.cpp, line 773]
Event: 3.661 Thread 0x000002c57870fe20 Exception <a 'java/lang/NoSuchMethodError'{0x00000000d6299618}: 'java.lang.Object java.lang.invoke.DirectMethodHandle$Holder.invokeStatic(java.lang.Object, int, java.lang.Object, java.lang.Object)'> (0x00000000d6299618) 
thrown [s\src\hotspot\share\interpreter\linkResolver.cpp, line 773]
Event: 3.661 Thread 0x000002c57870fe20 Exception <a 'java/lang/NoSuchMethodError'{0x00000000d629ce18}: 'java.lang.Object java.lang.invoke.DelegatingMethodHandle$Holder.delegate(java.lang.Object, int, java.lang.Object, java.lang.Object)'> (0x00000000d629ce18) 
thrown [s\src\hotspot\share\interpreter\linkResolver.cpp, line 773]
Event: 3.663 Thread 0x000002c57870fe20 Implicit null exception at 0x000002c523ceeb76 to 0x000002c523ceee98
Event: 3.665 Thread 0x000002c57870fe20 Exception <a 'java/lang/NoSuchMethodError'{0x00000000d638ef50}: 'int java.lang.invoke.Invokers$Holder.linkToTargetMethod(java.lang.Object, java.lang.Object, java.lang.Object)'> (0x00000000d638ef50) 
thrown [s\src\hotspot\share\interpreter\linkResolver.cpp, line 773]
Event: 4.720 Thread 0x000002c57a3cb580 Exception <a 'java/lang/NoSuchMethodError'{0x00000000d68c3ba8}: 'java.lang.Object java.lang.invoke.DirectMethodHandle$Holder.invokeSpecialIFC(java.lang.Object, java.lang.Object, java.lang.Object, java.lang.Object)'> (0x00000000d68c3ba8) 
thrown [s\src\hotspot\share\interpreter\linkResolver.cpp, line 773]
Event: 4.983 Thread 0x000002c518d8c8c0 Exception <a 'java/lang/NoSuchMethodError'{0x00000000d5c9b728}: 'void java.lang.invoke.DirectMethodHandle$Holder.invokeSpecial(java.lang.Object, java.lang.Object, java.lang.Object, java.lang.Object, java.lang.Object, java.lang.Object)'> (0x00000000d5c9b728) 
thrown [s\src\hotspot\share\interpreter\linkResolver.cpp, line 773]
Event: 4.984 Thread 0x000002c518d8c8c0 Exception <a 'java/lang/IncompatibleClassChangeError'{0x00000000d5ca3510}: Found class java.lang.Object, but interface was expected> (0x00000000d5ca3510) 
thrown [s\src\hotspot\share\interpreter\linkResolver.cpp, line 840]
Event: 4.984 Thread 0x000002c518d8c8c0 Exception <a 'java/lang/IncompatibleClassChangeError'{0x00000000d5cb7c88}: Found class java.lang.Object, but interface was expected> (0x00000000d5cb7c88) 
thrown [s\src\hotspot\share\interpreter\linkResolver.cpp, line 840]
Event: 6.157 Thread 0x000002c57a3cb580 Exception <a 'java/lang/NoClassDefFoundError'{0x00000000d55912e0}: javax/enterprise/inject/Typed> (0x00000000d55912e0) 
thrown [s\src\hotspot\share\classfile\systemDictionary.cpp, line 301]

ZGC Phase Switch (0 events):
No events

VM Operations (20 events):
Event: 4.770 Executing VM operation: HandshakeAllThreads (Deoptimize) done
Event: 4.790 Executing VM operation: HandshakeAllThreads (Deoptimize)
Event: 4.790 Executing VM operation: HandshakeAllThreads (Deoptimize) done
Event: 4.840 Executing VM operation: HandshakeAllThreads (Deoptimize)
Event: 4.840 Executing VM operation: HandshakeAllThreads (Deoptimize) done
Event: 4.919 Executing VM operation: ParallelGCFailedAllocation (Allocation Failure)
Event: 4.921 Executing VM operation: ParallelGCFailedAllocation (Allocation Failure) done
Event: 4.928 Executing VM operation: HandshakeAllThreads (Deoptimize)
Event: 4.928 Executing VM operation: HandshakeAllThreads (Deoptimize) done
Event: 5.932 Executing VM operation: Cleanup
Event: 6.116 Executing VM operation: Cleanup done
Event: 6.135 Executing VM operation: HandshakeAllThreads (Deoptimize)
Event: 6.135 Executing VM operation: HandshakeAllThreads (Deoptimize) done
Event: 6.152 Executing VM operation: ParallelGCFailedAllocation (Allocation Failure)
Event: 6.154 Executing VM operation: ParallelGCFailedAllocation (Allocation Failure) done
Event: 6.155 Executing VM operation: HandshakeAllThreads (Deoptimize)
Event: 6.156 Executing VM operation: HandshakeAllThreads (Deoptimize) done
Event: 7.163 Executing VM operation: Cleanup
Event: 7.240 Executing VM operation: Cleanup done
Event: 8.247 Executing VM operation: Cleanup

Memory protections (0 events):
No events

Nmethod flushes (20 events):
Event: 4.751 Thread 0x000002c518e2f9c0 flushing  nmethod 0x000002c51c617d10
Event: 4.751 Thread 0x000002c518e2f9c0 flushing  nmethod 0x000002c51c61ec90
Event: 4.751 Thread 0x000002c518e2f9c0 flushing  nmethod 0x000002c51c649590
Event: 4.751 Thread 0x000002c518e2f9c0 flushing  nmethod 0x000002c51c64aa10
Event: 4.751 Thread 0x000002c518e2f9c0 flushing  nmethod 0x000002c51c64b310
Event: 4.751 Thread 0x000002c518e2f9c0 flushing  nmethod 0x000002c51c64d290
Event: 4.751 Thread 0x000002c518e2f9c0 flushing  nmethod 0x000002c51c64da10
Event: 4.751 Thread 0x000002c518e2f9c0 flushing  nmethod 0x000002c51c64ef90
Event: 4.751 Thread 0x000002c518e2f9c0 flushing  nmethod 0x000002c51c64f490
Event: 4.751 Thread 0x000002c518e2f9c0 flushing  nmethod 0x000002c51c64fd90
Event: 4.751 Thread 0x000002c518e2f9c0 flushing  nmethod 0x000002c51c650610
Event: 4.751 Thread 0x000002c518e2f9c0 flushing  nmethod 0x000002c51c651190
Event: 4.751 Thread 0x000002c518e2f9c0 flushing  nmethod 0x000002c51c652c10
Event: 4.751 Thread 0x000002c518e2f9c0 flushing  nmethod 0x000002c51c653590
Event: 4.751 Thread 0x000002c518e2f9c0 flushing  nmethod 0x000002c51c654690
Event: 4.751 Thread 0x000002c518e2f9c0 flushing  nmethod 0x000002c51c65ab90
Event: 4.751 Thread 0x000002c518e2f9c0 flushing  nmethod 0x000002c51c69a110
Event: 4.751 Thread 0x000002c518e2f9c0 flushing  nmethod 0x000002c51c69f390
Event: 4.751 Thread 0x000002c518e2f9c0 flushing  nmethod 0x000002c51c6c1990
Event: 4.751 Thread 0x000002c518e2f9c0 flushing  nmethod 0x000002c51c750490

Events (20 events):
Event: 2.601 Thread 0x000002c518d8c8c0 Thread added: 0x000002c57a3cc2a0
Event: 2.601 Thread 0x000002c518d8c8c0 Thread added: 0x000002c57a3c9b40
Event: 2.621 Thread 0x000002c518d8c8c0 Thread added: 0x000002c57a3ca1d0
Event: 3.625 Thread 0x000002c57870fe20 Thread added: 0x000002c57a3cb580
Event: 3.626 Thread 0x000002c57a3cb580 Thread added: 0x000002c57a3ca860
Event: 3.626 Thread 0x000002c57a3ca860 Thread added: 0x000002c57a3a1540
Event: 3.641 Thread 0x000002c571f0ebe0 Thread added: 0x000002c579d73080
Event: 3.652 Thread 0x000002c571d05b90 Thread added: 0x000002c57c343ad0
Event: 3.656 Thread 0x000002c571e05fc0 Thread added: 0x000002c57c342ea0
Event: 3.657 Thread 0x000002c571d05b90 Thread added: 0x000002c578f293a0
Event: 4.692 Thread 0x000002c571e05fc0 Thread exited: 0x000002c571e05fc0
Event: 4.692 Thread 0x000002c571f0ebe0 Thread exited: 0x000002c571f0ebe0
Event: 4.692 Thread 0x000002c571d05b90 Thread exited: 0x000002c571d05b90
Event: 4.730 Thread 0x000002c571c45770 Thread added: 0x000002c571d05b90
Event: 4.821 Thread 0x000002c571c45770 Thread added: 0x000002c573abeba0
Event: 5.007 Thread 0x000002c571d05b90 Thread added: 0x000002c57b142280
Event: 5.023 Thread 0x000002c518d8c8c0 Thread added: 0x000002c57a3a0eb0
Event: 5.023 Thread 0x000002c518d8c8c0 Thread added: 0x000002c57a3a1bd0
Event: 7.245 Thread 0x000002c5787104b0 Thread added: 0x000002c57a3a0190
Event: 7.246 Thread 0x000002c57a3a0190 Thread exited: 0x000002c57a3a0190


Dynamic libraries:
0x00007ff731010000 - 0x00007ff73101e000 	c:\Users\marti\.vscode\extensions\redhat.java-1.46.0-win32-x64\jre\21.0.8-win32-x86_64\bin\java.exe
0x00007ffe852a0000 - 0x00007ffe85508000 	C:\WINDOWS\SYSTEM32\ntdll.dll
0x00007ffe838f0000 - 0x00007ffe839b9000 	C:\WINDOWS\System32\KERNEL32.DLL
0x00007ffe827b0000 - 0x00007ffe82ba2000 	C:\WINDOWS\System32\KERNELBASE.dll
0x00007ffe82660000 - 0x00007ffe827ab000 	C:\WINDOWS\System32\ucrtbase.dll
0x00007ffe7d0c0000 - 0x00007ffe7d0de000 	c:\Users\marti\.vscode\extensions\redhat.java-1.46.0-win32-x64\jre\21.0.8-win32-x86_64\bin\VCRUNTIME140.dll
0x00007ffe7d0a0000 - 0x00007ffe7d0b8000 	c:\Users\marti\.vscode\extensions\redhat.java-1.46.0-win32-x64\jre\21.0.8-win32-x86_64\bin\jli.dll
0x00007ffe83b30000 - 0x00007ffe83cf5000 	C:\WINDOWS\System32\USER32.dll
0x00007ffe6cff0000 - 0x00007ffe6d283000 	C:\WINDOWS\WinSxS\amd64_microsoft.windows.common-controls_6595b64144ccf1df_6.0.26100.6899_none_3e0efeeae32e88c1\COMCTL32.dll
0x00007ffe82430000 - 0x00007ffe82457000 	C:\WINDOWS\System32\win32u.dll
0x00007ffe836c0000 - 0x00007ffe83769000 	C:\WINDOWS\System32\msvcrt.dll
0x00007ffe85230000 - 0x00007ffe8525b000 	C:\WINDOWS\System32\GDI32.dll
0x00007ffe82c50000 - 0x00007ffe82d7d000 	C:\WINDOWS\System32\gdi32full.dll
0x00007ffe825b0000 - 0x00007ffe82653000 	C:\WINDOWS\System32\msvcp_win.dll
0x00007ffe84220000 - 0x00007ffe8424f000 	C:\WINDOWS\System32\IMM32.DLL
0x00007ffe745f0000 - 0x00007ffe745fc000 	c:\Users\marti\.vscode\extensions\redhat.java-1.46.0-win32-x64\jre\21.0.8-win32-x86_64\bin\vcruntime140_1.dll
0x00007ffe22d10000 - 0x00007ffe22d9d000 	c:\Users\marti\.vscode\extensions\redhat.java-1.46.0-win32-x64\jre\21.0.8-win32-x86_64\bin\msvcp140.dll
0x00007ffddc130000 - 0x00007ffddcec7000 	c:\Users\marti\.vscode\extensions\redhat.java-1.46.0-win32-x64\jre\21.0.8-win32-x86_64\bin\server\jvm.dll
0x00007ffe83ec0000 - 0x00007ffe83f74000 	C:\WINDOWS\System32\ADVAPI32.dll
0x00007ffe83e10000 - 0x00007ffe83eb6000 	C:\WINDOWS\System32\sechost.dll
0x00007ffe84000000 - 0x00007ffe84118000 	C:\WINDOWS\System32\RPCRT4.dll
0x00007ffe83f80000 - 0x00007ffe83ff4000 	C:\WINDOWS\System32\WS2_32.dll
0x00007ffe82290000 - 0x00007ffe822ee000 	C:\WINDOWS\SYSTEM32\POWRPROF.dll
0x00007ffe7b2f0000 - 0x00007ffe7b2fb000 	C:\WINDOWS\SYSTEM32\VERSION.dll
0x00007ffe7b2b0000 - 0x00007ffe7b2e5000 	C:\WINDOWS\SYSTEM32\WINMM.dll
0x00007ffe82270000 - 0x00007ffe82284000 	C:\WINDOWS\SYSTEM32\UMPDC.dll
0x00007ffe811c0000 - 0x00007ffe811db000 	C:\WINDOWS\SYSTEM32\kernel.appcore.dll
0x00007ffe73510000 - 0x00007ffe7351a000 	c:\Users\marti\.vscode\extensions\redhat.java-1.46.0-win32-x64\jre\21.0.8-win32-x86_64\bin\jimage.dll
0x00007ffe7fc10000 - 0x00007ffe7fe52000 	C:\WINDOWS\SYSTEM32\DBGHELP.DLL
0x00007ffe84c30000 - 0x00007ffe84fab000 	C:\WINDOWS\System32\combase.dll
0x00007ffe85150000 - 0x00007ffe85227000 	C:\WINDOWS\System32\OLEAUT32.dll
0x00007ffe6d4b0000 - 0x00007ffe6d4ec000 	C:\WINDOWS\SYSTEM32\dbgcore.DLL
0x00007ffe82bb0000 - 0x00007ffe82c48000 	C:\WINDOWS\System32\bcryptPrimitives.dll
0x00007ffe65200000 - 0x00007ffe6520f000 	c:\Users\marti\.vscode\extensions\redhat.java-1.46.0-win32-x64\jre\21.0.8-win32-x86_64\bin\instrument.dll
0x00007ffe72280000 - 0x00007ffe7229f000 	c:\Users\marti\.vscode\extensions\redhat.java-1.46.0-win32-x64\jre\21.0.8-win32-x86_64\bin\java.dll
0x00007ffe844e0000 - 0x00007ffe84c2d000 	C:\WINDOWS\System32\SHELL32.dll
0x00007ffe82d80000 - 0x00007ffe82eeb000 	C:\WINDOWS\System32\wintypes.dll
0x00007ffe80040000 - 0x00007ffe8089d000 	C:\WINDOWS\SYSTEM32\windows.storage.dll
0x00007ffe83d10000 - 0x00007ffe83e02000 	C:\WINDOWS\System32\SHCORE.dll
0x00007ffe83070000 - 0x00007ffe830d2000 	C:\WINDOWS\System32\shlwapi.dll
0x00007ffe82350000 - 0x00007ffe82379000 	C:\WINDOWS\SYSTEM32\profapi.dll
0x00007ffe6efa0000 - 0x00007ffe6efb8000 	c:\Users\marti\.vscode\extensions\redhat.java-1.46.0-win32-x64\jre\21.0.8-win32-x86_64\bin\zip.dll
0x00007ffe72270000 - 0x00007ffe72280000 	C:\Users\marti\.vscode\extensions\redhat.java-1.46.0-win32-x64\jre\21.0.8-win32-x86_64\bin\net.dll
0x00007ffe7c8e0000 - 0x00007ffe7c9ff000 	C:\WINDOWS\SYSTEM32\WINHTTP.dll
0x00007ffe81710000 - 0x00007ffe8177b000 	C:\WINDOWS\system32\mswsock.dll
0x00007ffe683b0000 - 0x00007ffe683c6000 	C:\Users\marti\.vscode\extensions\redhat.java-1.46.0-win32-x64\jre\21.0.8-win32-x86_64\bin\nio.dll
0x00007ffe651c0000 - 0x00007ffe651d0000 	c:\Users\marti\.vscode\extensions\redhat.java-1.46.0-win32-x64\jre\21.0.8-win32-x86_64\bin\verify.dll
0x00007ffe1f1b0000 - 0x00007ffe1f1f4000 	C:\Users\marti\AppData\Roaming\Code\User\globalStorage\redhat.java\1.46.0\config_win\org.eclipse.equinox.launcher\org.eclipse.equinox.launcher.win32.win32.x86_64_1.2.1400.v20250801-0854\eclipse_11916.dll
0x00007ffe84fb0000 - 0x00007ffe85148000 	C:\WINDOWS\System32\ole32.dll
0x00007ffe81af0000 - 0x00007ffe81b0b000 	C:\WINDOWS\SYSTEM32\CRYPTSP.dll
0x00007ffe81120000 - 0x00007ffe8115b000 	C:\WINDOWS\system32\rsaenh.dll
0x00007ffe817b0000 - 0x00007ffe817db000 	C:\WINDOWS\SYSTEM32\USERENV.dll
0x00007ffe82320000 - 0x00007ffe82346000 	C:\WINDOWS\SYSTEM32\bcrypt.dll
0x00007ffe81950000 - 0x00007ffe8195c000 	C:\WINDOWS\SYSTEM32\CRYPTBASE.dll
0x00007ffe80c70000 - 0x00007ffe80ca4000 	C:\WINDOWS\SYSTEM32\IPHLPAPI.DLL
0x00007ffe844d0000 - 0x00007ffe844da000 	C:\WINDOWS\System32\NSI.dll
0x00007ffe1f030000 - 0x00007ffe1f079000 	C:\Users\marti\AppData\Local\Temp\jna-103666771\jna2671875381800513660.dll
0x00007ffe837e0000 - 0x00007ffe837e8000 	C:\WINDOWS\System32\PSAPI.DLL
0x00007ffe7cc00000 - 0x00007ffe7cc1e000 	C:\WINDOWS\SYSTEM32\dhcpcsvc6.DLL
0x00007ffe7cbd0000 - 0x00007ffe7cbf3000 	C:\WINDOWS\SYSTEM32\dhcpcsvc.DLL
0x00007ffe6f3d0000 - 0x00007ffe6f3de000 	C:\Users\marti\.vscode\extensions\redhat.java-1.46.0-win32-x64\jre\21.0.8-win32-x86_64\bin\sunmscapi.dll
0x00007ffe82ef0000 - 0x00007ffe83067000 	C:\WINDOWS\System32\CRYPT32.dll
0x00007ffe81c40000 - 0x00007ffe81c70000 	C:\WINDOWS\SYSTEM32\ncrypt.dll
0x00007ffe81bf0000 - 0x00007ffe81c2f000 	C:\WINDOWS\SYSTEM32\NTASN1.dll
0x00007ffe80cb0000 - 0x00007ffe80dd6000 	C:\WINDOWS\SYSTEM32\DNSAPI.dll
0x00007ffe78c60000 - 0x00007ffe78c6b000 	C:\Windows\System32\rasadhlp.dll
0x00007ffe7cda0000 - 0x00007ffe7ce26000 	C:\WINDOWS\System32\fwpuclnt.dll
0x00007ffe695c0000 - 0x00007ffe695c9000 	C:\Users\marti\.vscode\extensions\redhat.java-1.46.0-win32-x64\jre\21.0.8-win32-x86_64\bin\extnet.dll

JVMTI agents:
c:\Users\marti\.vscode\extensions\redhat.java-1.46.0-win32-x64\lombok\lombok-1.18.39-4050.jar path:c:\Users\marti\.vscode\extensions\redhat.java-1.46.0-win32-x64\jre\21.0.8-win32-x86_64\bin\instrument.dll, loaded, initialized, instrumentlib options:none

dbghelp: loaded successfully - version: 4.0.5 - missing functions: none
symbol engine: initialized successfully - sym options: 0x614 - pdb path: .;c:\Users\marti\.vscode\extensions\redhat.java-1.46.0-win32-x64\jre\21.0.8-win32-x86_64\bin;C:\WINDOWS\SYSTEM32;C:\WINDOWS\WinSxS\amd64_microsoft.windows.common-controls_6595b64144ccf1df_6.0.26100.6899_none_3e0efeeae32e88c1;c:\Users\marti\.vscode\extensions\redhat.java-1.46.0-win32-x64\jre\21.0.8-win32-x86_64\bin\server;C:\Users\marti\AppData\Roaming\Code\User\globalStorage\redhat.java\1.46.0\config_win\org.eclipse.equinox.launcher\org.eclipse.equinox.launcher.win32.win32.x86_64_1.2.1400.v20250801-0854;C:\Users\marti\AppData\Local\Temp\jna-103666771

VM Arguments:
jvm_args: --add-modules=ALL-SYSTEM --add-opens=java.base/java.util=ALL-UNNAMED --add-opens=java.base/java.lang=ALL-UNNAMED --add-opens=java.base/sun.nio.fs=ALL-UNNAMED -Declipse.application=org.eclipse.jdt.ls.core.id1 -Dosgi.bundles.defaultStartLevel=4 -Declipse.product=org.eclipse.jdt.ls.core.product -Djava.import.generatesMetadataFilesAtProjectRoot=false -DDetectVMInstallationsJob.disabled=true -Dfile.encoding=utf8 -XX:+UseParallelGC -XX:GCTimeRatio=4 -XX:AdaptiveSizePolicyWeight=90 -Dsun.zip.disableMemoryMapping=true -Xmx2G -Xms100m -Xlog:disable -javaagent:c:\Users\marti\.vscode\extensions\redhat.java-1.46.0-win32-x64\lombok\lombok-1.18.39-4050.jar -XX:+HeapDumpOnOutOfMemoryError -XX:HeapDumpPath=c:\Users\marti\AppData\Roaming\Code\User\workspaceStorage\5fc508f05e11a2d9cf46120c3f9a7b73\redhat.java -Daether.dependencyCollector.impl=bf 
java_command: c:\Users\marti\.vscode\extensions\redhat.java-1.46.0-win32-x64\server\plugins\org.eclipse.equinox.launcher_1.7.0.v20250519-0528.jar -configuration c:\Users\marti\AppData\Roaming\Code\User\globalStorage\redhat.java\1.46.0\config_win -data c:\Users\marti\AppData\Roaming\Code\User\workspaceStorage\5fc508f05e11a2d9cf46120c3f9a7b73\redhat.java\jdt_ws --pipe=\\.\pipe\lsp-2b0e068bce0a12a0517ae1e15a8b737e-sock
java_class_path (initial): c:\Users\marti\.vscode\extensions\redhat.java-1.46.0-win32-x64\server\plugins\org.eclipse.equinox.launcher_1.7.0.v20250519-0528.jar
Launcher Type: SUN_STANDARD

[Global flags]
    uintx AdaptiveSizePolicyWeight                 = 90                                        {product} {command line}
     intx CICompilerCount                          = 12                                        {product} {ergonomic}
    uintx GCTimeRatio                              = 4                                         {product} {command line}
     bool HeapDumpOnOutOfMemoryError               = true                                   {manageable} {command line}
    ccstr HeapDumpPath                             = c:\Users\marti\AppData\Roaming\Code\User\workspaceStorage\5fc508f05e11a2d9cf46120c3f9a7b73\redhat.java         {manageable} {command line}
   size_t InitialHeapSize                          = 104857600                                 {product} {command line}
   size_t MaxHeapSize                              = 2147483648                                {product} {command line}
   size_t MaxNewSize                               = 715653120                                 {product} {ergonomic}
   size_t MinHeapDeltaBytes                        = 524288                                    {product} {ergonomic}
   size_t MinHeapSize                              = 104857600                                 {product} {command line}
   size_t NewSize                                  = 34603008                                  {product} {ergonomic}
    uintx NonNMethodCodeHeapSize                   = 7602480                                {pd product} {ergonomic}
    uintx NonProfiledCodeHeapSize                  = 122027880                              {pd product} {ergonomic}
   size_t OldSize                                  = 70254592                                  {product} {ergonomic}
    uintx ProfiledCodeHeapSize                     = 122027880                              {pd product} {ergonomic}
    uintx ReservedCodeCacheSize                    = 251658240                              {pd product} {ergonomic}
     bool SegmentedCodeCache                       = true                                      {product} {ergonomic}
   size_t SoftMaxHeapSize                          = 2147483648                             {manageable} {ergonomic}
     bool UseCompressedOops                        = true                           {product lp64_product} {ergonomic}
     bool UseLargePagesIndividualAllocation        = false                                  {pd product} {ergonomic}
     bool UseParallelGC                            = true                                      {product} {command line}

Logging:
Log output configuration:
 #0: stdout all=off uptime,level,tags foldmultilines=false
 #1: stderr all=off uptime,level,tags foldmultilines=false

Environment Variables:
PATH=C:\Program Files\Common Files\Oracle\Java\javapath;C:\WINDOWS\system32;C:\WINDOWS;C:\WINDOWS\System32\Wbem;C:\WINDOWS\System32\WindowsPowerShell\v1.0\;C:\WINDOWS\System32\OpenSSH\;C:\Program Files\Git\cmd;C:\Program Files\Microsoft SQL Server\150\Tools\Binn\;C:\Program Files\nodejs\;C:\wamp64\bin\php\php8.4.13;C:\ProgramData\ComposerSetup\bin;C:\Program Files\Cloudflare\Cloudflare WARP\;C:\Program Files\Microsoft SQL Server\Client SDK\ODBC\170\Tools\Binn\;C:\Program Files\dotnet\;C:\Users\marti\AppData\Local\Programs\Python\Python313\Scripts\;C:\Users\marti\AppData\Local\Programs\Python\Python313\;C:\Users\marti\AppData\Local\Programs\Python\Launcher\;C:\Users\marti\AppData\Local\Microsoft\WindowsApps;C:\Users\marti\AppData\Local\Programs\Microsoft VS Code\bin;C:\msys64\ucrt64\bin;C:\Program Files\JetBrains\CLion 2024.3\bin;C:\Users\marti\AppData\Local\GitHubDesktop\bin;C:\Users\marti\.dotnet\tools;C:\Users\marti\AppData\Roaming\npm;C:\Users\marti\AppData\Local\Microsoft\WinGet\Links;C:\Users\marti\AppData\Roaming\Composer\vendor\bin;C:\Users\marti\AppData\Local\gitkraken\bin;C:\Users\marti\.dotnet\tools;
USERNAME=marti
OS=Windows_NT
PROCESSOR_IDENTIFIER=AMD64 Family 25 Model 80 Stepping 0, AuthenticAMD
TMP=C:\Users\marti\AppData\Local\Temp
TEMP=C:\Users\marti\AppData\Local\Temp




Periodic native trim disabled

---------------  S Y S T E M  ---------------

OS:
 Windows 11 , 64 bit Build 26100 (10.0.26100.6725)
OS uptime: 0 days 1:34 hours
Hyper-V role detected

CPU: total 16 (initial active 16) (16 cores per cpu, 2 threads per core) family 25 model 80 stepping 0 microcode 0xa500011, cx8, cmov, fxsr, ht, mmx, 3dnowpref, sse, sse2, sse3, ssse3, sse4a, sse4.1, sse4.2, popcnt, lzcnt, tsc, tscinvbit, avx, avx2, aes, erms, clmul, bmi1, bmi2, adx, sha, fma, vzeroupper, clflush, clflushopt, hv, rdtscp, rdpid, fsrm, f16c, cet_ss
Processor Information for the first 16 processors :
  Max Mhz: 2000, Current Mhz: 2000, Mhz Limit: 2000

Memory: 4k page, system-wide physical 15772M (6192M free)
TotalPageFile size 15772M (AvailPageFile size 83M)
current process WorkingSet (physical memory assigned to process): 259M, peak: 261M
current process commit charge ("private bytes"): 395M, peak: 398M

vm_info: OpenJDK 64-Bit Server VM (21.0.8+9-LTS) for windows-amd64 JRE (21.0.8+9-LTS), built on 2025-07-15T00:00:00Z by "admin" with MS VC++ 17.7 (VS2022)

END.
